#
# There is insufficient memory for the Java Runtime Environment to continue.
# Native memory allocation (malloc) failed to allocate 1788656 bytes for Chunk::new
# Possible reasons:
#   The system is out of physical RAM or swap space
#   The process is running with CompressedOops enabled, and the Java Heap may be blocking the growth of the native heap
# Possible solutions:
#   Reduce memory load on the system
#   Increase physical memory or swap space
#   Check if swap backing store is full
#   Decrease Java heap size (-Xmx/-Xms)
#   Decrease number of Java threads
#   Decrease Java thread stack sizes (-Xss)
#   Set larger code cache with -XX:ReservedCodeCacheSize=
#   JVM is running with Unscaled Compressed Oops mode in which the Java heap is
#     placed in the first 4GB address space. The Java Heap base address is the
#     maximum limit for the native heap growth. Please use -XX:HeapBaseMinAddress
#     to set the Java Heap base and to place the Java Heap above 4GB virtual address.
# This output file may be truncated or incomplete.
#
#  Out of Memory Error (t:/workspace/open/src/hotspot/share/memory/arena.cpp:197), pid=5080, tid=9468
#
# JRE version: Java(TM) SE Runtime Environment (11.0.5+10) (build 11.0.5+10-LTS)
# Java VM: Java HotSpot(TM) 64-Bit Server VM (11.0.5+10-LTS, mixed mode, tiered, compressed oops, g1 gc, windows-amd64)
# No core dump will be written. Minidumps are not enabled by default on client versions of Windows
#

---------------  S U M M A R Y ------------

Command Line: --add-opens=java.base/java.util=ALL-UNNAMED --add-opens=java.base/java.lang=ALL-UNNAMED --add-opens=java.base/java.lang.invoke=ALL-UNNAMED --add-opens=java.prefs/java.util.prefs=ALL-UNNAMED -Xmx1536M -Dfile.encoding=GBK -Duser.country=CN -Duser.language=zh -Duser.variant org.gradle.launcher.daemon.bootstrap.GradleDaemon 5.6.4

Host: Intel(R) Xeon(R) CPU E5-2640 0 @ 2.50GHz, 12 cores, 7G,  Windows 10 , 64 bit Build 19041 (10.0.19041.207)
Time: Thu Jun 17 21:07:49 2021 中国标准时间 elapsed time: 8 seconds (0d 0h 0m 8s)

---------------  T H R E A D  ---------------

Current thread (0x000002474b07c000):  JavaThread "C2 CompilerThread0" daemon [_thread_in_native, id=9468, stack(0x000000d566700000,0x000000d566800000)]


Current CompileTask:
C2:   8858 6146 %     4       org.gradle.internal.instantiation.AbstractClassGenerator::inspectType @ 107 (559 bytes)

Stack: [0x000000d566700000,0x000000d566800000]
Native frames: (J=compiled Java code, j=interpreted, Vv=VM code, C=native code)
V  [jvm.dll+0x63611a]
V  [jvm.dll+0x77426f]
V  [jvm.dll+0x77591a]
V  [jvm.dll+0x775fd3]
V  [jvm.dll+0x25e608]
V  [jvm.dll+0xc1f31]
V  [jvm.dll+0xc24bc]
V  [jvm.dll+0x36dae2]
V  [jvm.dll+0x33ab93]
V  [jvm.dll+0x339f6a]
V  [jvm.dll+0x218485]
V  [jvm.dll+0x21762a]
V  [jvm.dll+0x1941bc]
V  [jvm.dll+0x226684]
V  [jvm.dll+0x224c78]
V  [jvm.dll+0x7396cd]
V  [jvm.dll+0x6351c2]
C  [ucrtbase.dll+0x21542]
C  [KERNEL32.DLL+0x16fd4]
C  [ntdll.dll+0x4cec1]


---------------  P R O C E S S  ---------------

Threads class SMR info:
_java_thread_list=0x000002474d421c30, length=49, elements={
0x000002472b261800, 0x000002474b048000, 0x000002474b051000, 0x000002474b933000,
0x000002474b077000, 0x000002474b07c000, 0x000002474b087000, 0x000002474b08b800,
0x000002474ba9b800, 0x000002474baa4800, 0x000002474dc7a000, 0x000002474d24b000,
0x000002474ce49000, 0x000002474d5a9000, 0x000002474e224800, 0x000002474d426000,
0x000002474d41f000, 0x000002474e09c800, 0x000002474cfec000, 0x000002474ce23000,
0x000002474dc6b000, 0x000002474dc69000, 0x000002474dc67000, 0x000002474dc6b800,
0x000002474dc66000, 0x000002474dc6c800, 0x000002474dc67800, 0x000002474e43c800,
0x000002474e679000, 0x000002474e67e000, 0x000002474e686000, 0x000002474e680800,
0x000002474e687000, 0x0000024750a16800, 0x0000024750a19000, 0x0000024750a17800,
0x0000024750a18800, 0x0000024750a13800, 0x0000024750a14000, 0x0000024750a1a000,
0x0000024750a1a800, 0x0000024750a16000, 0x0000024750a15000, 0x0000024750940000,
0x0000024750a1b800, 0x0000024750a1c800, 0x0000024750a1e000, 0x0000024750a1f800,
0x0000024750a1f000
}

Java Threads: ( => current thread )
  0x000002472b261800 JavaThread "main" [_thread_blocked, id=4848, stack(0x000000d565c00000,0x000000d565d00000)]
  0x000002474b048000 JavaThread "Reference Handler" daemon [_thread_blocked, id=4488, stack(0x000000d566300000,0x000000d566400000)]
  0x000002474b051000 JavaThread "Finalizer" daemon [_thread_blocked, id=13012, stack(0x000000d566400000,0x000000d566500000)]
  0x000002474b933000 JavaThread "Signal Dispatcher" daemon [_thread_blocked, id=9212, stack(0x000000d566500000,0x000000d566600000)]
  0x000002474b077000 JavaThread "Attach Listener" daemon [_thread_blocked, id=12952, stack(0x000000d566600000,0x000000d566700000)]
=>0x000002474b07c000 JavaThread "C2 CompilerThread0" daemon [_thread_in_native, id=9468, stack(0x000000d566700000,0x000000d566800000)]
  0x000002474b087000 JavaThread "C1 CompilerThread0" daemon [_thread_blocked, id=6844, stack(0x000000d566800000,0x000000d566900000)]
  0x000002474b08b800 JavaThread "Sweeper thread" daemon [_thread_blocked, id=3756, stack(0x000000d566900000,0x000000d566a00000)]
  0x000002474ba9b800 JavaThread "Common-Cleaner" daemon [_thread_blocked, id=6624, stack(0x000000d566a00000,0x000000d566b00000)]
  0x000002474baa4800 JavaThread "Service Thread" daemon [_thread_blocked, id=12380, stack(0x000000d566b00000,0x000000d566c00000)]
  0x000002474dc7a000 JavaThread "Daemon health stats" [_thread_blocked, id=8748, stack(0x000000d567100000,0x000000d567200000)]
  0x000002474d24b000 JavaThread "Incoming local TCP Connector on port 63083" [_thread_in_native, id=9320, stack(0x000000d567000000,0x000000d567100000)]
  0x000002474ce49000 JavaThread "Daemon periodic checks" [_thread_blocked, id=1552, stack(0x000000d567200000,0x000000d567300000)]
  0x000002474d5a9000 JavaThread "Daemon" [_thread_blocked, id=11484, stack(0x000000d567300000,0x000000d567400000)]
  0x000002474e224800 JavaThread "Handler for socket connection from /127.0.0.1:63083 to /127.0.0.1:63084" [_thread_in_native, id=10648, stack(0x000000d567400000,0x000000d567500000)]
  0x000002474d426000 JavaThread "Cancel handler" [_thread_blocked, id=10884, stack(0x000000d567500000,0x000000d567600000)]
  0x000002474d41f000 JavaThread "Daemon worker" [_thread_in_Java, id=4212, stack(0x000000d567600000,0x000000d567700000)]
  0x000002474e09c800 JavaThread "Asynchronous log dispatcher for DefaultDaemonConnection: socket connection from /127.0.0.1:63083 to /127.0.0.1:63084" [_thread_blocked, id=5736, stack(0x000000d567700000,0x000000d567800000)]
  0x000002474cfec000 JavaThread "Stdin handler" [_thread_blocked, id=6032, stack(0x000000d567800000,0x000000d567900000)]
  0x000002474ce23000 JavaThread "Thread-8" [_thread_blocked, id=10420, stack(0x000000d567900000,0x000000d567a00000)]
  0x000002474dc6b000 JavaThread "Cache worker for file hash cache (D:\gradleConfig\caches\5.6.4\fileHashes)" [_thread_blocked, id=9972, stack(0x000000d567a00000,0x000000d567b00000)]
  0x000002474dc69000 JavaThread "File lock request listener" [_thread_in_native, id=4616, stack(0x000000d567b00000,0x000000d567c00000)]
  0x000002474dc67000 JavaThread "Cache worker for journal cache (D:\gradleConfig\caches\journal-1)" [_thread_blocked, id=8160, stack(0x000000d567c00000,0x000000d567d00000)]
  0x000002474dc6b800 JavaThread "Cache worker for file hash cache (E:\work\code\spring-framework\.gradle\5.6.4\fileHashes)" [_thread_blocked, id=12620, stack(0x000000d568600000,0x000000d568700000)]
  0x000002474dc66000 JavaThread "Cache worker for cache directory md-supplier (D:\gradleConfig\caches\5.6.4\md-supplier)" [_thread_blocked, id=12784, stack(0x000000d566d00000,0x000000d566e00000)]
  0x000002474dc6c800 JavaThread "Cache worker for cache directory md-rule (D:\gradleConfig\caches\5.6.4\md-rule)" [_thread_blocked, id=12916, stack(0x000000d568700000,0x000000d568800000)]
  0x000002474dc67800 JavaThread "Cache worker for execution history cache (D:\gradleConfig\caches\5.6.4\executionHistory)" [_thread_blocked, id=12044, stack(0x000000d568800000,0x000000d568900000)]
  0x000002474e43c800 JavaThread "C2 CompilerThread1" daemon [_thread_in_native, id=4940, stack(0x000000d568900000,0x000000d568a00000)]
  0x000002474e679000 JavaThread "Memory manager" [_thread_blocked, id=12836, stack(0x000000d568c00000,0x000000d568d00000)]
  0x000002474e67e000 JavaThread "Cache worker for file content cache (D:\gradleConfig\caches\5.6.4\fileContent)" [_thread_blocked, id=3892, stack(0x000000d568d00000,0x000000d568e00000)]
  0x000002474e686000 JavaThread "Build operations" [_thread_blocked, id=9800, stack(0x000000d569b00000,0x000000d569c00000)]
  0x000002474e680800 JavaThread "Build operations Thread 2" [_thread_blocked, id=12372, stack(0x000000d569c00000,0x000000d569d00000)]
  0x000002474e687000 JavaThread "Build operations Thread 3" [_thread_blocked, id=1004, stack(0x000000d569d00000,0x000000d569e00000)]
  0x0000024750a16800 JavaThread "Build operations Thread 4" [_thread_blocked, id=9328, stack(0x000000d569e00000,0x000000d569f00000)]
  0x0000024750a19000 JavaThread "Build operations Thread 5" [_thread_blocked, id=8448, stack(0x000000d569f00000,0x000000d56a000000)]
  0x0000024750a17800 JavaThread "Build operations Thread 6" [_thread_blocked, id=12852, stack(0x000000d56a000000,0x000000d56a100000)]
  0x0000024750a18800 JavaThread "Build operations Thread 7" [_thread_blocked, id=1100, stack(0x000000d56a100000,0x000000d56a200000)]
  0x0000024750a13800 JavaThread "Build operations Thread 8" [_thread_blocked, id=3052, stack(0x000000d56a200000,0x000000d56a300000)]
  0x0000024750a14000 JavaThread "Build operations Thread 9" [_thread_blocked, id=2040, stack(0x000000d56a300000,0x000000d56a400000)]
  0x0000024750a1a000 JavaThread "Build operations Thread 10" [_thread_blocked, id=3092, stack(0x000000d56a400000,0x000000d56a500000)]
  0x0000024750a1a800 JavaThread "Build operations Thread 11" [_thread_blocked, id=10896, stack(0x000000d56a500000,0x000000d56a600000)]
  0x0000024750a16000 JavaThread "Build operations Thread 12" [_thread_blocked, id=12776, stack(0x000000d568b00000,0x000000d568c00000)]
  0x0000024750a15000 JavaThread "Cache worker for Build Output Cleanup Cache (E:\work\code\spring-framework\.gradle\buildOutputCleanup)" [_thread_blocked, id=6288, stack(0x000000d568a00000,0x000000d568b00000)]
  0x0000024750940000 JavaThread "C2 CompilerThread2" daemon [_thread_in_native, id=10480, stack(0x000000d568e00000,0x000000d568f00000)]
  0x0000024750a1b800 JavaThread "gradle-enterprise-worker-0" [_thread_in_vm, id=6188, stack(0x000000d569000000,0x000000d569100000)]
  0x0000024750a1c800 JavaThread "gradle-enterprise-background-0" daemon [_thread_blocked, id=10852, stack(0x000000d568f00000,0x000000d569000000)]
  0x0000024750a1e000 JavaThread "Exec process" daemon [_thread_blocked, id=11932, stack(0x000000d569100000,0x000000d569200000)]
  0x0000024750a1f800 JavaThread "Exec process Thread 2" daemon [_thread_blocked, id=9844, stack(0x000000d569200000,0x000000d569300000)]
  0x0000024750a1f000 JavaThread "Exec process Thread 3" daemon [_thread_blocked, id=4404, stack(0x000000d569300000,0x000000d569400000)]

Other Threads:
  0x000002474b025800 VMThread "VM Thread" [stack: 0x000000d566200000,0x000000d566300000] [id=12496]
  0x000002474bacf000 WatcherThread [stack: 0x000000d566c00000,0x000000d566d00000] [id=9756]
  0x000002472b27a000 GCTaskThread "GC Thread#0" [stack: 0x000000d565d00000,0x000000d565e00000] [id=11224]
  0x000002474c904000 GCTaskThread "GC Thread#1" [stack: 0x000000d566e00000,0x000000d566f00000] [id=7772]
  0x000002474ca31800 GCTaskThread "GC Thread#2" [stack: 0x000000d566f00000,0x000000d567000000] [id=1964]
  0x000002474d4a1000 GCTaskThread "GC Thread#3" [stack: 0x000000d567d00000,0x000000d567e00000] [id=12788]
  0x000002474da05800 GCTaskThread "GC Thread#4" [stack: 0x000000d567e00000,0x000000d567f00000] [id=2268]
  0x000002474dd8c000 GCTaskThread "GC Thread#5" [stack: 0x000000d567f00000,0x000000d568000000] [id=10680]
  0x000002474cbbd000 GCTaskThread "GC Thread#6" [stack: 0x000000d568000000,0x000000d568100000] [id=8800]
  0x000002474d374000 GCTaskThread "GC Thread#7" [stack: 0x000000d568100000,0x000000d568200000] [id=9460]
  0x000002474d33c000 GCTaskThread "GC Thread#8" [stack: 0x000000d568200000,0x000000d568300000] [id=6332]
  0x000002474ca20000 GCTaskThread "GC Thread#9" [stack: 0x000000d568300000,0x000000d568400000] [id=4700]
  0x000002472b2a2000 ConcurrentGCThread "G1 Main Marker" [stack: 0x000000d565e00000,0x000000d565f00000] [id=10640]
  0x000002472b2a4000 ConcurrentGCThread "G1 Conc#0" [stack: 0x000000d565f00000,0x000000d566000000] [id=6700]
  0x000002474d126800 ConcurrentGCThread "G1 Conc#1" [stack: 0x000000d568400000,0x000000d568500000] [id=7928]
  0x000002474d394000 ConcurrentGCThread "G1 Conc#2" [stack: 0x000000d568500000,0x000000d568600000] [id=12212]
  0x000002474aea0800 ConcurrentGCThread "G1 Refine#0" [stack: 0x000000d566000000,0x000000d566100000] [id=10444]
  0x000002474aea1000 ConcurrentGCThread "G1 Young RemSet Sampling" [stack: 0x000000d566100000,0x000000d566200000] [id=4568]

Threads with active compile tasks:
C2 CompilerThread06146 %     4       org.gradle.internal.instantiation.AbstractClassGenerator::inspectType @ 107 (559 bytes)
C2 CompilerThread16413       4       groovy.lang.MetaClassImpl::inheritInterfaceNewMetaMethods (199 bytes)
C2 CompilerThread26546       4       org.codehaus.groovy.runtime.MetaClassHelper::getMaximumInterfaceDistance (101 bytes)

VM state:not at safepoint (normal execution)

VM Mutex/Monitor currently owned by a thread: None

Heap address: 0x00000000a0000000, size: 1536 MB, Compressed Oops mode: 32-bit
Narrow klass base: 0x0000000000000000, Narrow klass shift: 3
Compressed class space size: 1073741824 Address: 0x0000000100000000

Heap:
 garbage-first heap   total 157696K, used 97494K [0x00000000a0000000, 0x0000000100000000)
  region size 1024K, 36 young (36864K), 3 survivors (3072K)
 Metaspace       used 59786K, capacity 61770K, committed 62080K, reserved 1103872K
  class space    used 7899K, capacity 8514K, committed 8576K, reserved 1048576K
Heap Regions: E=young(eden), S=young(survivor), O=old, HS=humongous(starts), HC=humongous(continues), CS=collection set, F=free, A=archive, TAMS=top-at-mark-start (previous, next)
|   0|0x00000000a0000000, 0x00000000a0100000, 0x00000000a0100000|100%| O|  |TAMS 0x00000000a0100000, 0x00000000a0000000| Untracked 
|   1|0x00000000a0100000, 0x00000000a0200000, 0x00000000a0200000|100%| O|  |TAMS 0x00000000a0200000, 0x00000000a0100000| Untracked 
|   2|0x00000000a0200000, 0x00000000a0300000, 0x00000000a0300000|100%| O|  |TAMS 0x00000000a0300000, 0x00000000a0200000| Untracked 
|   3|0x00000000a0300000, 0x00000000a0400000, 0x00000000a0400000|100%|HS|  |TAMS 0x00000000a0400000, 0x00000000a0300000| Complete 
|   4|0x00000000a0400000, 0x00000000a0500000, 0x00000000a0500000|100%|HC|  |TAMS 0x00000000a0500000, 0x00000000a0400000| Complete 
|   5|0x00000000a0500000, 0x00000000a0600000, 0x00000000a0600000|100%|HC|  |TAMS 0x00000000a0600000, 0x00000000a0500000| Complete 
|   6|0x00000000a0600000, 0x00000000a0700000, 0x00000000a0700000|100%| O|  |TAMS 0x00000000a0700000, 0x00000000a0600000| Untracked 
|   7|0x00000000a0700000, 0x00000000a0800000, 0x00000000a0800000|100%| O|  |TAMS 0x00000000a0800000, 0x00000000a0700000| Untracked 
|   8|0x00000000a0800000, 0x00000000a0900000, 0x00000000a0900000|100%| O|  |TAMS 0x00000000a0900000, 0x00000000a0800000| Untracked 
|   9|0x00000000a0900000, 0x00000000a0a00000, 0x00000000a0a00000|100%| O|  |TAMS 0x00000000a0a00000, 0x00000000a0900000| Untracked 
|  10|0x00000000a0a00000, 0x00000000a0b00000, 0x00000000a0b00000|100%| O|  |TAMS 0x00000000a0b00000, 0x00000000a0a00000| Untracked 
|  11|0x00000000a0b00000, 0x00000000a0c00000, 0x00000000a0c00000|100%| O|  |TAMS 0x00000000a0c00000, 0x00000000a0b00000| Untracked 
|  12|0x00000000a0c00000, 0x00000000a0d00000, 0x00000000a0d00000|100%| O|  |TAMS 0x00000000a0d00000, 0x00000000a0c00000| Untracked 
|  13|0x00000000a0d00000, 0x00000000a0e00000, 0x00000000a0e00000|100%| O|  |TAMS 0x00000000a0e00000, 0x00000000a0d00000| Untracked 
|  14|0x00000000a0e00000, 0x00000000a0f00000, 0x00000000a0f00000|100%| O|  |TAMS 0x00000000a0f00000, 0x00000000a0e00000| Untracked 
|  15|0x00000000a0f00000, 0x00000000a1000000, 0x00000000a1000000|100%| O|  |TAMS 0x00000000a1000000, 0x00000000a0f00000| Untracked 
|  16|0x00000000a1000000, 0x00000000a1100000, 0x00000000a1100000|100%|HS|  |TAMS 0x00000000a1100000, 0x00000000a1000000| Complete 
|  17|0x00000000a1100000, 0x00000000a1200000, 0x00000000a1200000|100%|HC|  |TAMS 0x00000000a1200000, 0x00000000a1100000| Complete 
|  18|0x00000000a1200000, 0x00000000a1300000, 0x00000000a1300000|100%|HS|  |TAMS 0x00000000a1300000, 0x00000000a1200000| Complete 
|  19|0x00000000a1300000, 0x00000000a1400000, 0x00000000a1400000|100%|HC|  |TAMS 0x00000000a1400000, 0x00000000a1300000| Complete 
|  20|0x00000000a1400000, 0x00000000a1500000, 0x00000000a1500000|100%|HC|  |TAMS 0x00000000a1500000, 0x00000000a1400000| Complete 
|  21|0x00000000a1500000, 0x00000000a1600000, 0x00000000a1600000|100%|HS|  |TAMS 0x00000000a1600000, 0x00000000a1500000| Complete 
|  22|0x00000000a1600000, 0x00000000a1700000, 0x00000000a1700000|100%|HC|  |TAMS 0x00000000a1700000, 0x00000000a1600000| Complete 
|  23|0x00000000a1700000, 0x00000000a1800000, 0x00000000a1800000|100%|HC|  |TAMS 0x00000000a1800000, 0x00000000a1700000| Complete 
|  24|0x00000000a1800000, 0x00000000a1900000, 0x00000000a1900000|100%|HC|  |TAMS 0x00000000a1900000, 0x00000000a1800000| Complete 
|  25|0x00000000a1900000, 0x00000000a1a00000, 0x00000000a1a00000|100%|HS|  |TAMS 0x00000000a1a00000, 0x00000000a1900000| Complete 
|  26|0x00000000a1a00000, 0x00000000a1b00000, 0x00000000a1b00000|100%|HC|  |TAMS 0x00000000a1b00000, 0x00000000a1a00000| Complete 
|  27|0x00000000a1b00000, 0x00000000a1c00000, 0x00000000a1c00000|100%| O|  |TAMS 0x00000000a1c00000, 0x00000000a1b00000| Untracked 
|  28|0x00000000a1c00000, 0x00000000a1d00000, 0x00000000a1d00000|100%| O|  |TAMS 0x00000000a1d00000, 0x00000000a1c00000| Untracked 
|  29|0x00000000a1d00000, 0x00000000a1e00000, 0x00000000a1e00000|100%| O|  |TAMS 0x00000000a1e00000, 0x00000000a1d00000| Untracked 
|  30|0x00000000a1e00000, 0x00000000a1f00000, 0x00000000a1f00000|100%| O|  |TAMS 0x00000000a1f00000, 0x00000000a1e00000| Untracked 
|  31|0x00000000a1f00000, 0x00000000a2000000, 0x00000000a2000000|100%| O|  |TAMS 0x00000000a2000000, 0x00000000a1f00000| Untracked 
|  32|0x00000000a2000000, 0x00000000a2100000, 0x00000000a2100000|100%| O|  |TAMS 0x00000000a2100000, 0x00000000a2000000| Untracked 
|  33|0x00000000a2100000, 0x00000000a2200000, 0x00000000a2200000|100%| O|  |TAMS 0x00000000a2200000, 0x00000000a2100000| Untracked 
|  34|0x00000000a2200000, 0x00000000a2300000, 0x00000000a2300000|100%| O|  |TAMS 0x00000000a2300000, 0x00000000a2200000| Untracked 
|  35|0x00000000a2300000, 0x00000000a2400000, 0x00000000a2400000|100%| O|  |TAMS 0x00000000a2400000, 0x00000000a2300000| Untracked 
|  36|0x00000000a2400000, 0x00000000a2500000, 0x00000000a2500000|100%| O|  |TAMS 0x00000000a2500000, 0x00000000a2400000| Untracked 
|  37|0x00000000a2500000, 0x00000000a2600000, 0x00000000a2600000|100%| O|  |TAMS 0x00000000a2600000, 0x00000000a2500000| Untracked 
|  38|0x00000000a2600000, 0x00000000a2700000, 0x00000000a2700000|100%| O|  |TAMS 0x00000000a2700000, 0x00000000a2600000| Untracked 
|  39|0x00000000a2700000, 0x00000000a2800000, 0x00000000a2800000|100%| O|  |TAMS 0x00000000a2800000, 0x00000000a2700000| Untracked 
|  40|0x00000000a2800000, 0x00000000a2900000, 0x00000000a2900000|100%| O|  |TAMS 0x00000000a2900000, 0x00000000a2800000| Untracked 
|  41|0x00000000a2900000, 0x00000000a2a00000, 0x00000000a2a00000|100%|HS|  |TAMS 0x00000000a2a00000, 0x00000000a2900000| Complete 
|  42|0x00000000a2a00000, 0x00000000a2b00000, 0x00000000a2b00000|100%|HC|  |TAMS 0x00000000a2b00000, 0x00000000a2a00000| Complete 
|  43|0x00000000a2b00000, 0x00000000a2c00000, 0x00000000a2c00000|100%|HC|  |TAMS 0x00000000a2c00000, 0x00000000a2b00000| Complete 
|  44|0x00000000a2c00000, 0x00000000a2d00000, 0x00000000a2d00000|100%| O|  |TAMS 0x00000000a2d00000, 0x00000000a2c00000| Untracked 
|  45|0x00000000a2d00000, 0x00000000a2e00000, 0x00000000a2e00000|100%| O|  |TAMS 0x00000000a2e00000, 0x00000000a2d00000| Untracked 
|  46|0x00000000a2e00000, 0x00000000a2f00000, 0x00000000a2f00000|100%| O|  |TAMS 0x00000000a2f00000, 0x00000000a2e00000| Untracked 
|  47|0x00000000a2f00000, 0x00000000a3000000, 0x00000000a3000000|100%| O|  |TAMS 0x00000000a3000000, 0x00000000a2f00000| Untracked 
|  48|0x00000000a3000000, 0x00000000a3100000, 0x00000000a3100000|100%| O|  |TAMS 0x00000000a3100000, 0x00000000a3000000| Untracked 
|  49|0x00000000a3100000, 0x00000000a3200000, 0x00000000a3200000|100%| O|  |TAMS 0x00000000a3200000, 0x00000000a3100000| Untracked 
|  50|0x00000000a3200000, 0x00000000a3300000, 0x00000000a3300000|100%| O|  |TAMS 0x00000000a3300000, 0x00000000a3200000| Untracked 
|  51|0x00000000a3300000, 0x00000000a3400000, 0x00000000a3400000|100%| O|  |TAMS 0x00000000a3400000, 0x00000000a3300000| Untracked 
|  52|0x00000000a3400000, 0x00000000a3500000, 0x00000000a3500000|100%|HS|  |TAMS 0x00000000a3500000, 0x00000000a3400000| Complete 
|  53|0x00000000a3500000, 0x00000000a3600000, 0x00000000a3600000|100%| O|  |TAMS 0x00000000a3600000, 0x00000000a3500000| Untracked 
|  54|0x00000000a3600000, 0x00000000a3700000, 0x00000000a3700000|100%| O|  |TAMS 0x00000000a3700000, 0x00000000a3600000| Untracked 
|  55|0x00000000a3700000, 0x00000000a3800000, 0x00000000a3800000|100%| O|  |TAMS 0x00000000a3800000, 0x00000000a3700000| Untracked 
|  56|0x00000000a3800000, 0x00000000a3900000, 0x00000000a3900000|100%| O|  |TAMS 0x00000000a3900000, 0x00000000a3800000| Untracked 
|  57|0x00000000a3900000, 0x00000000a3a00000, 0x00000000a3a00000|100%| O|  |TAMS 0x00000000a3a00000, 0x00000000a3900000| Untracked 
|  58|0x00000000a3a00000, 0x00000000a3b00000, 0x00000000a3b00000|100%| O|  |TAMS 0x00000000a3b00000, 0x00000000a3a00000| Untracked 
|  59|0x00000000a3b00000, 0x00000000a3c00000, 0x00000000a3c00000|100%| O|  |TAMS 0x00000000a3c00000, 0x00000000a3b00000| Untracked 
|  60|0x00000000a3c00000, 0x00000000a3ce0200, 0x00000000a3d00000| 87%| O|  |TAMS 0x00000000a3ce0200, 0x00000000a3c00000| Untracked 
|  61|0x00000000a3d00000, 0x00000000a3d00000, 0x00000000a3e00000|  0%| F|  |TAMS 0x00000000a3d00000, 0x00000000a3d00000| Untracked 
|  62|0x00000000a3e00000, 0x00000000a3e00000, 0x00000000a3f00000|  0%| F|  |TAMS 0x00000000a3e00000, 0x00000000a3e00000| Untracked 
|  63|0x00000000a3f00000, 0x00000000a3f00000, 0x00000000a4000000|  0%| F|  |TAMS 0x00000000a3f00000, 0x00000000a3f00000| Untracked 
|  64|0x00000000a4000000, 0x00000000a4000000, 0x00000000a4100000|  0%| F|  |TAMS 0x00000000a4000000, 0x00000000a4000000| Untracked 
|  65|0x00000000a4100000, 0x00000000a4100000, 0x00000000a4200000|  0%| F|  |TAMS 0x00000000a4100000, 0x00000000a4100000| Untracked 
|  66|0x00000000a4200000, 0x00000000a4200000, 0x00000000a4300000|  0%| F|  |TAMS 0x00000000a4200000, 0x00000000a4200000| Untracked 
|  67|0x00000000a4300000, 0x00000000a4300000, 0x00000000a4400000|  0%| F|  |TAMS 0x00000000a4300000, 0x00000000a4300000| Untracked 
|  68|0x00000000a4400000, 0x00000000a4400000, 0x00000000a4500000|  0%| F|  |TAMS 0x00000000a4400000, 0x00000000a4400000| Untracked 
|  69|0x00000000a4500000, 0x00000000a4500000, 0x00000000a4600000|  0%| F|  |TAMS 0x00000000a4500000, 0x00000000a4500000| Untracked 
|  70|0x00000000a4600000, 0x00000000a4600000, 0x00000000a4700000|  0%| F|  |TAMS 0x00000000a4600000, 0x00000000a4600000| Untracked 
|  71|0x00000000a4700000, 0x00000000a4700000, 0x00000000a4800000|  0%| F|  |TAMS 0x00000000a4700000, 0x00000000a4700000| Untracked 
|  72|0x00000000a4800000, 0x00000000a4800000, 0x00000000a4900000|  0%| F|  |TAMS 0x00000000a4800000, 0x00000000a4800000| Untracked 
|  73|0x00000000a4900000, 0x00000000a4900000, 0x00000000a4a00000|  0%| F|  |TAMS 0x00000000a4900000, 0x00000000a4900000| Untracked 
|  74|0x00000000a4a00000, 0x00000000a4a00000, 0x00000000a4b00000|  0%| F|  |TAMS 0x00000000a4a00000, 0x00000000a4a00000| Untracked 
|  75|0x00000000a4b00000, 0x00000000a4b00000, 0x00000000a4c00000|  0%| F|  |TAMS 0x00000000a4b00000, 0x00000000a4b00000| Untracked 
|  76|0x00000000a4c00000, 0x00000000a4c00000, 0x00000000a4d00000|  0%| F|  |TAMS 0x00000000a4c00000, 0x00000000a4c00000| Untracked 
|  77|0x00000000a4d00000, 0x00000000a4d00000, 0x00000000a4e00000|  0%| F|  |TAMS 0x00000000a4d00000, 0x00000000a4d00000| Untracked 
|  78|0x00000000a4e00000, 0x00000000a4e00000, 0x00000000a4f00000|  0%| F|  |TAMS 0x00000000a4e00000, 0x00000000a4e00000| Untracked 
|  79|0x00000000a4f00000, 0x00000000a4f00000, 0x00000000a5000000|  0%| F|  |TAMS 0x00000000a4f00000, 0x00000000a4f00000| Untracked 
|  80|0x00000000a5000000, 0x00000000a5000000, 0x00000000a5100000|  0%| F|  |TAMS 0x00000000a5000000, 0x00000000a5000000| Untracked 
|  81|0x00000000a5100000, 0x00000000a5100000, 0x00000000a5200000|  0%| F|  |TAMS 0x00000000a5100000, 0x00000000a5100000| Untracked 
|  82|0x00000000a5200000, 0x00000000a5200000, 0x00000000a5300000|  0%| F|  |TAMS 0x00000000a5200000, 0x00000000a5200000| Untracked 
|  83|0x00000000a5300000, 0x00000000a5300000, 0x00000000a5400000|  0%| F|  |TAMS 0x00000000a5300000, 0x00000000a5300000| Untracked 
|  84|0x00000000a5400000, 0x00000000a5400000, 0x00000000a5500000|  0%| F|  |TAMS 0x00000000a5400000, 0x00000000a5400000| Untracked 
|  85|0x00000000a5500000, 0x00000000a5500000, 0x00000000a5600000|  0%| F|  |TAMS 0x00000000a5500000, 0x00000000a5500000| Untracked 
|  86|0x00000000a5600000, 0x00000000a5600000, 0x00000000a5700000|  0%| F|  |TAMS 0x00000000a5600000, 0x00000000a5600000| Untracked 
|  87|0x00000000a5700000, 0x00000000a5700000, 0x00000000a5800000|  0%| F|  |TAMS 0x00000000a5700000, 0x00000000a5700000| Untracked 
|  88|0x00000000a5800000, 0x00000000a5800000, 0x00000000a5900000|  0%| F|  |TAMS 0x00000000a5800000, 0x00000000a5800000| Untracked 
|  89|0x00000000a5900000, 0x00000000a5900000, 0x00000000a5a00000|  0%| F|  |TAMS 0x00000000a5900000, 0x00000000a5900000| Untracked 
|  90|0x00000000a5a00000, 0x00000000a5a00000, 0x00000000a5b00000|  0%| F|  |TAMS 0x00000000a5a00000, 0x00000000a5a00000| Untracked 
|  91|0x00000000a5b00000, 0x00000000a5b00000, 0x00000000a5c00000|  0%| F|  |TAMS 0x00000000a5b00000, 0x00000000a5b00000| Untracked 
|  92|0x00000000a5c00000, 0x00000000a5c00000, 0x00000000a5d00000|  0%| F|  |TAMS 0x00000000a5c00000, 0x00000000a5c00000| Untracked 
|  93|0x00000000a5d00000, 0x00000000a5d00000, 0x00000000a5e00000|  0%| F|  |TAMS 0x00000000a5d00000, 0x00000000a5d00000| Untracked 
|  94|0x00000000a5e00000, 0x00000000a5e00000, 0x00000000a5f00000|  0%| F|  |TAMS 0x00000000a5e00000, 0x00000000a5e00000| Untracked 
|  95|0x00000000a5f00000, 0x00000000a5f00000, 0x00000000a6000000|  0%| F|  |TAMS 0x00000000a5f00000, 0x00000000a5f00000| Untracked 
|  96|0x00000000a6000000, 0x00000000a6000000, 0x00000000a6100000|  0%| F|  |TAMS 0x00000000a6000000, 0x00000000a6000000| Untracked 
|  97|0x00000000a6100000, 0x00000000a6100000, 0x00000000a6200000|  0%| F|  |TAMS 0x00000000a6100000, 0x00000000a6100000| Untracked 
|  98|0x00000000a6200000, 0x00000000a6200000, 0x00000000a6300000|  0%| F|  |TAMS 0x00000000a6200000, 0x00000000a6200000| Untracked 
|  99|0x00000000a6300000, 0x00000000a6300000, 0x00000000a6400000|  0%| F|  |TAMS 0x00000000a6300000, 0x00000000a6300000| Untracked 
| 100|0x00000000a6400000, 0x00000000a6400000, 0x00000000a6500000|  0%| F|  |TAMS 0x00000000a6400000, 0x00000000a6400000| Untracked 
| 101|0x00000000a6500000, 0x00000000a6500000, 0x00000000a6600000|  0%| F|  |TAMS 0x00000000a6500000, 0x00000000a6500000| Untracked 
| 102|0x00000000a6600000, 0x00000000a6600000, 0x00000000a6700000|  0%| F|  |TAMS 0x00000000a6600000, 0x00000000a6600000| Untracked 
| 103|0x00000000a6700000, 0x00000000a6700000, 0x00000000a6800000|  0%| F|  |TAMS 0x00000000a6700000, 0x00000000a6700000| Untracked 
| 104|0x00000000a6800000, 0x00000000a6800000, 0x00000000a6900000|  0%| F|  |TAMS 0x00000000a6800000, 0x00000000a6800000| Untracked 
| 105|0x00000000a6900000, 0x00000000a6900000, 0x00000000a6a00000|  0%| F|  |TAMS 0x00000000a6900000, 0x00000000a6900000| Untracked 
| 106|0x00000000a6a00000, 0x00000000a6a00000, 0x00000000a6b00000|  0%| F|  |TAMS 0x00000000a6a00000, 0x00000000a6a00000| Untracked 
| 107|0x00000000a6b00000, 0x00000000a6b00000, 0x00000000a6c00000|  0%| F|  |TAMS 0x00000000a6b00000, 0x00000000a6b00000| Untracked 
| 108|0x00000000a6c00000, 0x00000000a6c00000, 0x00000000a6d00000|  0%| F|  |TAMS 0x00000000a6c00000, 0x00000000a6c00000| Untracked 
| 109|0x00000000a6d00000, 0x00000000a6d00000, 0x00000000a6e00000|  0%| F|  |TAMS 0x00000000a6d00000, 0x00000000a6d00000| Untracked 
| 110|0x00000000a6e00000, 0x00000000a6e00000, 0x00000000a6f00000|  0%| F|  |TAMS 0x00000000a6e00000, 0x00000000a6e00000| Untracked 
| 111|0x00000000a6f00000, 0x00000000a6f00000, 0x00000000a7000000|  0%| F|  |TAMS 0x00000000a6f00000, 0x00000000a6f00000| Untracked 
| 112|0x00000000a7000000, 0x00000000a7000000, 0x00000000a7100000|  0%| F|  |TAMS 0x00000000a7000000, 0x00000000a7000000| Untracked 
| 113|0x00000000a7100000, 0x00000000a7100000, 0x00000000a7200000|  0%| F|  |TAMS 0x00000000a7100000, 0x00000000a7100000| Untracked 
| 114|0x00000000a7200000, 0x00000000a7200000, 0x00000000a7300000|  0%| F|  |TAMS 0x00000000a7200000, 0x00000000a7200000| Untracked 
| 115|0x00000000a7300000, 0x00000000a7300000, 0x00000000a7400000|  0%| F|  |TAMS 0x00000000a7300000, 0x00000000a7300000| Untracked 
| 116|0x00000000a7400000, 0x00000000a7400000, 0x00000000a7500000|  0%| F|  |TAMS 0x00000000a7400000, 0x00000000a7400000| Untracked 
| 117|0x00000000a7500000, 0x00000000a7500000, 0x00000000a7600000|  0%| F|  |TAMS 0x00000000a7500000, 0x00000000a7500000| Untracked 
| 118|0x00000000a7600000, 0x00000000a7692700, 0x00000000a7700000| 57%| E|  |TAMS 0x00000000a7600000, 0x00000000a7600000| Complete 
| 119|0x00000000a7700000, 0x00000000a7800000, 0x00000000a7800000|100%| E|CS|TAMS 0x00000000a7700000, 0x00000000a7700000| Complete 
| 120|0x00000000a7800000, 0x00000000a7900000, 0x00000000a7900000|100%| E|CS|TAMS 0x00000000a7800000, 0x00000000a7800000| Complete 
| 121|0x00000000a7900000, 0x00000000a7a00000, 0x00000000a7a00000|100%| E|CS|TAMS 0x00000000a7900000, 0x00000000a7900000| Complete 
| 122|0x00000000a7a00000, 0x00000000a7b00000, 0x00000000a7b00000|100%| E|CS|TAMS 0x00000000a7a00000, 0x00000000a7a00000| Complete 
| 123|0x00000000a7b00000, 0x00000000a7c00000, 0x00000000a7c00000|100%| E|CS|TAMS 0x00000000a7b00000, 0x00000000a7b00000| Complete 
| 124|0x00000000a7c00000, 0x00000000a7c55710, 0x00000000a7d00000| 33%| S|CS|TAMS 0x00000000a7c00000, 0x00000000a7c00000| Complete 
| 125|0x00000000a7d00000, 0x00000000a7e00000, 0x00000000a7e00000|100%| S|CS|TAMS 0x00000000a7d00000, 0x00000000a7d00000| Complete 
| 126|0x00000000a7e00000, 0x00000000a7f00000, 0x00000000a7f00000|100%| S|CS|TAMS 0x00000000a7e00000, 0x00000000a7e00000| Complete 
| 127|0x00000000a7f00000, 0x00000000a8000000, 0x00000000a8000000|100%| E|CS|TAMS 0x00000000a7f00000, 0x00000000a7f00000| Complete 
| 128|0x00000000a8000000, 0x00000000a8100000, 0x00000000a8100000|100%| E|CS|TAMS 0x00000000a8000000, 0x00000000a8000000| Complete 
| 129|0x00000000a8100000, 0x00000000a8200000, 0x00000000a8200000|100%| E|CS|TAMS 0x00000000a8100000, 0x00000000a8100000| Complete 
| 130|0x00000000a8200000, 0x00000000a8300000, 0x00000000a8300000|100%| E|CS|TAMS 0x00000000a8200000, 0x00000000a8200000| Complete 
| 131|0x00000000a8300000, 0x00000000a8400000, 0x00000000a8400000|100%| E|CS|TAMS 0x00000000a8300000, 0x00000000a8300000| Complete 
| 132|0x00000000a8400000, 0x00000000a8500000, 0x00000000a8500000|100%| E|CS|TAMS 0x00000000a8400000, 0x00000000a8400000| Complete 
| 133|0x00000000a8500000, 0x00000000a8600000, 0x00000000a8600000|100%| E|CS|TAMS 0x00000000a8500000, 0x00000000a8500000| Complete 
| 134|0x00000000a8600000, 0x00000000a8700000, 0x00000000a8700000|100%| E|CS|TAMS 0x00000000a8600000, 0x00000000a8600000| Complete 
| 135|0x00000000a8700000, 0x00000000a8800000, 0x00000000a8800000|100%| E|CS|TAMS 0x00000000a8700000, 0x00000000a8700000| Complete 
| 136|0x00000000a8800000, 0x00000000a8900000, 0x00000000a8900000|100%| E|CS|TAMS 0x00000000a8800000, 0x00000000a8800000| Complete 
| 137|0x00000000a8900000, 0x00000000a8a00000, 0x00000000a8a00000|100%| E|CS|TAMS 0x00000000a8900000, 0x00000000a8900000| Complete 
| 138|0x00000000a8a00000, 0x00000000a8b00000, 0x00000000a8b00000|100%| E|CS|TAMS 0x00000000a8a00000, 0x00000000a8a00000| Complete 
| 139|0x00000000a8b00000, 0x00000000a8c00000, 0x00000000a8c00000|100%| E|CS|TAMS 0x00000000a8b00000, 0x00000000a8b00000| Complete 
| 140|0x00000000a8c00000, 0x00000000a8d00000, 0x00000000a8d00000|100%| E|CS|TAMS 0x00000000a8c00000, 0x00000000a8c00000| Complete 
| 141|0x00000000a8d00000, 0x00000000a8e00000, 0x00000000a8e00000|100%| E|CS|TAMS 0x00000000a8d00000, 0x00000000a8d00000| Complete 
| 142|0x00000000a8e00000, 0x00000000a8f00000, 0x00000000a8f00000|100%| E|CS|TAMS 0x00000000a8e00000, 0x00000000a8e00000| Complete 
| 143|0x00000000a8f00000, 0x00000000a9000000, 0x00000000a9000000|100%| E|CS|TAMS 0x00000000a8f00000, 0x00000000a8f00000| Complete 
| 144|0x00000000a9000000, 0x00000000a9100000, 0x00000000a9100000|100%| E|CS|TAMS 0x00000000a9000000, 0x00000000a9000000| Complete 
| 145|0x00000000a9100000, 0x00000000a9200000, 0x00000000a9200000|100%| E|CS|TAMS 0x00000000a9100000, 0x00000000a9100000| Complete 
| 146|0x00000000a9200000, 0x00000000a9300000, 0x00000000a9300000|100%| E|CS|TAMS 0x00000000a9200000, 0x00000000a9200000| Complete 
| 147|0x00000000a9300000, 0x00000000a9400000, 0x00000000a9400000|100%| E|CS|TAMS 0x00000000a9300000, 0x00000000a9300000| Complete 
| 148|0x00000000a9400000, 0x00000000a9500000, 0x00000000a9500000|100%| E|CS|TAMS 0x00000000a9400000, 0x00000000a9400000| Complete 
| 149|0x00000000a9500000, 0x00000000a9600000, 0x00000000a9600000|100%| E|CS|TAMS 0x00000000a9500000, 0x00000000a9500000| Complete 
| 150|0x00000000a9600000, 0x00000000a9700000, 0x00000000a9700000|100%| E|CS|TAMS 0x00000000a9600000, 0x00000000a9600000| Complete 
| 151|0x00000000a9700000, 0x00000000a9800000, 0x00000000a9800000|100%| E|CS|TAMS 0x00000000a9700000, 0x00000000a9700000| Complete 
| 152|0x00000000a9800000, 0x00000000a9900000, 0x00000000a9900000|100%| E|CS|TAMS 0x00000000a9800000, 0x00000000a9800000| Complete 
| 153|0x00000000a9900000, 0x00000000a9a00000, 0x00000000a9a00000|100%| E|CS|TAMS 0x00000000a9900000, 0x00000000a9900000| Complete 

Card table byte_map: [0x0000024744d80000,0x0000024745080000] _byte_map_base: 0x0000024744880000

Marking Bits (Prev, Next): (CMBitMap*) 0x000002472b29b260, (CMBitMap*) 0x000002472b29b228
 Prev Bits: [0x0000024746b80000, 0x0000024748380000)
 Next Bits: [0x0000024745380000, 0x0000024746b80000)

Polling page: 0x000002472af80000

Metaspace:

Usage:
  Non-class:     52.01 MB capacity,    50.67 MB ( 97%) used,     1.19 MB (  2%) free+waste,   145.50 KB ( <1%) overhead. 
      Class:      8.31 MB capacity,     7.71 MB ( 93%) used,   544.91 KB (  6%) free+waste,    69.81 KB ( <1%) overhead. 
       Both:     60.32 MB capacity,    58.39 MB ( 97%) used,     1.72 MB (  3%) free+waste,   215.31 KB ( <1%) overhead. 

Virtual space:
  Non-class space:       54.00 MB reserved,      52.25 MB ( 97%) committed 
      Class space:        1.00 GB reserved,       8.38 MB ( <1%) committed 
             Both:        1.05 GB reserved,      60.63 MB (  6%) committed 

Chunk freelists:
   Non-Class:  0 bytes
       Class:  0 bytes
        Both:  0 bytes

CodeHeap 'non-profiled nmethods': size=120000Kb used=3892Kb max_used=3892Kb free=116108Kb
 bounds [0x000002473c8c0000, 0x000002473cc90000, 0x0000024743df0000]
CodeHeap 'profiled nmethods': size=120000Kb used=14673Kb max_used=14673Kb free=105326Kb
 bounds [0x0000024735390000, 0x00000247361f0000, 0x000002473c8c0000]
CodeHeap 'non-nmethods': size=5760Kb used=2258Kb max_used=2297Kb free=3501Kb
 bounds [0x0000024734df0000, 0x0000024735060000, 0x0000024735390000]
 total_blobs=8920 nmethods=6387 adapters=758
 compilation: enabled
              stopped_count=0, restarted_count=0
 full_count=0

Compilation events (10 events):
Event: 8.853 Thread 0x000002474b087000 nmethod 6608 0x00000247361c7010 code [0x00000247361c7220, 0x00000247361c7740]
Event: 8.854 Thread 0x000002474b087000 6610       3       com.gradle.scan.plugin.internal.dep.com.fasterxml.jackson.core.json.JsonWriteContext::reset (41 bytes)
Event: 8.854 Thread 0x000002474b087000 nmethod 6610 0x00000247361c7910 code [0x00000247361c7ae0, 0x00000247361c7d30]
Event: 8.854 Thread 0x000002474b087000 6609       3       io.spring.gradle.dependencymanagement.internal.dsl.ClosureBackedAction::execute (47 bytes)
Event: 8.854 Thread 0x000002474b087000 nmethod 6609 0x00000247361c7e10 code [0x00000247361c8020, 0x00000247361c85d0]
Event: 8.854 Thread 0x000002474b087000 6611       3       com.gradle.scan.plugin.internal.dep.com.fasterxml.jackson.core.json.UTF8JsonGenerator::writeString (116 bytes)
Event: 8.855 Thread 0x000002474b087000 nmethod 6611 0x00000247361c8790 code [0x00000247361c89e0, 0x00000247361c91e0]
Event: 8.855 Thread 0x000002474b087000 6613       3       com.gradle.scan.plugin.internal.k.d$a::a (74 bytes)
Event: 8.856 Thread 0x000002474b087000 nmethod 6613 0x00000247361c9510 code [0x00000247361c9820, 0x00000247361caa20]
Event: 8.856 Thread 0x000002474b087000 6614       3       org.gradle.internal.extensibility.MixInClosurePropertiesAsMethodsDynamicObject::tryInvokeMethod (110 bytes)

GC Heap History (10 events):
Event: 5.599 GC heap before
{Heap before GC invocations=8 (full 0):
 garbage-first heap   total 131072K, used 92203K [0x00000000a0000000, 0x0000000100000000)
  region size 1024K, 58 young (59392K), 6 survivors (6144K)
 Metaspace       used 45709K, capacity 46750K, committed 46976K, reserved 1089536K
  class space    used 5805K, capacity 6156K, committed 6272K, reserved 1048576K
}
Event: 5.606 GC heap after
{Heap after GC invocations=9 (full 0):
 garbage-first heap   total 131072K, used 41938K [0x00000000a0000000, 0x0000000100000000)
  region size 1024K, 7 young (7168K), 7 survivors (7168K)
 Metaspace       used 45709K, capacity 46750K, committed 46976K, reserved 1089536K
  class space    used 5805K, capacity 6156K, committed 6272K, reserved 1048576K
}
Event: 6.338 GC heap before
{Heap before GC invocations=9 (full 0):
 garbage-first heap   total 131072K, used 95186K [0x00000000a0000000, 0x0000000100000000)
  region size 1024K, 59 young (60416K), 7 survivors (7168K)
 Metaspace       used 50077K, capacity 51359K, committed 51456K, reserved 1093632K
  class space    used 6477K, capacity 6872K, committed 6912K, reserved 1048576K
}
Event: 6.347 GC heap after
{Heap after GC invocations=10 (full 0):
 garbage-first heap   total 131072K, used 45680K [0x00000000a0000000, 0x0000000100000000)
  region size 1024K, 7 young (7168K), 7 survivors (7168K)
 Metaspace       used 50077K, capacity 51359K, committed 51456K, reserved 1093632K
  class space    used 6477K, capacity 6872K, committed 6912K, reserved 1048576K
}
Event: 7.206 GC heap before
{Heap before GC invocations=10 (full 0):
 garbage-first heap   total 131072K, used 97904K [0x00000000a0000000, 0x0000000100000000)
  region size 1024K, 58 young (59392K), 7 survivors (7168K)
 Metaspace       used 53388K, capacity 54975K, committed 55168K, reserved 1097728K
  class space    used 6957K, capacity 7432K, committed 7552K, reserved 1048576K
}
Event: 7.218 GC heap after
{Heap after GC invocations=11 (full 0):
 garbage-first heap   total 131072K, used 50141K [0x00000000a0000000, 0x0000000100000000)
  region size 1024K, 8 young (8192K), 8 survivors (8192K)
 Metaspace       used 53388K, capacity 54975K, committed 55168K, reserved 1097728K
  class space    used 6957K, capacity 7432K, committed 7552K, reserved 1048576K
}
Event: 7.994 GC heap before
{Heap before GC invocations=11 (full 0):
 garbage-first heap   total 131072K, used 104413K [0x00000000a0000000, 0x0000000100000000)
  region size 1024K, 58 young (59392K), 8 survivors (8192K)
 Metaspace       used 55277K, capacity 56958K, committed 57216K, reserved 1099776K
  class space    used 7203K, capacity 7681K, committed 7808K, reserved 1048576K
}
Event: 8.005 GC heap after
{Heap after GC invocations=12 (full 0):
 garbage-first heap   total 157696K, used 61433K [0x00000000a0000000, 0x0000000100000000)
  region size 1024K, 8 young (8192K), 8 survivors (8192K)
 Metaspace       used 55277K, capacity 56958K, committed 57216K, reserved 1099776K
  class space    used 7203K, capacity 7681K, committed 7808K, reserved 1048576K
}
Event: 8.454 GC heap before
{Heap before GC invocations=12 (full 0):
 garbage-first heap   total 157696K, used 89081K [0x00000000a0000000, 0x0000000100000000)
  region size 1024K, 35 young (35840K), 8 survivors (8192K)
 Metaspace       used 58110K, capacity 59948K, committed 60160K, reserved 1101824K
  class space    used 7635K, capacity 8192K, committed 8192K, reserved 1048576K
}
Event: 8.465 GC heap after
{Heap after GC invocations=13 (full 0):
 garbage-first heap   total 157696K, used 64726K [0x00000000a0000000, 0x0000000100000000)
  region size 1024K, 3 young (3072K), 3 survivors (3072K)
 Metaspace       used 58110K, capacity 59948K, committed 60160K, reserved 1101824K
  class space    used 7635K, capacity 8192K, committed 8192K, reserved 1048576K
}

Deoptimization events (10 events):
Event: 8.493 Thread 0x0000024750a1b800 Uncommon trap: reason=speculate_class_check action=maybe_recompile pc=0x000002473c99ee0c method=java.util.zip.InflaterInputStream.read([BII)I @ 100 c2
Event: 8.500 Thread 0x000002474d41f000 Uncommon trap: reason=null_check action=make_not_entrant pc=0x000002473cad7790 method=java.lang.ThreadLocal$ThreadLocalMap.getEntryAfterMiss(Ljava/lang/ThreadLocal;ILjava/lang/ThreadLocal$ThreadLocalMap$Entry;)Ljava/lang/ThreadLocal$ThreadLocalMap$Entry; 
Event: 8.505 Thread 0x000002474d41f000 Uncommon trap: reason=speculate_class_check action=maybe_recompile pc=0x000002473cc54768 method=jdk.internal.loader.Resource.getBytes()[B @ 10 c2
Event: 8.517 Thread 0x000002474d41f000 Uncommon trap: reason=speculate_class_check action=maybe_recompile pc=0x000002473cc54768 method=jdk.internal.loader.Resource.getBytes()[B @ 10 c2
Event: 8.531 Thread 0x000002474d41f000 Uncommon trap: reason=speculate_class_check action=maybe_recompile pc=0x000002473cc54768 method=jdk.internal.loader.Resource.getBytes()[B @ 10 c2
Event: 8.725 Thread 0x000002474d41f000 Uncommon trap: reason=unstable_if action=reinterpret pc=0x000002473cc2f2a0 method=org.codehaus.groovy.runtime.metaclass.MetaMethodIndex.addMethodToList(Ljava/lang/Object;Lgroovy/lang/MetaMethod;)Ljava/lang/Object; @ 256 c2
Event: 8.781 Thread 0x0000024750a1b800 Uncommon trap: reason=profile_predicate action=maybe_recompile pc=0x000002473cb66838 method=java.util.TreeMap.getEntryUsingComparator(Ljava/lang/Object;)Ljava/util/TreeMap$Entry; @ 19 c2
Event: 8.783 Thread 0x0000024750a1b800 Uncommon trap: reason=profile_predicate action=maybe_recompile pc=0x000002473cb66838 method=java.util.TreeMap.getEntryUsingComparator(Ljava/lang/Object;)Ljava/util/TreeMap$Entry; @ 19 c2
Event: 8.783 Thread 0x0000024750a1b800 Uncommon trap: reason=profile_predicate action=maybe_recompile pc=0x000002473cb66838 method=java.util.TreeMap.getEntryUsingComparator(Ljava/lang/Object;)Ljava/util/TreeMap$Entry; @ 19 c2
Event: 8.783 Thread 0x0000024750a1b800 Uncommon trap: reason=profile_predicate action=maybe_recompile pc=0x000002473cb66838 method=java.util.TreeMap.getEntryUsingComparator(Ljava/lang/Object;)Ljava/util/TreeMap$Entry; @ 19 c2

Classes redefined (0 events):
No events

Internal exceptions (10 events):
Event: 8.715 Thread 0x000002474d41f000 Exception <a 'java/lang/ClassNotFoundException'{0x00000000a88dbc90}: org/gradle/api/internal/artifacts/configurations/DefaultConfigurationContainerCustomizer> (0x00000000a88dbc90) thrown at [t:/workspace/open/src/hotspot/share/classfile/systemDictionary.c
Event: 8.717 Thread 0x000002474d41f000 Exception <a 'java/lang/ClassNotFoundException'{0x00000000a8739488}: org/gradle/api/internal/artifacts/configurations/DefaultConfigurationContainer_DecoratedCustomizer> (0x00000000a8739488) thrown at [t:/workspace/open/src/hotspot/share/classfile/systemDi
Event: 8.729 Thread 0x000002474d41f000 Exception <a 'java/lang/ClassNotFoundException'{0x00000000a8548af8}: org/gradle/api/internal/artifacts/configurations/DefaultConfiguration_DecoratedBeanInfo> (0x00000000a8548af8) thrown at [t:/workspace/open/src/hotspot/share/classfile/systemDictionary.cp
Event: 8.730 Thread 0x000002474d41f000 Exception <a 'java/lang/ClassNotFoundException'{0x00000000a857d040}: org/gradle/api/internal/artifacts/configurations/DefaultConfigurationBeanInfo> (0x00000000a857d040) thrown at [t:/workspace/open/src/hotspot/share/classfile/systemDictionary.cpp, line 23
Event: 8.732 Thread 0x000002474d41f000 Exception <a 'java/lang/ClassNotFoundException'{0x00000000a85b18a0}: org/gradle/api/internal/artifacts/configurations/DefaultConfigurationCustomizer> (0x00000000a85b18a0) thrown at [t:/workspace/open/src/hotspot/share/classfile/systemDictionary.cpp, line 
Event: 8.735 Thread 0x000002474d41f000 Exception <a 'java/lang/ClassNotFoundException'{0x00000000a843f0b0}: org/gradle/api/internal/artifacts/configurations/DefaultConfiguration_DecoratedCustomizer> (0x00000000a843f0b0) thrown at [t:/workspace/open/src/hotspot/share/classfile/systemDictionary.
Event: 8.743 Thread 0x000002474d41f000 Exception <a 'java/lang/ClassNotFoundException'{0x00000000a83259c0}: org/gradle/api/internal/artifacts/ivyservice/resolutionstrategy/DefaultResolutionStrategy_DecoratedBeanInfo> (0x00000000a83259c0) thrown at [t:/workspace/open/src/hotspot/share/classfile
Event: 8.743 Thread 0x000002474d41f000 Exception <a 'java/lang/ClassNotFoundException'{0x00000000a8361688}: org/gradle/api/internal/artifacts/ivyservice/resolutionstrategy/DefaultResolutionStrategyBeanInfo> (0x00000000a8361688) thrown at [t:/workspace/open/src/hotspot/share/classfile/systemDic
Event: 8.744 Thread 0x000002474d41f000 Exception <a 'java/lang/ClassNotFoundException'{0x00000000a839fb70}: org/gradle/api/internal/artifacts/ivyservice/resolutionstrategy/DefaultResolutionStrategyCustomizer> (0x00000000a839fb70) thrown at [t:/workspace/open/src/hotspot/share/classfile/systemD
Event: 8.747 Thread 0x000002474d41f000 Exception <a 'java/lang/ClassNotFoundException'{0x00000000a82001a8}: org/gradle/api/internal/artifacts/ivyservice/resolutionstrategy/DefaultResolutionStrategy_DecoratedCustomizer> (0x00000000a82001a8) thrown at [t:/workspace/open/src/hotspot/share/classfi

Events (10 events):
Event: 8.843 loading class com/gradle/scan/eventmodel/task/TaskOutcome_1
Event: 8.843 loading class com/gradle/scan/eventmodel/task/TaskOutcome_1 done
Event: 8.844 loading class com/gradle/scan/eventmodel/task/TaskOutputCachingDisabledReason_1
Event: 8.844 loading class com/gradle/scan/eventmodel/task/TaskOutputCachingDisabledReason_1 done
Event: 8.845 loading class org/gradle/api/internal/tasks/execution/ExecuteTaskBuildOperationResult$1
Event: 8.845 loading class org/gradle/api/internal/tasks/execution/ExecuteTaskBuildOperationResult$1 done
Event: 8.845 loading class org/gradle/api/internal/tasks/TaskOutputCachingDisabledReasonCategory
Event: 8.845 loading class org/gradle/api/internal/tasks/TaskOutputCachingDisabledReasonCategory done
Event: 8.855 loading class com/gradle/scan/eventmodel/BuildSrcBuildFinished_1_0
Event: 8.855 loading class com/gradle/scan/eventmodel/BuildSrcBuildFinished_1_0 done


Dynamic libraries:
0x00007ff657d40000 - 0x00007ff657d87000 	D:\Program Files\jdk11\bin\java.exe
0x00007ffa11e30000 - 0x00007ffa12024000 	C:\windows\SYSTEM32\ntdll.dll
0x00007ffa11020000 - 0x00007ffa110dd000 	C:\windows\System32\KERNEL32.DLL
0x00007ffa0f9b0000 - 0x00007ffa0fc77000 	C:\windows\System32\KERNELBASE.dll
0x00007ffa11a00000 - 0x00007ffa11aaa000 	C:\windows\System32\ADVAPI32.dll
0x00007ffa11cf0000 - 0x00007ffa11d8e000 	C:\windows\System32\msvcrt.dll
0x00007ffa10300000 - 0x00007ffa1039b000 	C:\windows\System32\sechost.dll
0x00007ffa0fe90000 - 0x00007ffa0ffb3000 	C:\windows\System32\RPCRT4.dll
0x00007ffa10e20000 - 0x00007ffa10fc0000 	C:\windows\System32\USER32.dll
0x00007ffa0f7d0000 - 0x00007ffa0f7f2000 	C:\windows\System32\win32u.dll
0x00007ffa10450000 - 0x00007ffa1047a000 	C:\windows\System32\GDI32.dll
0x00007ffa0fc80000 - 0x00007ffa0fd8a000 	C:\windows\System32\gdi32full.dll
0x00007ffa0f6d0000 - 0x00007ffa0f76d000 	C:\windows\System32\msvcp_win.dll
0x00007ffa0f800000 - 0x00007ffa0f900000 	C:\windows\System32\ucrtbase.dll
0x00007ff9fa6b0000 - 0x00007ff9fa94a000 	C:\windows\WinSxS\amd64_microsoft.windows.common-controls_6595b64144ccf1df_6.0.19041.1_none_b555e41d4684ddec\COMCTL32.dll
0x00007ffa092b0000 - 0x00007ffa092ba000 	C:\windows\SYSTEM32\VERSION.dll
0x00007ffa105b0000 - 0x00007ffa105e0000 	C:\windows\System32\IMM32.DLL
0x00007ffa04320000 - 0x00007ffa04336000 	D:\Program Files\jdk11\bin\vcruntime140.dll
0x00007ff9e13b0000 - 0x00007ff9e145a000 	D:\Program Files\jdk11\bin\msvcp140.dll
0x00007ff9e0440000 - 0x00007ff9e0f68000 	D:\Program Files\jdk11\bin\server\jvm.dll
0x00007ffa10d80000 - 0x00007ffa10d88000 	C:\windows\System32\PSAPI.DLL
0x00007ffa04820000 - 0x00007ffa04847000 	C:\windows\SYSTEM32\WINMM.dll
0x00007ffa08470000 - 0x00007ffa08479000 	C:\windows\SYSTEM32\WSOCK32.dll
0x00007ffa11550000 - 0x00007ffa115bb000 	C:\windows\System32\WS2_32.dll
0x00007ffa0d520000 - 0x00007ffa0d533000 	C:\windows\SYSTEM32\kernel.appcore.dll
0x00007ff9fa060000 - 0x00007ff9fa071000 	D:\Program Files\jdk11\bin\verify.dll
0x00007ff9fd930000 - 0x00007ff9fdb14000 	C:\windows\SYSTEM32\DBGHELP.DLL
0x00007ff9fcf00000 - 0x00007ff9fcf2c000 	C:\windows\SYSTEM32\dbgcore.DLL
0x00007ffa0f900000 - 0x00007ffa0f97f000 	C:\windows\System32\bcryptPrimitives.dll
0x00007ff9f82e0000 - 0x00007ff9f8309000 	D:\Program Files\jdk11\bin\java.dll
0x00007ff9f98d0000 - 0x00007ff9f98e6000 	D:\Program Files\jdk11\bin\zip.dll
0x00007ffa0b2e0000 - 0x00007ffa0b2ea000 	D:\Program Files\jdk11\bin\jimage.dll
0x00007ffa10640000 - 0x00007ffa10d71000 	C:\windows\System32\SHELL32.dll
0x00007ffa0d720000 - 0x00007ffa0deaa000 	C:\windows\SYSTEM32\windows.storage.dll
0x00007ffa115c0000 - 0x00007ffa11914000 	C:\windows\System32\combase.dll
0x00007ffa0eff0000 - 0x00007ffa0f01b000 	C:\windows\SYSTEM32\Wldp.dll
0x00007ffa0ffc0000 - 0x00007ffa1006e000 	C:\windows\System32\SHCORE.dll
0x00007ffa10280000 - 0x00007ffa102d5000 	C:\windows\System32\shlwapi.dll
0x00007ffa0f4b0000 - 0x00007ffa0f4cf000 	C:\windows\SYSTEM32\profapi.dll
0x00007ff9f8b40000 - 0x00007ff9f8b59000 	D:\Program Files\jdk11\bin\net.dll
0x00007ffa08350000 - 0x00007ffa08452000 	C:\windows\SYSTEM32\WINHTTP.dll
0x00007ffa0ed70000 - 0x00007ffa0edda000 	C:\windows\system32\mswsock.dll
0x00007ff9f82c0000 - 0x00007ff9f82d3000 	D:\Program Files\jdk11\bin\nio.dll
0x00007ff9f03b0000 - 0x00007ff9f03d6000 	D:\gradleConfig\native\30\windows-amd64\native-platform.dll
0x00007ffa0b2c0000 - 0x00007ffa0b2c9000 	D:\Program Files\jdk11\bin\management.dll
0x00007ffa0b200000 - 0x00007ffa0b20c000 	D:\Program Files\jdk11\bin\management_ext.dll
0x00007ffa0ef50000 - 0x00007ffa0ef68000 	C:\windows\SYSTEM32\CRYPTSP.dll
0x00007ffa0e690000 - 0x00007ffa0e6c4000 	C:\windows\system32\rsaenh.dll
0x00007ffa0f980000 - 0x00007ffa0f9a7000 	C:\windows\System32\bcrypt.dll
0x00007ffa0f470000 - 0x00007ffa0f49e000 	C:\windows\SYSTEM32\USERENV.dll
0x00007ffa0ef40000 - 0x00007ffa0ef4c000 	C:\windows\SYSTEM32\CRYPTBASE.dll
0x00007ffa0ea10000 - 0x00007ffa0ea4b000 	C:\windows\SYSTEM32\IPHLPAPI.DLL
0x00007ffa10190000 - 0x00007ffa10199000 	C:\windows\System32\NSI.dll
0x00007ffa091e0000 - 0x00007ffa091f7000 	C:\windows\SYSTEM32\dhcpcsvc6.DLL
0x00007ffa091c0000 - 0x00007ffa091dd000 	C:\windows\SYSTEM32\dhcpcsvc.DLL
0x00007ffa0ea60000 - 0x00007ffa0eb2a000 	C:\windows\SYSTEM32\DNSAPI.dll
0x00007ff9f9e60000 - 0x00007ff9f9e77000 	C:\windows\system32\napinsp.dll
0x00007ff9f9e40000 - 0x00007ff9f9e5b000 	C:\windows\system32\pnrpnsp.dll
0x00007ff9f9e20000 - 0x00007ff9f9e35000 	C:\windows\system32\wshbth.dll
0x00007ffa0b1b0000 - 0x00007ffa0b1cd000 	C:\windows\system32\NLAapi.dll
0x00007ff9f9db0000 - 0x00007ff9f9dc2000 	C:\windows\System32\winrnr.dll
0x00007ffa089d0000 - 0x00007ffa089da000 	C:\Windows\System32\rasadhlp.dll
0x00007ffa07800000 - 0x00007ffa0787f000 	C:\windows\System32\fwpuclnt.dll

dbghelp: loaded successfully - version: 4.0.5 - missing functions: none
symbol engine: initialized successfully - sym options: 0x614 - pdb path: .;D:\Program Files\jdk11\bin;C:\windows\SYSTEM32;C:\windows\WinSxS\amd64_microsoft.windows.common-controls_6595b64144ccf1df_6.0.19041.1_none_b555e41d4684ddec;D:\Program Files\jdk11\bin\server;D:\gradleConfig\native\30\windows-amd64

VM Arguments:
jvm_args: --add-opens=java.base/java.util=ALL-UNNAMED --add-opens=java.base/java.lang=ALL-UNNAMED --add-opens=java.base/java.lang.invoke=ALL-UNNAMED --add-opens=java.prefs/java.util.prefs=ALL-UNNAMED -Xmx1536M -Dfile.encoding=GBK -Duser.country=CN -Duser.language=zh -Duser.variant 
java_command: org.gradle.launcher.daemon.bootstrap.GradleDaemon 5.6.4
java_class_path (initial): D:\gradleConfig\wrapper\dists\gradle-5.6.4-bin\8w2sdf5ad4xykewglx83k26f\gradle-5.6.4\lib\gradle-launcher-5.6.4.jar
Launcher Type: SUN_STANDARD

[Global flags]
     intx CICompilerCount                          = 4                                         {product} {ergonomic}
     uint ConcGCThreads                            = 3                                         {product} {ergonomic}
     uint G1ConcRefinementThreads                  = 10                                        {product} {ergonomic}
   size_t G1HeapRegionSize                         = 1048576                                   {product} {ergonomic}
    uintx GCDrainStackTargetSize                   = 64                                        {product} {ergonomic}
   size_t InitialHeapSize                          = 134217728                                 {product} {ergonomic}
   size_t MarkStackSize                            = 4194304                                   {product} {ergonomic}
   size_t MaxHeapSize                              = 1610612736                                {product} {command line}
   size_t MaxNewSize                               = 965738496                                 {product} {ergonomic}
   size_t MinHeapDeltaBytes                        = 1048576                                   {product} {ergonomic}
    uintx NonNMethodCodeHeapSize                   = 5836300                                {pd product} {ergonomic}
    uintx NonProfiledCodeHeapSize                  = 122910970                              {pd product} {ergonomic}
    uintx ProfiledCodeHeapSize                     = 122910970                              {pd product} {ergonomic}
    uintx ReservedCodeCacheSize                    = 251658240                              {pd product} {ergonomic}
     bool SegmentedCodeCache                       = true                                      {product} {ergonomic}
     bool UseCompressedClassPointers               = true                                 {lp64_product} {ergonomic}
     bool UseCompressedOops                        = true                                 {lp64_product} {ergonomic}
     bool UseG1GC                                  = true                                      {product} {ergonomic}
     bool UseLargePagesIndividualAllocation        = false                                  {pd product} {ergonomic}

Logging:
Log output configuration:
 #0: stdout all=warning uptime,level,tags
 #1: stderr all=off uptime,level,tags

Environment Variables:
JAVA_HOME=D:\Program Files\jdk11
PATH=D:\Program Files (x86)\NetSarang\Xshell 6\;C:\windows\system32;C:\windows;C:\windows\System32\Wbem;C:\windows\System32\WindowsPowerShell\v1.0\;C:\windows\System32\OpenSSH\;D:\Program Files\jdk11\bin;d:\Program Files\Git\cmd;C:\Program Files\MySQL\MySQL Shell 8.0\bin\;C:\Users\Administrator\AppData\Local\Microsoft\WindowsApps;
USERNAME=Administrator
OS=Windows_NT
PROCESSOR_IDENTIFIER=Intel64 Family 6 Model 45 Stepping 7, GenuineIntel



---------------  S Y S T E M  ---------------

OS: Windows 10 , 64 bit Build 19041 (10.0.19041.207)

CPU:total 12 (initial active 12) (6 cores per cpu, 2 threads per core) family 6 model 45 stepping 7, cmov, cx8, fxsr, mmx, sse, sse2, sse3, ssse3, sse4.1, sse4.2, popcnt, avx, aes, clmul, ht, tsc, tscinvbit, tscinv

Memory: 4k page, system-wide physical 8123M (1593M free)
TotalPageFile size 14523M (AvailPageFile size 5M)
current process WorkingSet (physical memory assigned to process): 346M, peak: 348M
current process commit charge ("private bytes"): 396M, peak: 399M

vm_info: Java HotSpot(TM) 64-Bit Server VM (11.0.5+10-LTS) for windows-amd64 JRE (11.0.5+10-LTS), built on Oct  6 2019 12:37:14 by "mach5one" with MS VC++ 15.5 (VS2017)

END.
