#
# There is insufficient memory for the Java Runtime Environment to continue.
# Native memory allocation (malloc) failed to allocate 1788176 bytes for Chunk::new
# Possible reasons:
#   The system is out of physical RAM or swap space
#   The process is running with CompressedOops enabled, and the Java Heap may be blocking the growth of the native heap
# Possible solutions:
#   Reduce memory load on the system
#   Increase physical memory or swap space
#   Check if swap backing store is full
#   Decrease Java heap size (-Xmx/-Xms)
#   Decrease number of Java threads
#   Decrease Java thread stack sizes (-Xss)
#   Set larger code cache with -XX:ReservedCodeCacheSize=
#   JVM is running with Unscaled Compressed Oops mode in which the Java heap is
#     placed in the first 4GB address space. The Java Heap base address is the
#     maximum limit for the native heap growth. Please use -XX:HeapBaseMinAddress
#     to set the Java Heap base and to place the Java Heap above 4GB virtual address.
# This output file may be truncated or incomplete.
#
#  Out of Memory Error (t:/workspace/open/src/hotspot/share/memory/arena.cpp:197), pid=2312, tid=8572
#
# JRE version: Java(TM) SE Runtime Environment (11.0.5+10) (build 11.0.5+10-LTS)
# Java VM: Java HotSpot(TM) 64-Bit Server VM (11.0.5+10-LTS, mixed mode, tiered, compressed oops, g1 gc, windows-amd64)
# No core dump will be written. Minidumps are not enabled by default on client versions of Windows
#

---------------  S U M M A R Y ------------

Command Line: --add-opens=java.base/java.util=ALL-UNNAMED --add-opens=java.base/java.lang=ALL-UNNAMED --add-opens=java.base/java.lang.invoke=ALL-UNNAMED --add-opens=java.prefs/java.util.prefs=ALL-UNNAMED -Xmx1536M -Dfile.encoding=GBK -Duser.country=CN -Duser.language=zh -Duser.variant org.gradle.launcher.daemon.bootstrap.GradleDaemon 5.6.4

Host: Intel(R) Xeon(R) CPU E5-2640 0 @ 2.50GHz, 12 cores, 7G,  Windows 10 , 64 bit Build 19041 (10.0.19041.207)
Time: Thu Jun 17 21:08:00 2021 中国标准时间 elapsed time: 7 seconds (0d 0h 0m 7s)

---------------  T H R E A D  ---------------

Current thread (0x000001de766b1800):  JavaThread "C2 CompilerThread1" daemon [_thread_in_native, id=8572, stack(0x000000a983600000,0x000000a983700000)]


Current CompileTask:
C2:   7602 5455 %     4       org.gradle.internal.instantiation.AbstractClassGenerator::inspectType @ 107 (559 bytes)

Stack: [0x000000a983600000,0x000000a983700000]
Native frames: (J=compiled Java code, j=interpreted, Vv=VM code, C=native code)
V  [jvm.dll+0x63611a]
V  [jvm.dll+0x77426f]
V  [jvm.dll+0x77591a]
V  [jvm.dll+0x775fd3]
V  [jvm.dll+0x25e608]
V  [jvm.dll+0xc1f31]
V  [jvm.dll+0xc24bc]
V  [jvm.dll+0x36dae2]
V  [jvm.dll+0x33ab93]
V  [jvm.dll+0x339f6a]
V  [jvm.dll+0x218485]
V  [jvm.dll+0x21762a]
V  [jvm.dll+0x1941bc]
V  [jvm.dll+0x226684]
V  [jvm.dll+0x224c78]
V  [jvm.dll+0x7396cd]
V  [jvm.dll+0x6351c2]
C  [ucrtbase.dll+0x21542]
C  [KERNEL32.DLL+0x16fd4]
C  [ntdll.dll+0x4cec1]


---------------  P R O C E S S  ---------------

Threads class SMR info:
_java_thread_list=0x000001de79cc83e0, length=49, elements={
0x000001de56e82000, 0x000001de753e6000, 0x000001de753ee800, 0x000001de75414000,
0x000001de75416000, 0x000001de7541b000, 0x000001de75426800, 0x000001de7542c000,
0x000001de75e75800, 0x000001de75e88800, 0x000001de766b1800, 0x000001de78036000,
0x000001de78a48000, 0x000001de7768f000, 0x000001de76de0000, 0x000001de77b30800,
0x000001de76ce7000, 0x000001de7784f800, 0x000001de77c9a800, 0x000001de774f7000,
0x000001de79a19000, 0x000001de78367800, 0x000001de78365000, 0x000001de78365800,
0x000001de78363000, 0x000001de79843000, 0x000001de78364000, 0x000001de78366800,
0x000001de7bfda000, 0x000001de7bfdb800, 0x000001de7bfdd800, 0x000001de7bfe7000,
0x000001de7bfe8000, 0x000001de77e49800, 0x000001de77e48800, 0x000001de77e4a800,
0x000001de77e4b000, 0x000001de77e45800, 0x000001de77e47000, 0x000001de77e4c000,
0x000001de77e46000, 0x000001de77e48000, 0x000001de7bfdf000, 0x000001de7bfdc800,
0x000001de7bfdb000, 0x000001de7bfde000, 0x000001de7bfd9800, 0x000001de7bfe3000,
0x000001de7bfe5800
}

Java Threads: ( => current thread )
  0x000001de56e82000 JavaThread "main" [_thread_blocked, id=11884, stack(0x000000a982500000,0x000000a982600000)]
  0x000001de753e6000 JavaThread "Reference Handler" daemon [_thread_blocked, id=8128, stack(0x000000a982c00000,0x000000a982d00000)]
  0x000001de753ee800 JavaThread "Finalizer" daemon [_thread_blocked, id=5864, stack(0x000000a982d00000,0x000000a982e00000)]
  0x000001de75414000 JavaThread "Signal Dispatcher" daemon [_thread_blocked, id=1500, stack(0x000000a982e00000,0x000000a982f00000)]
  0x000001de75416000 JavaThread "Attach Listener" daemon [_thread_blocked, id=11348, stack(0x000000a982f00000,0x000000a983000000)]
  0x000001de7541b000 JavaThread "C2 CompilerThread0" daemon [_thread_in_native, id=12552, stack(0x000000a983000000,0x000000a983100000)]
  0x000001de75426800 JavaThread "C1 CompilerThread0" daemon [_thread_in_native, id=13304, stack(0x000000a983100000,0x000000a983200000)]
  0x000001de7542c000 JavaThread "Sweeper thread" daemon [_thread_blocked, id=8608, stack(0x000000a983200000,0x000000a983300000)]
  0x000001de75e75800 JavaThread "Common-Cleaner" daemon [_thread_blocked, id=5456, stack(0x000000a983300000,0x000000a983400000)]
  0x000001de75e88800 JavaThread "Service Thread" daemon [_thread_blocked, id=11848, stack(0x000000a983400000,0x000000a983500000)]
=>0x000001de766b1800 JavaThread "C2 CompilerThread1" daemon [_thread_in_native, id=8572, stack(0x000000a983600000,0x000000a983700000)]
  0x000001de78036000 JavaThread "Daemon health stats" [_thread_blocked, id=12752, stack(0x000000a983a00000,0x000000a983b00000)]
  0x000001de78a48000 JavaThread "Incoming local TCP Connector on port 63095" [_thread_in_native, id=6216, stack(0x000000a983900000,0x000000a983a00000)]
  0x000001de7768f000 JavaThread "Daemon periodic checks" [_thread_blocked, id=2856, stack(0x000000a983b00000,0x000000a983c00000)]
  0x000001de76de0000 JavaThread "Daemon" [_thread_blocked, id=9632, stack(0x000000a983c00000,0x000000a983d00000)]
  0x000001de77b30800 JavaThread "Handler for socket connection from /127.0.0.1:63095 to /127.0.0.1:63096" [_thread_in_native, id=3248, stack(0x000000a983d00000,0x000000a983e00000)]
  0x000001de76ce7000 JavaThread "Cancel handler" [_thread_blocked, id=13148, stack(0x000000a983e00000,0x000000a983f00000)]
  0x000001de7784f800 JavaThread "Daemon worker" [_thread_in_Java, id=4956, stack(0x000000a983f00000,0x000000a984000000)]
  0x000001de77c9a800 JavaThread "Asynchronous log dispatcher for DefaultDaemonConnection: socket connection from /127.0.0.1:63095 to /127.0.0.1:63096" [_thread_blocked, id=8560, stack(0x000000a984000000,0x000000a984100000)]
  0x000001de774f7000 JavaThread "Stdin handler" [_thread_blocked, id=10916, stack(0x000000a984100000,0x000000a984200000)]
  0x000001de79a19000 JavaThread "Thread-8" [_thread_blocked, id=10528, stack(0x000000a984200000,0x000000a984300000)]
  0x000001de78367800 JavaThread "Cache worker for file hash cache (D:\gradleConfig\caches\5.6.4\fileHashes)" [_thread_blocked, id=7512, stack(0x000000a984300000,0x000000a984400000)]
  0x000001de78365000 JavaThread "File lock request listener" [_thread_in_native, id=10768, stack(0x000000a984400000,0x000000a984500000)]
  0x000001de78365800 JavaThread "Cache worker for journal cache (D:\gradleConfig\caches\journal-1)" [_thread_blocked, id=4344, stack(0x000000a984500000,0x000000a984600000)]
  0x000001de78363000 JavaThread "Cache worker for file hash cache (E:\work\code\spring-framework\.gradle\5.6.4\fileHashes)" [_thread_blocked, id=2328, stack(0x000000a984f00000,0x000000a985000000)]
  0x000001de79843000 JavaThread "C2 CompilerThread2" daemon [_thread_in_native, id=1220, stack(0x000000a985000000,0x000000a985100000)]
  0x000001de78364000 JavaThread "Cache worker for cache directory md-supplier (D:\gradleConfig\caches\5.6.4\md-supplier)" [_thread_blocked, id=5264, stack(0x000000a985100000,0x000000a985200000)]
  0x000001de78366800 JavaThread "Cache worker for cache directory md-rule (D:\gradleConfig\caches\5.6.4\md-rule)" [_thread_blocked, id=10116, stack(0x000000a985200000,0x000000a985300000)]
  0x000001de7bfda000 JavaThread "Cache worker for execution history cache (D:\gradleConfig\caches\5.6.4\executionHistory)" [_thread_blocked, id=9348, stack(0x000000a985300000,0x000000a985400000)]
  0x000001de7bfdb800 JavaThread "Memory manager" [_thread_blocked, id=1356, stack(0x000000a985500000,0x000000a985600000)]
  0x000001de7bfdd800 JavaThread "Cache worker for file content cache (D:\gradleConfig\caches\5.6.4\fileContent)" [_thread_blocked, id=12232, stack(0x000000a985600000,0x000000a985700000)]
  0x000001de7bfe7000 JavaThread "Build operations" [_thread_blocked, id=7104, stack(0x000000a986400000,0x000000a986500000)]
  0x000001de7bfe8000 JavaThread "Build operations Thread 2" [_thread_blocked, id=8364, stack(0x000000a986500000,0x000000a986600000)]
  0x000001de77e49800 JavaThread "Build operations Thread 3" [_thread_blocked, id=7608, stack(0x000000a986600000,0x000000a986700000)]
  0x000001de77e48800 JavaThread "Build operations Thread 4" [_thread_blocked, id=3220, stack(0x000000a986700000,0x000000a986800000)]
  0x000001de77e4a800 JavaThread "Build operations Thread 5" [_thread_blocked, id=7524, stack(0x000000a986800000,0x000000a986900000)]
  0x000001de77e4b000 JavaThread "Build operations Thread 6" [_thread_blocked, id=9280, stack(0x000000a986900000,0x000000a986a00000)]
  0x000001de77e45800 JavaThread "Build operations Thread 7" [_thread_blocked, id=5600, stack(0x000000a986a00000,0x000000a986b00000)]
  0x000001de77e47000 JavaThread "Build operations Thread 8" [_thread_blocked, id=1720, stack(0x000000a986b00000,0x000000a986c00000)]
  0x000001de77e4c000 JavaThread "Build operations Thread 9" [_thread_blocked, id=8788, stack(0x000000a986c00000,0x000000a986d00000)]
  0x000001de77e46000 JavaThread "Build operations Thread 10" [_thread_blocked, id=11808, stack(0x000000a986d00000,0x000000a986e00000)]
  0x000001de77e48000 JavaThread "Build operations Thread 11" [_thread_blocked, id=8168, stack(0x000000a986e00000,0x000000a986f00000)]
  0x000001de7bfdf000 JavaThread "Build operations Thread 12" [_thread_blocked, id=6472, stack(0x000000a985400000,0x000000a985500000)]
  0x000001de7bfdc800 JavaThread "Cache worker for Build Output Cleanup Cache (E:\work\code\spring-framework\.gradle\buildOutputCleanup)" [_thread_blocked, id=4392, stack(0x000000a985700000,0x000000a985800000)]
  0x000001de7bfdb000 JavaThread "gradle-enterprise-worker-0" [_thread_in_native, id=8476, stack(0x000000a985800000,0x000000a985900000)]
  0x000001de7bfde000 JavaThread "gradle-enterprise-background-0" daemon [_thread_blocked, id=5376, stack(0x000000a985900000,0x000000a985a00000)]
  0x000001de7bfd9800 JavaThread "Exec process" daemon [_thread_blocked, id=5516, stack(0x000000a985a00000,0x000000a985b00000)]
  0x000001de7bfe3000 JavaThread "Exec process Thread 2" daemon [_thread_blocked, id=8712, stack(0x000000a985b00000,0x000000a985c00000)]
  0x000001de7bfe5800 JavaThread "Exec process Thread 3" daemon [_thread_blocked, id=8324, stack(0x000000a985c00000,0x000000a985d00000)]

Other Threads:
  0x000001de753c3000 VMThread "VM Thread" [stack: 0x000000a982b00000,0x000000a982c00000] [id=5184]
  0x000001de75eaa000 WatcherThread [stack: 0x000000a983500000,0x000000a983600000] [id=9276]
  0x000001de56e9a800 GCTaskThread "GC Thread#0" [stack: 0x000000a982600000,0x000000a982700000] [id=13064]
  0x000001de76722800 GCTaskThread "GC Thread#1" [stack: 0x000000a983700000,0x000000a983800000] [id=2400]
  0x000001de76681800 GCTaskThread "GC Thread#2" [stack: 0x000000a983800000,0x000000a983900000] [id=5636]
  0x000001de796de800 GCTaskThread "GC Thread#3" [stack: 0x000000a984600000,0x000000a984700000] [id=1088]
  0x000001de77c45000 GCTaskThread "GC Thread#4" [stack: 0x000000a984700000,0x000000a984800000] [id=7484]
  0x000001de77e53000 GCTaskThread "GC Thread#5" [stack: 0x000000a984800000,0x000000a984900000] [id=6308]
  0x000001de795b3800 GCTaskThread "GC Thread#6" [stack: 0x000000a984900000,0x000000a984a00000] [id=1332]
  0x000001de76b26800 GCTaskThread "GC Thread#7" [stack: 0x000000a984a00000,0x000000a984b00000] [id=8092]
  0x000001de79288800 GCTaskThread "GC Thread#8" [stack: 0x000000a984b00000,0x000000a984c00000] [id=4100]
  0x000001de7932a000 GCTaskThread "GC Thread#9" [stack: 0x000000a984c00000,0x000000a984d00000] [id=804]
  0x000001de56ec0800 ConcurrentGCThread "G1 Main Marker" [stack: 0x000000a982700000,0x000000a982800000] [id=10172]
  0x000001de56ec3000 ConcurrentGCThread "G1 Conc#0" [stack: 0x000000a982800000,0x000000a982900000] [id=11960]
  0x000001de77df9800 ConcurrentGCThread "G1 Conc#1" [stack: 0x000000a984d00000,0x000000a984e00000] [id=5372]
  0x000001de7797c800 ConcurrentGCThread "G1 Conc#2" [stack: 0x000000a984e00000,0x000000a984f00000] [id=7812]
  0x000001de56f6c000 ConcurrentGCThread "G1 Refine#0" [stack: 0x000000a982900000,0x000000a982a00000] [id=9524]
  0x000001de56f6c800 ConcurrentGCThread "G1 Young RemSet Sampling" [stack: 0x000000a982a00000,0x000000a982b00000] [id=5208]

Threads with active compile tasks:
C2 CompilerThread05715       4       java.lang.invoke.MethodType::makeImpl (108 bytes)
C2 CompilerThread15455 %     4       org.gradle.internal.instantiation.AbstractClassGenerator::inspectType @ 107 (559 bytes)
C2 CompilerThread25782   !   4       java.util.zip.InflaterInputStream::read (138 bytes)

VM state:not at safepoint (normal execution)

VM Mutex/Monitor currently owned by a thread: None

Heap address: 0x00000000a0000000, size: 1536 MB, Compressed Oops mode: 32-bit
Narrow klass base: 0x0000000000000000, Narrow klass shift: 3
Compressed class space size: 1073741824 Address: 0x0000000100000000

Heap:
 garbage-first heap   total 157696K, used 91790K [0x00000000a0000000, 0x0000000100000000)
  region size 1024K, 39 young (39936K), 7 survivors (7168K)
 Metaspace       used 55207K, capacity 57094K, committed 57216K, reserved 1097728K
  class space    used 7399K, capacity 7971K, committed 8064K, reserved 1048576K
Heap Regions: E=young(eden), S=young(survivor), O=old, HS=humongous(starts), HC=humongous(continues), CS=collection set, F=free, A=archive, TAMS=top-at-mark-start (previous, next)
|   0|0x00000000a0000000, 0x00000000a0100000, 0x00000000a0100000|100%| O|  |TAMS 0x00000000a0100000, 0x00000000a0000000| Untracked 
|   1|0x00000000a0100000, 0x00000000a0200000, 0x00000000a0200000|100%| O|  |TAMS 0x00000000a0200000, 0x00000000a0100000| Untracked 
|   2|0x00000000a0200000, 0x00000000a0300000, 0x00000000a0300000|100%| O|  |TAMS 0x00000000a0300000, 0x00000000a0200000| Untracked 
|   3|0x00000000a0300000, 0x00000000a0400000, 0x00000000a0400000|100%|HS|  |TAMS 0x00000000a0400000, 0x00000000a0300000| Complete 
|   4|0x00000000a0400000, 0x00000000a0500000, 0x00000000a0500000|100%|HC|  |TAMS 0x00000000a0500000, 0x00000000a0400000| Complete 
|   5|0x00000000a0500000, 0x00000000a0600000, 0x00000000a0600000|100%|HC|  |TAMS 0x00000000a0600000, 0x00000000a0500000| Complete 
|   6|0x00000000a0600000, 0x00000000a0700000, 0x00000000a0700000|100%| O|  |TAMS 0x00000000a0700000, 0x00000000a0600000| Untracked 
|   7|0x00000000a0700000, 0x00000000a0800000, 0x00000000a0800000|100%| O|  |TAMS 0x00000000a0800000, 0x00000000a0700000| Untracked 
|   8|0x00000000a0800000, 0x00000000a0900000, 0x00000000a0900000|100%| O|  |TAMS 0x00000000a0900000, 0x00000000a0800000| Untracked 
|   9|0x00000000a0900000, 0x00000000a0a00000, 0x00000000a0a00000|100%| O|  |TAMS 0x00000000a0a00000, 0x00000000a0900000| Untracked 
|  10|0x00000000a0a00000, 0x00000000a0b00000, 0x00000000a0b00000|100%| O|  |TAMS 0x00000000a0b00000, 0x00000000a0a00000| Untracked 
|  11|0x00000000a0b00000, 0x00000000a0c00000, 0x00000000a0c00000|100%| O|  |TAMS 0x00000000a0c00000, 0x00000000a0b00000| Untracked 
|  12|0x00000000a0c00000, 0x00000000a0d00000, 0x00000000a0d00000|100%| O|  |TAMS 0x00000000a0d00000, 0x00000000a0c00000| Untracked 
|  13|0x00000000a0d00000, 0x00000000a0e00000, 0x00000000a0e00000|100%| O|  |TAMS 0x00000000a0e00000, 0x00000000a0d00000| Untracked 
|  14|0x00000000a0e00000, 0x00000000a0f00000, 0x00000000a0f00000|100%| O|  |TAMS 0x00000000a0f00000, 0x00000000a0e00000| Untracked 
|  15|0x00000000a0f00000, 0x00000000a1000000, 0x00000000a1000000|100%| O|  |TAMS 0x00000000a1000000, 0x00000000a0f00000| Untracked 
|  16|0x00000000a1000000, 0x00000000a1100000, 0x00000000a1100000|100%|HS|  |TAMS 0x00000000a1100000, 0x00000000a1000000| Complete 
|  17|0x00000000a1100000, 0x00000000a1200000, 0x00000000a1200000|100%|HC|  |TAMS 0x00000000a1200000, 0x00000000a1100000| Complete 
|  18|0x00000000a1200000, 0x00000000a1300000, 0x00000000a1300000|100%|HS|  |TAMS 0x00000000a1300000, 0x00000000a1200000| Complete 
|  19|0x00000000a1300000, 0x00000000a1400000, 0x00000000a1400000|100%|HC|  |TAMS 0x00000000a1400000, 0x00000000a1300000| Complete 
|  20|0x00000000a1400000, 0x00000000a1500000, 0x00000000a1500000|100%|HC|  |TAMS 0x00000000a1500000, 0x00000000a1400000| Complete 
|  21|0x00000000a1500000, 0x00000000a1600000, 0x00000000a1600000|100%|HS|  |TAMS 0x00000000a1600000, 0x00000000a1500000| Complete 
|  22|0x00000000a1600000, 0x00000000a1700000, 0x00000000a1700000|100%|HC|  |TAMS 0x00000000a1700000, 0x00000000a1600000| Complete 
|  23|0x00000000a1700000, 0x00000000a1800000, 0x00000000a1800000|100%|HC|  |TAMS 0x00000000a1800000, 0x00000000a1700000| Complete 
|  24|0x00000000a1800000, 0x00000000a1900000, 0x00000000a1900000|100%|HC|  |TAMS 0x00000000a1900000, 0x00000000a1800000| Complete 
|  25|0x00000000a1900000, 0x00000000a1a00000, 0x00000000a1a00000|100%|HS|  |TAMS 0x00000000a1a00000, 0x00000000a1900000| Complete 
|  26|0x00000000a1a00000, 0x00000000a1b00000, 0x00000000a1b00000|100%|HC|  |TAMS 0x00000000a1b00000, 0x00000000a1a00000| Complete 
|  27|0x00000000a1b00000, 0x00000000a1c00000, 0x00000000a1c00000|100%| O|  |TAMS 0x00000000a1b00000, 0x00000000a1b00000| Untracked 
|  28|0x00000000a1c00000, 0x00000000a1d00000, 0x00000000a1d00000|100%| O|  |TAMS 0x00000000a1c00000, 0x00000000a1c00000| Untracked 
|  29|0x00000000a1d00000, 0x00000000a1e00000, 0x00000000a1e00000|100%| O|  |TAMS 0x00000000a1d00000, 0x00000000a1d00000| Untracked 
|  30|0x00000000a1e00000, 0x00000000a1f00000, 0x00000000a1f00000|100%| O|  |TAMS 0x00000000a1f00000, 0x00000000a1e00000| Untracked 
|  31|0x00000000a1f00000, 0x00000000a2000000, 0x00000000a2000000|100%| O|  |TAMS 0x00000000a2000000, 0x00000000a1f00000| Untracked 
|  32|0x00000000a2000000, 0x00000000a2100000, 0x00000000a2100000|100%| O|  |TAMS 0x00000000a2100000, 0x00000000a2000000| Untracked 
|  33|0x00000000a2100000, 0x00000000a2200000, 0x00000000a2200000|100%| O|  |TAMS 0x00000000a2200000, 0x00000000a2100000| Untracked 
|  34|0x00000000a2200000, 0x00000000a2300000, 0x00000000a2300000|100%| O|  |TAMS 0x00000000a226be00, 0x00000000a2200000| Untracked 
|  35|0x00000000a2300000, 0x00000000a2400000, 0x00000000a2400000|100%| O|  |TAMS 0x00000000a2300000, 0x00000000a2300000| Untracked 
|  36|0x00000000a2400000, 0x00000000a2500000, 0x00000000a2500000|100%| O|  |TAMS 0x00000000a2400000, 0x00000000a2400000| Untracked 
|  37|0x00000000a2500000, 0x00000000a2600000, 0x00000000a2600000|100%| O|  |TAMS 0x00000000a2500000, 0x00000000a2500000| Untracked 
|  38|0x00000000a2600000, 0x00000000a2700000, 0x00000000a2700000|100%| O|  |TAMS 0x00000000a2600000, 0x00000000a2600000| Untracked 
|  39|0x00000000a2700000, 0x00000000a2800000, 0x00000000a2800000|100%| O|  |TAMS 0x00000000a2700000, 0x00000000a2700000| Untracked 
|  40|0x00000000a2800000, 0x00000000a2900000, 0x00000000a2900000|100%| O|  |TAMS 0x00000000a2800000, 0x00000000a2800000| Untracked 
|  41|0x00000000a2900000, 0x00000000a2a00000, 0x00000000a2a00000|100%|HS|  |TAMS 0x00000000a2900000, 0x00000000a2900000| Complete 
|  42|0x00000000a2a00000, 0x00000000a2b00000, 0x00000000a2b00000|100%|HC|  |TAMS 0x00000000a2a00000, 0x00000000a2a00000| Complete 
|  43|0x00000000a2b00000, 0x00000000a2c00000, 0x00000000a2c00000|100%|HC|  |TAMS 0x00000000a2b00000, 0x00000000a2b00000| Complete 
|  44|0x00000000a2c00000, 0x00000000a2d00000, 0x00000000a2d00000|100%| O|  |TAMS 0x00000000a2c00000, 0x00000000a2c00000| Untracked 
|  45|0x00000000a2d00000, 0x00000000a2e00000, 0x00000000a2e00000|100%| O|  |TAMS 0x00000000a2d00000, 0x00000000a2d00000| Untracked 
|  46|0x00000000a2e00000, 0x00000000a2f00000, 0x00000000a2f00000|100%| O|  |TAMS 0x00000000a2e00000, 0x00000000a2e00000| Untracked 
|  47|0x00000000a2f00000, 0x00000000a3000000, 0x00000000a3000000|100%| O|  |TAMS 0x00000000a2f00000, 0x00000000a2f00000| Untracked 
|  48|0x00000000a3000000, 0x00000000a3100000, 0x00000000a3100000|100%| O|  |TAMS 0x00000000a3000000, 0x00000000a3000000| Untracked 
|  49|0x00000000a3100000, 0x00000000a3200000, 0x00000000a3200000|100%| O|  |TAMS 0x00000000a3100000, 0x00000000a3100000| Untracked 
|  50|0x00000000a3200000, 0x00000000a32a3a00, 0x00000000a3300000| 63%| O|  |TAMS 0x00000000a3200000, 0x00000000a3200000| Untracked 
|  51|0x00000000a3300000, 0x00000000a3400000, 0x00000000a3400000|100%|HS|  |TAMS 0x00000000a3300000, 0x00000000a3300000| Complete 
|  52|0x00000000a3400000, 0x00000000a3400000, 0x00000000a3500000|  0%| F|  |TAMS 0x00000000a3400000, 0x00000000a3400000| Untracked 
|  53|0x00000000a3500000, 0x00000000a3500000, 0x00000000a3600000|  0%| F|  |TAMS 0x00000000a3500000, 0x00000000a3500000| Untracked 
|  54|0x00000000a3600000, 0x00000000a3600000, 0x00000000a3700000|  0%| F|  |TAMS 0x00000000a3600000, 0x00000000a3600000| Untracked 
|  55|0x00000000a3700000, 0x00000000a3700000, 0x00000000a3800000|  0%| F|  |TAMS 0x00000000a3700000, 0x00000000a3700000| Untracked 
|  56|0x00000000a3800000, 0x00000000a3800000, 0x00000000a3900000|  0%| F|  |TAMS 0x00000000a3800000, 0x00000000a3800000| Untracked 
|  57|0x00000000a3900000, 0x00000000a3900000, 0x00000000a3a00000|  0%| F|  |TAMS 0x00000000a3900000, 0x00000000a3900000| Untracked 
|  58|0x00000000a3a00000, 0x00000000a3a00000, 0x00000000a3b00000|  0%| F|  |TAMS 0x00000000a3a00000, 0x00000000a3a00000| Untracked 
|  59|0x00000000a3b00000, 0x00000000a3b00000, 0x00000000a3c00000|  0%| F|  |TAMS 0x00000000a3b00000, 0x00000000a3b00000| Untracked 
|  60|0x00000000a3c00000, 0x00000000a3c00000, 0x00000000a3d00000|  0%| F|  |TAMS 0x00000000a3c00000, 0x00000000a3c00000| Untracked 
|  61|0x00000000a3d00000, 0x00000000a3d00000, 0x00000000a3e00000|  0%| F|  |TAMS 0x00000000a3d00000, 0x00000000a3d00000| Untracked 
|  62|0x00000000a3e00000, 0x00000000a3e00000, 0x00000000a3f00000|  0%| F|  |TAMS 0x00000000a3e00000, 0x00000000a3e00000| Untracked 
|  63|0x00000000a3f00000, 0x00000000a3f00000, 0x00000000a4000000|  0%| F|  |TAMS 0x00000000a3f00000, 0x00000000a3f00000| Untracked 
|  64|0x00000000a4000000, 0x00000000a4000000, 0x00000000a4100000|  0%| F|  |TAMS 0x00000000a4000000, 0x00000000a4000000| Untracked 
|  65|0x00000000a4100000, 0x00000000a4100000, 0x00000000a4200000|  0%| F|  |TAMS 0x00000000a4100000, 0x00000000a4100000| Untracked 
|  66|0x00000000a4200000, 0x00000000a4200000, 0x00000000a4300000|  0%| F|  |TAMS 0x00000000a4200000, 0x00000000a4200000| Untracked 
|  67|0x00000000a4300000, 0x00000000a4300000, 0x00000000a4400000|  0%| F|  |TAMS 0x00000000a4300000, 0x00000000a4300000| Untracked 
|  68|0x00000000a4400000, 0x00000000a4400000, 0x00000000a4500000|  0%| F|  |TAMS 0x00000000a4400000, 0x00000000a4400000| Untracked 
|  69|0x00000000a4500000, 0x00000000a4500000, 0x00000000a4600000|  0%| F|  |TAMS 0x00000000a4500000, 0x00000000a4500000| Untracked 
|  70|0x00000000a4600000, 0x00000000a4600000, 0x00000000a4700000|  0%| F|  |TAMS 0x00000000a4600000, 0x00000000a4600000| Untracked 
|  71|0x00000000a4700000, 0x00000000a4700000, 0x00000000a4800000|  0%| F|  |TAMS 0x00000000a4700000, 0x00000000a4700000| Untracked 
|  72|0x00000000a4800000, 0x00000000a4900000, 0x00000000a4900000|100%| S|CS|TAMS 0x00000000a4800000, 0x00000000a4800000| Complete 
|  73|0x00000000a4900000, 0x00000000a4a00000, 0x00000000a4a00000|100%| S|CS|TAMS 0x00000000a4900000, 0x00000000a4900000| Complete 
|  74|0x00000000a4a00000, 0x00000000a4b00000, 0x00000000a4b00000|100%| S|CS|TAMS 0x00000000a4a00000, 0x00000000a4a00000| Complete 
|  75|0x00000000a4b00000, 0x00000000a4c00000, 0x00000000a4c00000|100%| S|CS|TAMS 0x00000000a4b00000, 0x00000000a4b00000| Complete 
|  76|0x00000000a4c00000, 0x00000000a4c00000, 0x00000000a4d00000|  0%| F|  |TAMS 0x00000000a4c00000, 0x00000000a4c00000| Untracked 
|  77|0x00000000a4d00000, 0x00000000a4e00000, 0x00000000a4e00000|100%| S|CS|TAMS 0x00000000a4d00000, 0x00000000a4d00000| Complete 
|  78|0x00000000a4e00000, 0x00000000a4f00000, 0x00000000a4f00000|100%| S|CS|TAMS 0x00000000a4e00000, 0x00000000a4e00000| Complete 
|  79|0x00000000a4f00000, 0x00000000a4f00000, 0x00000000a5000000|  0%| F|  |TAMS 0x00000000a4f00000, 0x00000000a4f00000| Untracked 
|  80|0x00000000a5000000, 0x00000000a5100000, 0x00000000a5100000|100%| S|CS|TAMS 0x00000000a5000000, 0x00000000a5000000| Complete 
|  81|0x00000000a5100000, 0x00000000a5100000, 0x00000000a5200000|  0%| F|  |TAMS 0x00000000a5100000, 0x00000000a5100000| Untracked 
|  82|0x00000000a5200000, 0x00000000a5200000, 0x00000000a5300000|  0%| F|  |TAMS 0x00000000a5200000, 0x00000000a5200000| Untracked 
|  83|0x00000000a5300000, 0x00000000a5300000, 0x00000000a5400000|  0%| F|  |TAMS 0x00000000a5300000, 0x00000000a5300000| Untracked 
|  84|0x00000000a5400000, 0x00000000a5400000, 0x00000000a5500000|  0%| F|  |TAMS 0x00000000a5400000, 0x00000000a5400000| Untracked 
|  85|0x00000000a5500000, 0x00000000a5500000, 0x00000000a5600000|  0%| F|  |TAMS 0x00000000a5500000, 0x00000000a5500000| Untracked 
|  86|0x00000000a5600000, 0x00000000a5600000, 0x00000000a5700000|  0%| F|  |TAMS 0x00000000a5600000, 0x00000000a5600000| Untracked 
|  87|0x00000000a5700000, 0x00000000a5700000, 0x00000000a5800000|  0%| F|  |TAMS 0x00000000a5700000, 0x00000000a5700000| Untracked 
|  88|0x00000000a5800000, 0x00000000a5800000, 0x00000000a5900000|  0%| F|  |TAMS 0x00000000a5800000, 0x00000000a5800000| Untracked 
|  89|0x00000000a5900000, 0x00000000a5900000, 0x00000000a5a00000|  0%| F|  |TAMS 0x00000000a5900000, 0x00000000a5900000| Untracked 
|  90|0x00000000a5a00000, 0x00000000a5a00000, 0x00000000a5b00000|  0%| F|  |TAMS 0x00000000a5a00000, 0x00000000a5a00000| Untracked 
|  91|0x00000000a5b00000, 0x00000000a5b00000, 0x00000000a5c00000|  0%| F|  |TAMS 0x00000000a5b00000, 0x00000000a5b00000| Untracked 
|  92|0x00000000a5c00000, 0x00000000a5c00000, 0x00000000a5d00000|  0%| F|  |TAMS 0x00000000a5c00000, 0x00000000a5c00000| Untracked 
|  93|0x00000000a5d00000, 0x00000000a5d00000, 0x00000000a5e00000|  0%| F|  |TAMS 0x00000000a5d00000, 0x00000000a5d00000| Untracked 
|  94|0x00000000a5e00000, 0x00000000a5e00000, 0x00000000a5f00000|  0%| F|  |TAMS 0x00000000a5e00000, 0x00000000a5e00000| Untracked 
|  95|0x00000000a5f00000, 0x00000000a5f00000, 0x00000000a6000000|  0%| F|  |TAMS 0x00000000a5f00000, 0x00000000a5f00000| Untracked 
|  96|0x00000000a6000000, 0x00000000a6000000, 0x00000000a6100000|  0%| F|  |TAMS 0x00000000a6000000, 0x00000000a6000000| Untracked 
|  97|0x00000000a6100000, 0x00000000a6100000, 0x00000000a6200000|  0%| F|  |TAMS 0x00000000a6100000, 0x00000000a6100000| Untracked 
|  98|0x00000000a6200000, 0x00000000a6200000, 0x00000000a6300000|  0%| F|  |TAMS 0x00000000a6200000, 0x00000000a6200000| Untracked 
|  99|0x00000000a6300000, 0x00000000a6300000, 0x00000000a6400000|  0%| F|  |TAMS 0x00000000a6300000, 0x00000000a6300000| Untracked 
| 100|0x00000000a6400000, 0x00000000a6400000, 0x00000000a6500000|  0%| F|  |TAMS 0x00000000a6400000, 0x00000000a6400000| Untracked 
| 101|0x00000000a6500000, 0x00000000a6500000, 0x00000000a6600000|  0%| F|  |TAMS 0x00000000a6500000, 0x00000000a6500000| Untracked 
| 102|0x00000000a6600000, 0x00000000a6600000, 0x00000000a6700000|  0%| F|  |TAMS 0x00000000a6600000, 0x00000000a6600000| Untracked 
| 103|0x00000000a6700000, 0x00000000a6700000, 0x00000000a6800000|  0%| F|  |TAMS 0x00000000a6700000, 0x00000000a6700000| Untracked 
| 104|0x00000000a6800000, 0x00000000a6800000, 0x00000000a6900000|  0%| F|  |TAMS 0x00000000a6800000, 0x00000000a6800000| Untracked 
| 105|0x00000000a6900000, 0x00000000a6900000, 0x00000000a6a00000|  0%| F|  |TAMS 0x00000000a6900000, 0x00000000a6900000| Untracked 
| 106|0x00000000a6a00000, 0x00000000a6a00000, 0x00000000a6b00000|  0%| F|  |TAMS 0x00000000a6a00000, 0x00000000a6a00000| Untracked 
| 107|0x00000000a6b00000, 0x00000000a6b00000, 0x00000000a6c00000|  0%| F|  |TAMS 0x00000000a6b00000, 0x00000000a6b00000| Untracked 
| 108|0x00000000a6c00000, 0x00000000a6c00000, 0x00000000a6d00000|  0%| F|  |TAMS 0x00000000a6c00000, 0x00000000a6c00000| Untracked 
| 109|0x00000000a6d00000, 0x00000000a6d00000, 0x00000000a6e00000|  0%| F|  |TAMS 0x00000000a6d00000, 0x00000000a6d00000| Untracked 
| 110|0x00000000a6e00000, 0x00000000a6e00000, 0x00000000a6f00000|  0%| F|  |TAMS 0x00000000a6e00000, 0x00000000a6e00000| Untracked 
| 111|0x00000000a6f00000, 0x00000000a6f00000, 0x00000000a7000000|  0%| F|  |TAMS 0x00000000a6f00000, 0x00000000a6f00000| Untracked 
| 112|0x00000000a7000000, 0x00000000a7000000, 0x00000000a7100000|  0%| F|  |TAMS 0x00000000a7000000, 0x00000000a7000000| Untracked 
| 113|0x00000000a7100000, 0x00000000a7100000, 0x00000000a7200000|  0%| F|  |TAMS 0x00000000a7100000, 0x00000000a7100000| Untracked 
| 114|0x00000000a7200000, 0x00000000a7200000, 0x00000000a7300000|  0%| F|  |TAMS 0x00000000a7200000, 0x00000000a7200000| Untracked 
| 115|0x00000000a7300000, 0x00000000a7300000, 0x00000000a7400000|  0%| F|  |TAMS 0x00000000a7300000, 0x00000000a7300000| Untracked 
| 116|0x00000000a7400000, 0x00000000a7400000, 0x00000000a7500000|  0%| F|  |TAMS 0x00000000a7400000, 0x00000000a7400000| Untracked 
| 117|0x00000000a7500000, 0x00000000a7500000, 0x00000000a7600000|  0%| F|  |TAMS 0x00000000a7500000, 0x00000000a7500000| Untracked 
| 118|0x00000000a7600000, 0x00000000a7600000, 0x00000000a7700000|  0%| F|  |TAMS 0x00000000a7600000, 0x00000000a7600000| Untracked 
| 119|0x00000000a7700000, 0x00000000a7700000, 0x00000000a7800000|  0%| F|  |TAMS 0x00000000a7700000, 0x00000000a7700000| Untracked 
| 120|0x00000000a7800000, 0x00000000a7800000, 0x00000000a7900000|  0%| F|  |TAMS 0x00000000a7800000, 0x00000000a7800000| Untracked 
| 121|0x00000000a7900000, 0x00000000a7900000, 0x00000000a7a00000|  0%| F|  |TAMS 0x00000000a7900000, 0x00000000a7900000| Untracked 
| 122|0x00000000a7a00000, 0x00000000a7a938a8, 0x00000000a7b00000| 57%| E|  |TAMS 0x00000000a7a00000, 0x00000000a7a00000| Complete 
| 123|0x00000000a7b00000, 0x00000000a7c00000, 0x00000000a7c00000|100%| E|CS|TAMS 0x00000000a7b00000, 0x00000000a7b00000| Complete 
| 124|0x00000000a7c00000, 0x00000000a7d00000, 0x00000000a7d00000|100%| E|CS|TAMS 0x00000000a7c00000, 0x00000000a7c00000| Complete 
| 125|0x00000000a7d00000, 0x00000000a7e00000, 0x00000000a7e00000|100%| E|CS|TAMS 0x00000000a7d00000, 0x00000000a7d00000| Complete 
| 126|0x00000000a7e00000, 0x00000000a7f00000, 0x00000000a7f00000|100%| E|CS|TAMS 0x00000000a7e00000, 0x00000000a7e00000| Complete 
| 127|0x00000000a7f00000, 0x00000000a8000000, 0x00000000a8000000|100%| E|CS|TAMS 0x00000000a7f00000, 0x00000000a7f00000| Complete 
| 128|0x00000000a8000000, 0x00000000a8100000, 0x00000000a8100000|100%| E|CS|TAMS 0x00000000a8000000, 0x00000000a8000000| Complete 
| 129|0x00000000a8100000, 0x00000000a8200000, 0x00000000a8200000|100%| E|CS|TAMS 0x00000000a8100000, 0x00000000a8100000| Complete 
| 130|0x00000000a8200000, 0x00000000a8300000, 0x00000000a8300000|100%| E|CS|TAMS 0x00000000a8200000, 0x00000000a8200000| Complete 
| 131|0x00000000a8300000, 0x00000000a8400000, 0x00000000a8400000|100%| E|CS|TAMS 0x00000000a8300000, 0x00000000a8300000| Complete 
| 132|0x00000000a8400000, 0x00000000a8500000, 0x00000000a8500000|100%| E|CS|TAMS 0x00000000a8400000, 0x00000000a8400000| Complete 
| 133|0x00000000a8500000, 0x00000000a8600000, 0x00000000a8600000|100%| E|CS|TAMS 0x00000000a8500000, 0x00000000a8500000| Complete 
| 134|0x00000000a8600000, 0x00000000a8700000, 0x00000000a8700000|100%| E|CS|TAMS 0x00000000a8600000, 0x00000000a8600000| Complete 
| 135|0x00000000a8700000, 0x00000000a8800000, 0x00000000a8800000|100%| E|CS|TAMS 0x00000000a8700000, 0x00000000a8700000| Complete 
| 136|0x00000000a8800000, 0x00000000a8900000, 0x00000000a8900000|100%| E|CS|TAMS 0x00000000a8800000, 0x00000000a8800000| Complete 
| 137|0x00000000a8900000, 0x00000000a8a00000, 0x00000000a8a00000|100%| E|CS|TAMS 0x00000000a8900000, 0x00000000a8900000| Complete 
| 138|0x00000000a8a00000, 0x00000000a8b00000, 0x00000000a8b00000|100%| E|CS|TAMS 0x00000000a8a00000, 0x00000000a8a00000| Complete 
| 139|0x00000000a8b00000, 0x00000000a8c00000, 0x00000000a8c00000|100%| E|CS|TAMS 0x00000000a8b00000, 0x00000000a8b00000| Complete 
| 140|0x00000000a8c00000, 0x00000000a8d00000, 0x00000000a8d00000|100%| E|CS|TAMS 0x00000000a8c00000, 0x00000000a8c00000| Complete 
| 141|0x00000000a8d00000, 0x00000000a8e00000, 0x00000000a8e00000|100%| E|CS|TAMS 0x00000000a8d00000, 0x00000000a8d00000| Complete 
| 142|0x00000000a8e00000, 0x00000000a8f00000, 0x00000000a8f00000|100%| E|CS|TAMS 0x00000000a8e00000, 0x00000000a8e00000| Complete 
| 143|0x00000000a8f00000, 0x00000000a9000000, 0x00000000a9000000|100%| E|CS|TAMS 0x00000000a8f00000, 0x00000000a8f00000| Complete 
| 144|0x00000000a9000000, 0x00000000a9100000, 0x00000000a9100000|100%| E|CS|TAMS 0x00000000a9000000, 0x00000000a9000000| Complete 
| 145|0x00000000a9100000, 0x00000000a9200000, 0x00000000a9200000|100%| E|CS|TAMS 0x00000000a9100000, 0x00000000a9100000| Complete 
| 146|0x00000000a9200000, 0x00000000a9300000, 0x00000000a9300000|100%| E|CS|TAMS 0x00000000a9200000, 0x00000000a9200000| Complete 
| 147|0x00000000a9300000, 0x00000000a9400000, 0x00000000a9400000|100%| E|CS|TAMS 0x00000000a9300000, 0x00000000a9300000| Complete 
| 148|0x00000000a9400000, 0x00000000a9500000, 0x00000000a9500000|100%| E|CS|TAMS 0x00000000a9400000, 0x00000000a9400000| Complete 
| 149|0x00000000a9500000, 0x00000000a9600000, 0x00000000a9600000|100%| E|CS|TAMS 0x00000000a9500000, 0x00000000a9500000| Complete 
| 150|0x00000000a9600000, 0x00000000a9700000, 0x00000000a9700000|100%| E|CS|TAMS 0x00000000a9600000, 0x00000000a9600000| Complete 
| 151|0x00000000a9700000, 0x00000000a9800000, 0x00000000a9800000|100%| E|CS|TAMS 0x00000000a9700000, 0x00000000a9700000| Complete 
| 152|0x00000000a9800000, 0x00000000a9900000, 0x00000000a9900000|100%| E|CS|TAMS 0x00000000a9800000, 0x00000000a9800000| Complete 
| 153|0x00000000a9900000, 0x00000000a9a00000, 0x00000000a9a00000|100%| E|CS|TAMS 0x00000000a9900000, 0x00000000a9900000| Complete 

Card table byte_map: [0x000001de6f180000,0x000001de6f480000] _byte_map_base: 0x000001de6ec80000

Marking Bits (Prev, Next): (CMBitMap*) 0x000001de56eb9f78, (CMBitMap*) 0x000001de56eb9fb0
 Prev Bits: [0x000001de6f780000, 0x000001de70f80000)
 Next Bits: [0x000001de70f80000, 0x000001de72780000)

Polling page: 0x000001de55620000

Metaspace:

Usage:
  Non-class:     47.97 MB capacity,    46.70 MB ( 97%) used,     1.14 MB (  2%) free+waste,   129.63 KB ( <1%) overhead. 
      Class:      7.78 MB capacity,     7.23 MB ( 93%) used,   504.73 KB (  6%) free+waste,    63.06 KB ( <1%) overhead. 
       Both:     55.76 MB capacity,    53.93 MB ( 97%) used,     1.64 MB (  3%) free+waste,   192.69 KB ( <1%) overhead. 

Virtual space:
  Non-class space:       48.00 MB reserved,      48.00 MB (100%) committed 
      Class space:        1.00 GB reserved,       7.88 MB ( <1%) committed 
             Both:        1.05 GB reserved,      55.88 MB (  5%) committed 

Chunk freelists:
   Non-Class:  3.63 KB
       Class:  3.63 KB
        Both:  7.25 KB

CodeHeap 'non-profiled nmethods': size=120000Kb used=3447Kb max_used=3447Kb free=116552Kb
 bounds [0x000001de66cd0000, 0x000001de67030000, 0x000001de6e200000]
CodeHeap 'profiled nmethods': size=120000Kb used=12066Kb max_used=12066Kb free=107933Kb
 bounds [0x000001de5f7a0000, 0x000001de60370000, 0x000001de66cd0000]
CodeHeap 'non-nmethods': size=5760Kb used=2240Kb max_used=2276Kb free=3519Kb
 bounds [0x000001de5f200000, 0x000001de5f470000, 0x000001de5f7a0000]
 total_blobs=7915 nmethods=5458 adapters=730
 compilation: enabled
              stopped_count=0, restarted_count=0
 full_count=0

Compilation events (10 events):
Event: 7.570 Thread 0x000001de75426800 5808       3       org.codehaus.groovy.runtime.MetaClassHelper::getMaximumInterfaceDistance (101 bytes)
Event: 7.571 Thread 0x000001de75426800 nmethod 5808 0x000001de60368b10 code [0x000001de60368d40, 0x000001de60369320]
Event: 7.575 Thread 0x000001de75426800 5809       3       org.gradle.internal.Cast::uncheckedNonnullCast (2 bytes)
Event: 7.575 Thread 0x000001de75426800 nmethod 5809 0x000001de60369590 code [0x000001de60369740, 0x000001de60369878]
Event: 7.597 Thread 0x000001de75426800 5811       3       java.util.concurrent.SynchronousQueue$TransferStack::shouldSpin (30 bytes)
Event: 7.598 Thread 0x000001de75426800 nmethod 5811 0x000001de60369910 code [0x000001de60369ae0, 0x000001de60369dd8]
Event: 7.598 Thread 0x000001de75426800 5812   !   3       java.beans.Introspector::getBeanInfo (94 bytes)
Event: 7.599 Thread 0x000001de75426800 nmethod 5812 0x000001de60369e90 code [0x000001de6036a1a0, 0x000001de6036b370]
Event: 7.599 Thread 0x000001de75426800 5813       3       java.beans.ThreadGroupContext::getBeanInfo (25 bytes)
Event: 7.599 Thread 0x000001de75426800 nmethod 5813 0x000001de6036b910 code [0x000001de6036bae0, 0x000001de6036be70]

GC Heap History (10 events):
Event: 4.446 GC heap before
{Heap before GC invocations=7 (full 0):
 garbage-first heap   total 131072K, used 80975K [0x00000000a0000000, 0x0000000100000000)
  region size 1024K, 49 young (50176K), 3 survivors (3072K)
 Metaspace       used 39052K, capacity 39892K, committed 40064K, reserved 1083392K
  class space    used 4936K, capacity 5241K, committed 5248K, reserved 1048576K
}
Event: 4.454 GC heap after
{Heap after GC invocations=8 (full 0):
 garbage-first heap   total 131072K, used 38661K [0x00000000a0000000, 0x0000000100000000)
  region size 1024K, 7 young (7168K), 7 survivors (7168K)
 Metaspace       used 39052K, capacity 39892K, committed 40064K, reserved 1083392K
  class space    used 4936K, capacity 5241K, committed 5248K, reserved 1048576K
}
Event: 5.058 GC heap before
{Heap before GC invocations=8 (full 0):
 garbage-first heap   total 131072K, used 85765K [0x00000000a0000000, 0x0000000100000000)
  region size 1024K, 53 young (54272K), 7 survivors (7168K)
 Metaspace       used 42809K, capacity 43845K, committed 44160K, reserved 1087488K
  class space    used 5584K, capacity 5892K, committed 6016K, reserved 1048576K
}
Event: 5.065 GC heap after
{Heap after GC invocations=9 (full 0):
 garbage-first heap   total 131072K, used 41617K [0x00000000a0000000, 0x0000000100000000)
  region size 1024K, 4 young (4096K), 4 survivors (4096K)
 Metaspace       used 42809K, capacity 43845K, committed 44160K, reserved 1087488K
  class space    used 5584K, capacity 5892K, committed 6016K, reserved 1048576K
}
Event: 5.765 GC heap before
{Heap before GC invocations=9 (full 0):
 garbage-first heap   total 131072K, used 89745K [0x00000000a0000000, 0x0000000100000000)
  region size 1024K, 51 young (52224K), 4 survivors (4096K)
 Metaspace       used 47503K, capacity 48774K, committed 49024K, reserved 1091584K
  class space    used 6291K, capacity 6690K, committed 6784K, reserved 1048576K
}
Event: 5.771 GC heap after
{Heap after GC invocations=10 (full 0):
 garbage-first heap   total 131072K, used 44383K [0x00000000a0000000, 0x0000000100000000)
  region size 1024K, 6 young (6144K), 6 survivors (6144K)
 Metaspace       used 47503K, capacity 48774K, committed 49024K, reserved 1091584K
  class space    used 6291K, capacity 6690K, committed 6784K, reserved 1048576K
}
Event: 6.556 GC heap before
{Heap before GC invocations=10 (full 0):
 garbage-first heap   total 131072K, used 92511K [0x00000000a0000000, 0x0000000100000000)
  region size 1024K, 54 young (55296K), 6 survivors (6144K)
 Metaspace       used 49974K, capacity 51449K, committed 51584K, reserved 1093632K
  class space    used 6612K, capacity 7027K, committed 7040K, reserved 1048576K
}
Event: 6.566 GC heap after
{Heap after GC invocations=11 (full 0):
 garbage-first heap   total 131072K, used 48451K [0x00000000a0000000, 0x0000000100000000)
  region size 1024K, 7 young (7168K), 7 survivors (7168K)
 Metaspace       used 49974K, capacity 51449K, committed 51584K, reserved 1093632K
  class space    used 6612K, capacity 7027K, committed 7040K, reserved 1048576K
}
Event: 7.074 GC heap before
{Heap before GC invocations=11 (full 0):
 garbage-first heap   total 131072K, used 99651K [0x00000000a0000000, 0x0000000100000000)
  region size 1024K, 54 young (55296K), 7 survivors (7168K)
 Metaspace       used 51802K, capacity 53339K, committed 53504K, reserved 1095680K
  class space    used 6874K, capacity 7309K, committed 7424K, reserved 1048576K
}
Event: 7.085 GC heap after
{Heap after GC invocations=12 (full 0):
 garbage-first heap   total 157696K, used 59022K [0x00000000a0000000, 0x0000000100000000)
  region size 1024K, 7 young (7168K), 7 survivors (7168K)
 Metaspace       used 51802K, capacity 53339K, committed 53504K, reserved 1095680K
  class space    used 6874K, capacity 7309K, committed 7424K, reserved 1048576K
}

Deoptimization events (10 events):
Event: 7.281 Thread 0x000001de7784f800 Uncommon trap: reason=unstable_if action=reinterpret pc=0x000001de66f182a0 method=jdk.internal.org.objectweb.asm.Type.getArgumentsAndReturnSizes(Ljava/lang/String;)I @ 47 c2
Event: 7.281 Thread 0x000001de7784f800 Uncommon trap: reason=unstable_if action=reinterpret pc=0x000001de66f2b0b4 method=jdk.internal.org.objectweb.asm.Frame.push(Ljdk/internal/org/objectweb/asm/ClassWriter;Ljava/lang/String;)V @ 18 c2
Event: 7.323 Thread 0x000001de7784f800 Uncommon trap: reason=null_check action=make_not_entrant pc=0x000001de66eb8d90 method=java.lang.ThreadLocal$ThreadLocalMap.getEntryAfterMiss(Ljava/lang/ThreadLocal;ILjava/lang/ThreadLocal$ThreadLocalMap$Entry;)Ljava/lang/ThreadLocal$ThreadLocalMap$Entry; 
Event: 7.395 Thread 0x000001de7bfdb000 Uncommon trap: reason=unstable_if action=reinterpret pc=0x000001de66e66c44 method=java.lang.Integer.stringSize(I)I @ 3 c2
Event: 7.522 Thread 0x000001de7bfdb000 Uncommon trap: reason=unstable_if action=reinterpret pc=0x000001de66cfb55c method=java.util.zip.ZipFile$Source.getEntryPos([BZ)I @ 156 c2
Event: 7.524 Thread 0x000001de7bfdb000 Uncommon trap: reason=speculate_class_check action=maybe_recompile pc=0x000001de66da05f0 method=java.util.zip.InflaterInputStream.read([BII)I @ 100 c2
Event: 7.524 Thread 0x000001de7bfdb000 Uncommon trap: reason=speculate_class_check action=maybe_recompile pc=0x000001de66da05f0 method=java.util.zip.InflaterInputStream.read([BII)I @ 100 c2
Event: 7.524 Thread 0x000001de7bfdb000 Uncommon trap: reason=speculate_class_check action=maybe_recompile pc=0x000001de66da05f0 method=java.util.zip.InflaterInputStream.read([BII)I @ 100 c2
Event: 7.524 Thread 0x000001de7bfdb000 Uncommon trap: reason=speculate_class_check action=maybe_recompile pc=0x000001de66da05f0 method=java.util.zip.InflaterInputStream.read([BII)I @ 100 c2
Event: 7.595 Thread 0x000001de7bfe5800 Uncommon trap: reason=unstable_if action=reinterpret pc=0x000001de66e39cfc method=java.io.BufferedInputStream.read([BII)I @ 56 c2

Classes redefined (0 events):
No events

Internal exceptions (10 events):
Event: 7.545 Thread 0x000001de7bfd9800 Exception <a 'java/lang/NoSuchMethodError'{0x00000000a80ffcf0}: java.lang.invoke.DirectMethodHandle$Holder.invokeStatic(Ljava/lang/Object;J)V> (0x00000000a80ffcf0) thrown at [t:/workspace/open/src/hotspot/share/interpreter/linkResolver.cpp, line 772]
Event: 7.546 Thread 0x000001de7bfd9800 Exception <a 'java/lang/NoSuchMethodError'{0x00000000a7f98bc0}: java.lang.invoke.DirectMethodHandle$Holder.invokeStatic(Ljava/lang/Object;J)Ljava/lang/Object;> (0x00000000a7f98bc0) thrown at [t:/workspace/open/src/hotspot/share/interpreter/linkResolver.cp
Event: 7.548 Thread 0x000001de7bfd9800 Exception <a 'java/lang/NoSuchMethodError'{0x00000000a7fa6e80}: java.lang.invoke.DirectMethodHandle$Holder.invokeStaticInit(Ljava/lang/Object;Ljava/lang/Object;JLjava/lang/Object;)Ljava/lang/Object;> (0x00000000a7fa6e80) thrown at [t:/workspace/open/src/h
Event: 7.549 Thread 0x000001de7bfd9800 Exception <a 'java/lang/NoSuchMethodError'{0x00000000a7facd68}: java.lang.invoke.DirectMethodHandle$Holder.invokeStatic(Ljava/lang/Object;Ljava/lang/Object;J)Ljava/lang/Object;> (0x00000000a7facd68) thrown at [t:/workspace/open/src/hotspot/share/interpret
Event: 7.549 Thread 0x000001de7bfd9800 Exception <a 'java/lang/NoSuchMethodError'{0x00000000a7fb3038}: java.lang.invoke.Invokers$Holder.linkToTargetMethod(Ljava/lang/Object;JLjava/lang/Object;)Ljava/lang/Object;> (0x00000000a7fb3038) thrown at [t:/workspace/open/src/hotspot/share/interpreter/l
Event: 7.557 Thread 0x000001de7784f800 Exception <a 'java/lang/ClassNotFoundException'{0x00000000a7e95400}: java/util/TreeSetBeanInfo> (0x00000000a7e95400) thrown at [t:/workspace/open/src/hotspot/share/classfile/systemDictionary.cpp, line 231]
Event: 7.558 Thread 0x000001de7784f800 Exception <a 'java/lang/ClassNotFoundException'{0x00000000a7e9e908}: java/util/TreeSetCustomizer> (0x00000000a7e9e908) thrown at [t:/workspace/open/src/hotspot/share/classfile/systemDictionary.cpp, line 231]
Event: 7.565 Thread 0x000001de7784f800 Exception <a 'java/lang/reflect/InvocationTargetException'{0x00000000a7ecd1b8}> (0x00000000a7ecd1b8) thrown at [t:/workspace/open/src/hotspot/share/runtime/reflection.cpp, line 1242]
Event: 7.597 Thread 0x000001de7784f800 Exception <a 'java/lang/ClassNotFoundException'{0x00000000a7cec4b0}: io/spring/gradle/dependencymanagement/internal/dsl/StandardDependencyManagementExtensionBeanInfo> (0x00000000a7cec4b0) thrown at [t:/workspace/open/src/hotspot/share/classfile/systemDict
Event: 7.598 Thread 0x000001de7784f800 Exception <a 'java/lang/ClassNotFoundException'{0x00000000a7b05408}: io/spring/gradle/dependencymanagement/internal/dsl/StandardDependencyManagementExtensionCustomizer> (0x00000000a7b05408) thrown at [t:/workspace/open/src/hotspot/share/classfile/systemDi

Events (10 events):
Event: 7.598 loading class io/spring/gradle/dependencymanagement/internal/dsl/StandardDependencyManagementExtensionCustomizer
Event: 7.598 loading class io/spring/gradle/dependencymanagement/internal/dsl/StandardDependencyManagementExtensionCustomizer done
Event: 7.598 loading class io/spring/gradle/dependencymanagement/internal/dsl/StandardDependencyManagementExtensionCustomizer
Event: 7.598 loading class io/spring/gradle/dependencymanagement/internal/dsl/StandardDependencyManagementExtensionCustomizer done
Event: 7.599 loading class io/spring/gradle/dependencymanagement/dsl/DependenciesHandler
Event: 7.599 loading class io/spring/gradle/dependencymanagement/dsl/DependenciesHandler done
Event: 7.599 loading class io/spring/gradle/dependencymanagement/dsl/GeneratedPomCustomizationHandler
Event: 7.599 loading class io/spring/gradle/dependencymanagement/dsl/GeneratedPomCustomizationHandler done
Event: 7.600 loading class io/spring/gradle/dependencymanagement/dsl/ImportsHandler
Event: 7.600 loading class io/spring/gradle/dependencymanagement/dsl/ImportsHandler done


Dynamic libraries:
0x00007ff657d40000 - 0x00007ff657d87000 	D:\Program Files\jdk11\bin\java.exe
0x00007ffa11e30000 - 0x00007ffa12024000 	C:\windows\SYSTEM32\ntdll.dll
0x00007ffa11020000 - 0x00007ffa110dd000 	C:\windows\System32\KERNEL32.DLL
0x00007ffa0f9b0000 - 0x00007ffa0fc77000 	C:\windows\System32\KERNELBASE.dll
0x00007ffa11a00000 - 0x00007ffa11aaa000 	C:\windows\System32\ADVAPI32.dll
0x00007ffa11cf0000 - 0x00007ffa11d8e000 	C:\windows\System32\msvcrt.dll
0x00007ffa10300000 - 0x00007ffa1039b000 	C:\windows\System32\sechost.dll
0x00007ffa0fe90000 - 0x00007ffa0ffb3000 	C:\windows\System32\RPCRT4.dll
0x00007ffa10e20000 - 0x00007ffa10fc0000 	C:\windows\System32\USER32.dll
0x00007ffa0f7d0000 - 0x00007ffa0f7f2000 	C:\windows\System32\win32u.dll
0x00007ffa10450000 - 0x00007ffa1047a000 	C:\windows\System32\GDI32.dll
0x00007ffa0fc80000 - 0x00007ffa0fd8a000 	C:\windows\System32\gdi32full.dll
0x00007ffa0f6d0000 - 0x00007ffa0f76d000 	C:\windows\System32\msvcp_win.dll
0x00007ffa0f800000 - 0x00007ffa0f900000 	C:\windows\System32\ucrtbase.dll
0x00007ff9fa6b0000 - 0x00007ff9fa94a000 	C:\windows\WinSxS\amd64_microsoft.windows.common-controls_6595b64144ccf1df_6.0.19041.1_none_b555e41d4684ddec\COMCTL32.dll
0x00007ffa092b0000 - 0x00007ffa092ba000 	C:\windows\SYSTEM32\VERSION.dll
0x00007ffa105b0000 - 0x00007ffa105e0000 	C:\windows\System32\IMM32.DLL
0x00007ffa04320000 - 0x00007ffa04336000 	D:\Program Files\jdk11\bin\vcruntime140.dll
0x00007ff9e13b0000 - 0x00007ff9e145a000 	D:\Program Files\jdk11\bin\msvcp140.dll
0x00007ff9e0440000 - 0x00007ff9e0f68000 	D:\Program Files\jdk11\bin\server\jvm.dll
0x00007ffa10d80000 - 0x00007ffa10d88000 	C:\windows\System32\PSAPI.DLL
0x00007ffa08470000 - 0x00007ffa08479000 	C:\windows\SYSTEM32\WSOCK32.dll
0x00007ffa11550000 - 0x00007ffa115bb000 	C:\windows\System32\WS2_32.dll
0x00007ffa04820000 - 0x00007ffa04847000 	C:\windows\SYSTEM32\WINMM.dll
0x00007ffa0d520000 - 0x00007ffa0d533000 	C:\windows\SYSTEM32\kernel.appcore.dll
0x00007ff9fa060000 - 0x00007ff9fa071000 	D:\Program Files\jdk11\bin\verify.dll
0x00007ff9fd930000 - 0x00007ff9fdb14000 	C:\windows\SYSTEM32\DBGHELP.DLL
0x00007ff9fcf00000 - 0x00007ff9fcf2c000 	C:\windows\SYSTEM32\dbgcore.DLL
0x00007ffa0f900000 - 0x00007ffa0f97f000 	C:\windows\System32\bcryptPrimitives.dll
0x00007ff9f82e0000 - 0x00007ff9f8309000 	D:\Program Files\jdk11\bin\java.dll
0x00007ff9f98d0000 - 0x00007ff9f98e6000 	D:\Program Files\jdk11\bin\zip.dll
0x00007ffa0b2e0000 - 0x00007ffa0b2ea000 	D:\Program Files\jdk11\bin\jimage.dll
0x00007ffa10640000 - 0x00007ffa10d71000 	C:\windows\System32\SHELL32.dll
0x00007ffa0d720000 - 0x00007ffa0deaa000 	C:\windows\SYSTEM32\windows.storage.dll
0x00007ffa115c0000 - 0x00007ffa11914000 	C:\windows\System32\combase.dll
0x00007ffa0eff0000 - 0x00007ffa0f01b000 	C:\windows\SYSTEM32\Wldp.dll
0x00007ffa0ffc0000 - 0x00007ffa1006e000 	C:\windows\System32\SHCORE.dll
0x00007ffa10280000 - 0x00007ffa102d5000 	C:\windows\System32\shlwapi.dll
0x00007ffa0f4b0000 - 0x00007ffa0f4cf000 	C:\windows\SYSTEM32\profapi.dll
0x00007ff9f8b40000 - 0x00007ff9f8b59000 	D:\Program Files\jdk11\bin\net.dll
0x00007ffa08350000 - 0x00007ffa08452000 	C:\windows\SYSTEM32\WINHTTP.dll
0x00007ffa0ed70000 - 0x00007ffa0edda000 	C:\windows\system32\mswsock.dll
0x00007ff9f82c0000 - 0x00007ff9f82d3000 	D:\Program Files\jdk11\bin\nio.dll
0x00007ff9f03b0000 - 0x00007ff9f03d6000 	D:\gradleConfig\native\30\windows-amd64\native-platform.dll
0x00007ffa0b2c0000 - 0x00007ffa0b2c9000 	D:\Program Files\jdk11\bin\management.dll
0x00007ffa0b200000 - 0x00007ffa0b20c000 	D:\Program Files\jdk11\bin\management_ext.dll
0x00007ffa0ef50000 - 0x00007ffa0ef68000 	C:\windows\SYSTEM32\CRYPTSP.dll
0x00007ffa0e690000 - 0x00007ffa0e6c4000 	C:\windows\system32\rsaenh.dll
0x00007ffa0f980000 - 0x00007ffa0f9a7000 	C:\windows\System32\bcrypt.dll
0x00007ffa0f470000 - 0x00007ffa0f49e000 	C:\windows\SYSTEM32\USERENV.dll
0x00007ffa0ef40000 - 0x00007ffa0ef4c000 	C:\windows\SYSTEM32\CRYPTBASE.dll
0x00007ffa0ea10000 - 0x00007ffa0ea4b000 	C:\windows\SYSTEM32\IPHLPAPI.DLL
0x00007ffa10190000 - 0x00007ffa10199000 	C:\windows\System32\NSI.dll
0x00007ffa091e0000 - 0x00007ffa091f7000 	C:\windows\SYSTEM32\dhcpcsvc6.DLL
0x00007ffa091c0000 - 0x00007ffa091dd000 	C:\windows\SYSTEM32\dhcpcsvc.DLL
0x00007ffa0ea60000 - 0x00007ffa0eb2a000 	C:\windows\SYSTEM32\DNSAPI.dll
0x00007ff9f9e60000 - 0x00007ff9f9e77000 	C:\windows\system32\napinsp.dll
0x00007ff9f9e40000 - 0x00007ff9f9e5b000 	C:\windows\system32\pnrpnsp.dll
0x00007ff9f9e20000 - 0x00007ff9f9e35000 	C:\windows\system32\wshbth.dll
0x00007ffa0b1b0000 - 0x00007ffa0b1cd000 	C:\windows\system32\NLAapi.dll
0x00007ff9f9db0000 - 0x00007ff9f9dc2000 	C:\windows\System32\winrnr.dll
0x00007ffa089d0000 - 0x00007ffa089da000 	C:\Windows\System32\rasadhlp.dll
0x00007ffa07800000 - 0x00007ffa0787f000 	C:\windows\System32\fwpuclnt.dll

dbghelp: loaded successfully - version: 4.0.5 - missing functions: none
symbol engine: initialized successfully - sym options: 0x614 - pdb path: .;D:\Program Files\jdk11\bin;C:\windows\SYSTEM32;C:\windows\WinSxS\amd64_microsoft.windows.common-controls_6595b64144ccf1df_6.0.19041.1_none_b555e41d4684ddec;D:\Program Files\jdk11\bin\server;D:\gradleConfig\native\30\windows-amd64

VM Arguments:
jvm_args: --add-opens=java.base/java.util=ALL-UNNAMED --add-opens=java.base/java.lang=ALL-UNNAMED --add-opens=java.base/java.lang.invoke=ALL-UNNAMED --add-opens=java.prefs/java.util.prefs=ALL-UNNAMED -Xmx1536M -Dfile.encoding=GBK -Duser.country=CN -Duser.language=zh -Duser.variant 
java_command: org.gradle.launcher.daemon.bootstrap.GradleDaemon 5.6.4
java_class_path (initial): D:\gradleConfig\wrapper\dists\gradle-5.6.4-bin\8w2sdf5ad4xykewglx83k26f\gradle-5.6.4\lib\gradle-launcher-5.6.4.jar
Launcher Type: SUN_STANDARD

[Global flags]
     intx CICompilerCount                          = 4                                         {product} {ergonomic}
     uint ConcGCThreads                            = 3                                         {product} {ergonomic}
     uint G1ConcRefinementThreads                  = 10                                        {product} {ergonomic}
   size_t G1HeapRegionSize                         = 1048576                                   {product} {ergonomic}
    uintx GCDrainStackTargetSize                   = 64                                        {product} {ergonomic}
   size_t InitialHeapSize                          = 134217728                                 {product} {ergonomic}
   size_t MarkStackSize                            = 4194304                                   {product} {ergonomic}
   size_t MaxHeapSize                              = 1610612736                                {product} {command line}
   size_t MaxNewSize                               = 965738496                                 {product} {ergonomic}
   size_t MinHeapDeltaBytes                        = 1048576                                   {product} {ergonomic}
    uintx NonNMethodCodeHeapSize                   = 5836300                                {pd product} {ergonomic}
    uintx NonProfiledCodeHeapSize                  = 122910970                              {pd product} {ergonomic}
    uintx ProfiledCodeHeapSize                     = 122910970                              {pd product} {ergonomic}
    uintx ReservedCodeCacheSize                    = 251658240                              {pd product} {ergonomic}
     bool SegmentedCodeCache                       = true                                      {product} {ergonomic}
     bool UseCompressedClassPointers               = true                                 {lp64_product} {ergonomic}
     bool UseCompressedOops                        = true                                 {lp64_product} {ergonomic}
     bool UseG1GC                                  = true                                      {product} {ergonomic}
     bool UseLargePagesIndividualAllocation        = false                                  {pd product} {ergonomic}

Logging:
Log output configuration:
 #0: stdout all=warning uptime,level,tags
 #1: stderr all=off uptime,level,tags

Environment Variables:
JAVA_HOME=D:\Program Files\jdk11
PATH=D:\Program Files (x86)\NetSarang\Xshell 6\;C:\windows\system32;C:\windows;C:\windows\System32\Wbem;C:\windows\System32\WindowsPowerShell\v1.0\;C:\windows\System32\OpenSSH\;D:\Program Files\jdk11\bin;d:\Program Files\Git\cmd;C:\Program Files\MySQL\MySQL Shell 8.0\bin\;C:\Users\Administrator\AppData\Local\Microsoft\WindowsApps;
USERNAME=Administrator
OS=Windows_NT
PROCESSOR_IDENTIFIER=Intel64 Family 6 Model 45 Stepping 7, GenuineIntel



---------------  S Y S T E M  ---------------

OS: Windows 10 , 64 bit Build 19041 (10.0.19041.207)

CPU:total 12 (initial active 12) (6 cores per cpu, 2 threads per core) family 6 model 45 stepping 7, cmov, cx8, fxsr, mmx, sse, sse2, sse3, ssse3, sse4.1, sse4.2, popcnt, avx, aes, clmul, ht, tsc, tscinvbit, tscinv

Memory: 4k page, system-wide physical 8123M (1598M free)
TotalPageFile size 14523M (AvailPageFile size 5M)
current process WorkingSet (physical memory assigned to process): 340M, peak: 340M
current process commit charge ("private bytes"): 390M, peak: 391M

vm_info: Java HotSpot(TM) 64-Bit Server VM (11.0.5+10-LTS) for windows-amd64 JRE (11.0.5+10-LTS), built on Oct  6 2019 12:37:14 by "mach5one" with MS VC++ 15.5 (VS2017)

END.
