2021.05.16 at 00:43:24 CST DEBUG org.springframework.context.support.AbstractApplicationContext 620 prepareRefresh - Refreshing org.springframework.context.annotation.AnnotationConfigApplicationContext@1a9c38eb
2021.05.16 at 00:43:24 CST DEBUG org.springframework.beans.factory.support.DefaultSingletonBeanRegistry 225 getSingleton - Creating shared instance of singleton bean 'org.springframework.context.annotation.internalConfigurationAnnotationProcessor'
2021.05.16 at 00:43:24 CST DEBUG org.springframework.context.annotation.ClassPathScanningCandidateComponentProvider 456 scanCandidateComponents - Identified candidate component class: file [E:\work\code\spring-framework\spring-shadow\out\production\classes\com\spring\BeanPostPorcessor\MyBeanPostPorcessor.class]
2021.05.16 at 00:43:24 CST DEBUG org.springframework.context.annotation.ClassPathScanningCandidateComponentProvider 456 scanCandidateComponents - Identified candidate component class: file [E:\work\code\spring-framework\spring-shadow\out\production\classes\com\spring\BeanPostPorcessor\MyService.class]
2021.05.16 at 00:43:24 CST DEBUG org.springframework.context.annotation.ClassPathScanningCandidateComponentProvider 456 scanCandidateComponents - Identified candidate component class: file [E:\work\code\spring-framework\spring-shadow\out\production\classes\com\spring\BeanPostPorcessor\aspect\MyAspect.class]
2021.05.16 at 00:43:24 CST DEBUG org.springframework.beans.factory.support.DefaultSingletonBeanRegistry 225 getSingleton - Creating shared instance of singleton bean 'org.springframework.context.event.internalEventListenerProcessor'
2021.05.16 at 00:43:24 CST DEBUG org.springframework.beans.factory.support.DefaultSingletonBeanRegistry 225 getSingleton - Creating shared instance of singleton bean 'org.springframework.context.event.internalEventListenerFactory'
2021.05.16 at 00:43:24 CST DEBUG org.springframework.beans.factory.support.DefaultSingletonBeanRegistry 225 getSingleton - Creating shared instance of singleton bean 'org.springframework.context.annotation.internalAutowiredAnnotationProcessor'
2021.05.16 at 00:43:24 CST DEBUG org.springframework.beans.factory.support.DefaultSingletonBeanRegistry 225 getSingleton - Creating shared instance of singleton bean 'org.springframework.context.annotation.internalCommonAnnotationProcessor'
2021.05.16 at 00:43:24 CST DEBUG org.springframework.beans.factory.support.DefaultSingletonBeanRegistry 225 getSingleton - Creating shared instance of singleton bean 'myBeanPostPorcessor'
2021.05.16 at 00:43:24 CST DEBUG org.springframework.beans.factory.support.DefaultSingletonBeanRegistry 225 getSingleton - Creating shared instance of singleton bean 'org.springframework.aop.config.internalAutoProxyCreator'
2021.05.16 at 00:43:24 CST DEBUG org.springframework.beans.factory.support.DefaultSingletonBeanRegistry 225 getSingleton - Creating shared instance of singleton bean 'config'
2021.05.16 at 00:43:24 CST DEBUG org.springframework.aop.aspectj.annotation.ReflectiveAspectJAdvisorFactory 258 getAdvice - Found AspectJ method: public void com.spring.BeanPostPorcessor.aspect.MyAspect.ad()
2021.05.16 at 00:43:24 CST DEBUG org.springframework.beans.factory.support.DefaultSingletonBeanRegistry 225 getSingleton - Creating shared instance of singleton bean 'myService'
2021.05.16 at 00:43:24 CST DEBUG org.springframework.beans.factory.support.DefaultSingletonBeanRegistry 225 getSingleton - Creating shared instance of singleton bean 'myAspect'
2021.05.16 at 00:43:24 CST DEBUG com.spring.BeanPostPorcessor.MyBeanPostPorcessor 35 printf - org.springframework.context.annotation.AnnotationConfigApplicationContext@1a9c38eb, started on Sun May 16 00:43:24 CST 2021
2021.05.16 at 00:44:35 CST INFO  com.spring.BeanPostPorcessor.MyBeanPostPorcessor 36 printf - org.springframework.context.annotation.AnnotationConfigApplicationContext@1a9c38eb, started on Sun May 16 00:44:34 CST 2021
2021.05.16 at 00:49:54 CST INFO  org.springframework.context.support.PostProcessorRegistrationDelegate$BeanPostProcessorChecker 449 postProcessAfterInitialization - Bean 'myService' of type [com.spring.BeanPostPorcessor.MyService] is not eligible for getting processed by all BeanPostProcessors (for example: not eligible for auto-proxying)
2021.05.16 at 00:49:54 CST INFO  com.spring.BeanPostPorcessor.MyBeanPostPorcessor 36 printf - org.springframework.context.annotation.AnnotationConfigApplicationContext@2ece4966, started on Sun May 16 00:49:19 CST 2021
2021.05.16 at 00:51:05 CST INFO  org.springframework.context.support.PostProcessorRegistrationDelegate$BeanPostProcessorChecker 449 postProcessAfterInitialization - Bean 'myService' of type [com.spring.BeanPostPorcessor.MyService] is not eligible for getting processed by all BeanPostProcessors (for example: not eligible for auto-proxying)
2021.05.16 at 00:51:49 CST INFO  org.springframework.context.support.PostProcessorRegistrationDelegate$BeanPostProcessorChecker 449 postProcessAfterInitialization - Bean 'myService' of type [com.spring.BeanPostPorcessor.MyService] is not eligible for getting processed by all BeanPostProcessors (for example: not eligible for auto-proxying)
2021.05.16 at 00:51:49 CST INFO  com.spring.BeanPostPorcessor.MyService 12 xx - xx
2021.05.16 at 00:52:19 CST INFO  org.springframework.context.support.PostProcessorRegistrationDelegate$BeanPostProcessorChecker 449 postProcessAfterInitialization - Bean 'myService' of type [com.spring.BeanPostPorcessor.MyService] is not eligible for getting processed by all BeanPostProcessors (for example: not eligible for auto-proxying)
2021.05.16 at 00:52:19 CST INFO  com.spring.BeanPostPorcessor.aspect.MyAspect 22 ad - aop proxy
2021.05.16 at 00:52:19 CST INFO  com.spring.BeanPostPorcessor.MyService 12 xx - xx
2021.05.16 at 01:21:56 CST INFO  com.spring.BeanPostPorcessor.bean.Y 12 printf - com.spring.BeanPostPorcessor.bean.X@5b057c8c
2021.05.16 at 01:22:26 CST INFO  com.spring.BeanPostPorcessor.bean.Y 12 printf - null
2021.05.16 at 02:01:19 CST INFO  org.springframework.context.support.PostProcessorRegistrationDelegate$BeanPostProcessorChecker 456 postProcessAfterInitialization - Bean 'myService' of type [com.spring.BeanPostPorcessor.MyService] is not eligible for getting processed by all BeanPostProcessors (for example: not eligible for auto-proxying)
2021.05.16 at 02:01:19 CST INFO  com.spring.BeanPostPorcessor.MyBeanPostPorcessor 33 init - init
2021.05.16 at 02:02:08 CST INFO  org.springframework.context.support.PostProcessorRegistrationDelegate$BeanPostProcessorChecker 456 postProcessAfterInitialization - Bean 'myService' of type [com.spring.BeanPostPorcessor.MyService] is not eligible for getting processed by all BeanPostProcessors (for example: not eligible for auto-proxying)
2021.05.16 at 02:02:09 CST INFO  com.spring.BeanPostPorcessor.MyBeanPostPorcessor 33 init - init
2021.05.16 at 02:02:49 CST INFO  com.spring.BeanPostPorcessor.MyBeanPostPorcessor 33 init - init
2021.05.16 at 02:03:56 CST INFO  com.spring.BeanPostPorcessor.MyBeanPostPorcessor 33 init - init
2021.05.16 at 02:13:40 CST INFO  com.spring.BeanPostPorcessor.MyBeanPostPorcessor 33 init - init
2021.05.16 at 02:13:40 CST INFO  com.spring.BeanPostPorcessor.aspect.MyAspect 22 ad - aop proxy
2021.05.16 at 02:13:40 CST INFO  com.spring.BeanPostPorcessor.MyService 12 xx - xx
2021.05.16 at 02:14:19 CST INFO  com.spring.BeanPostPorcessor.MyBeanPostPorcessor 33 init - init
2021.05.16 at 02:14:19 CST INFO  com.spring.BeanPostPorcessor.MyService 12 xx - xx
2021.05.16 at 02:14:19 CST INFO  com.spring.BeanPostPorcessor.aspect.MyAspect 23 ad - aop proxy
2021.05.16 at 02:15:34 CST INFO  org.springframework.context.support.PostProcessorRegistrationDelegate$BeanPostProcessorChecker 458 postProcessAfterInitialization - Bean 'myService' of type [com.spring.BeanPostPorcessor.MyService] is not eligible for getting processed by all BeanPostProcessors (for example: not eligible for auto-proxying)
2021.05.16 at 02:15:34 CST INFO  com.spring.BeanPostPorcessor.MyBeanPostPorcessor 33 init - init
2021.05.16 at 02:15:34 CST INFO  com.spring.BeanPostPorcessor.MyService 12 xx - xx
2021.05.16 at 02:15:34 CST INFO  com.spring.BeanPostPorcessor.aspect.MyAspect 23 ad - aop proxy
2021.05.16 at 02:16:48 CST INFO  org.springframework.context.support.PostProcessorRegistrationDelegate$BeanPostProcessorChecker 458 postProcessAfterInitialization - Bean 'myService' of type [com.spring.BeanPostPorcessor.MyService] is not eligible for getting processed by all BeanPostProcessors (for example: not eligible for auto-proxying)
2021.05.16 at 02:16:49 CST INFO  com.spring.BeanPostPorcessor.MyBeanPostPorcessor 33 init - init
2021.05.16 at 02:16:49 CST INFO  com.spring.BeanPostPorcessor.MyService 12 xx - xx
2021.05.16 at 02:16:49 CST INFO  com.spring.BeanPostPorcessor.aspect.MyAspect 23 ad - aop proxy
2021.05.16 at 02:17:24 CST INFO  org.springframework.context.support.PostProcessorRegistrationDelegate$BeanPostProcessorChecker 458 postProcessAfterInitialization - Bean 'myService' of type [com.spring.BeanPostPorcessor.MyService] is not eligible for getting processed by all BeanPostProcessors (for example: not eligible for auto-proxying)
2021.05.16 at 02:17:24 CST INFO  com.spring.BeanPostPorcessor.MyBeanPostPorcessor 33 init - init
2021.05.16 at 02:17:24 CST INFO  com.spring.BeanPostPorcessor.MyService 12 xx - xx
2021.05.16 at 02:18:09 CST INFO  org.springframework.context.support.PostProcessorRegistrationDelegate$BeanPostProcessorChecker 458 postProcessAfterInitialization - Bean 'myService' of type [com.spring.BeanPostPorcessor.MyService] is not eligible for getting processed by all BeanPostProcessors (for example: not eligible for auto-proxying)
2021.05.16 at 02:18:09 CST INFO  com.spring.BeanPostPorcessor.MyBeanPostPorcessor 33 init - init
2021.05.16 at 02:18:09 CST INFO  com.spring.BeanPostPorcessor.MyBeanPostPorcessor 38 printf - org.springframework.context.annotation.AnnotationConfigApplicationContext@3c9bfddc, started on Sun May 16 02:18:08 CST 2021
2021.05.16 at 02:18:56 CST INFO  org.springframework.context.support.PostProcessorRegistrationDelegate$BeanPostProcessorChecker 458 postProcessAfterInitialization - Bean 'myService' of type [com.spring.BeanPostPorcessor.MyService] is not eligible for getting processed by all BeanPostProcessors (for example: not eligible for auto-proxying)
2021.05.16 at 02:18:56 CST INFO  com.spring.BeanPostPorcessor.MyBeanPostPorcessor 33 init - init
2021.05.16 at 02:18:56 CST INFO  com.spring.BeanPostPorcessor.MyBeanPostPorcessor 38 printf - app-org.springframework.context.annotation.AnnotationConfigApplicationContext@1a9c38eb, started on Sun May 16 02:18:55 CST 2021
2021.05.16 at 02:19:29 CST INFO  org.springframework.context.support.PostProcessorRegistrationDelegate$BeanPostProcessorChecker 458 postProcessAfterInitialization - Bean 'myService' of type [com.spring.BeanPostPorcessor.MyService] is not eligible for getting processed by all BeanPostProcessors (for example: not eligible for auto-proxying)
2021.05.16 at 02:19:29 CST INFO  com.spring.BeanPostPorcessor.MyBeanPostPorcessor 33 init - init
2021.05.16 at 02:19:30 CST INFO  com.spring.BeanPostPorcessor.MyBeanPostPorcessor 38 printf - app-org.springframework.context.annotation.AnnotationConfigApplicationContext@3c9bfddc, started on Sun May 16 02:19:29 CST 2021
2021.05.16 at 02:19:57 CST INFO  com.spring.BeanPostPorcessor.MyBeanPostPorcessor 38 printf - app-null
2021.05.16 at 02:20:40 CST INFO  com.spring.BeanPostPorcessor.MyBeanPostPorcessor 38 printf - app-org.springframework.context.annotation.AnnotationConfigApplicationContext@1a9c38eb, started on Sun May 16 02:20:39 CST 2021
2021.05.16 at 02:21:52 CST INFO  org.springframework.context.support.PostProcessorRegistrationDelegate$BeanPostProcessorChecker 458 postProcessAfterInitialization - Bean 'myService' of type [com.spring.BeanPostPorcessor.MyService] is not eligible for getting processed by all BeanPostProcessors (for example: not eligible for auto-proxying)
2021.05.16 at 02:21:52 CST INFO  com.spring.BeanPostPorcessor.MyBeanPostPorcessor 33 init - init
2021.05.16 at 02:21:52 CST INFO  com.spring.BeanPostPorcessor.MyService 12 xx - xx
2021.05.16 at 02:53:41 CST INFO  com.spring.BeanPostPorcessor.MyBeanPostPorcessor 33 init - init
2021.05.16 at 02:54:05 CST INFO  org.springframework.context.support.PostProcessorRegistrationDelegate$BeanPostProcessorChecker 460 postProcessAfterInitialization - Bean 'myService' of type [com.spring.BeanPostPorcessor.MyService] is not eligible for getting processed by all BeanPostProcessors (for example: not eligible for auto-proxying)
2021.05.16 at 02:54:05 CST INFO  com.spring.BeanPostPorcessor.MyBeanPostPorcessor 33 init - init
2021.05.19 at 06:27:32 CST WARN  org.springframework.context.support.AbstractApplicationContext 583 refresh - Exception encountered during context initialization - cancelling refresh attempt: org.springframework.beans.factory.UnsatisfiedDependencyException: Error creating bean with name 'z': Unsatisfied dependency expressed through method 'setA' parameter 0; nested exception is org.springframework.beans.factory.NoSuchBeanDefinitionException: No qualifying bean of type 'com.spring.introspector.bean.A' available: expected at least 1 bean which qualifies as autowire candidate. Dependency annotations: {}
2021.05.19 at 06:28:14 CST INFO  com.spring.introspector.bean.Z 22 setA - a
2021.05.19 at 06:30:23 CST INFO  com.spring.introspector.bean.Z 22 setA - a
2021.05.19 at 06:45:30 CST INFO  com.spring.introspector.bean.Z 22 setA - a
2021.05.19 at 06:48:29 CST INFO  com.spring.introspector.bean.Z 22 setA - a
2021.05.19 at 06:49:15 CST INFO  com.spring.introspector.bean.Z 22 setA - a
2021.05.19 at 06:51:20 CST INFO  com.spring.introspector.bean.Z 22 setA - a
2021.05.19 at 07:15:56 CST INFO  com.spring.introspector.bean.X 11 <init> - create x
2021.05.19 at 07:15:56 CST INFO  com.spring.introspector.bean.Z 11 <init> - create z
2021.05.19 at 07:15:56 CST INFO  com.spring.introspector.bean.Y 11 <init> - create y
2021.05.19 at 07:15:56 CST INFO  com.spring.introspector.bean.A 28 setX - x-com.spring.introspector.bean.X@f74e835
2021.05.19 at 07:15:56 CST INFO  com.spring.introspector.bean.A 22 setZ - z-com.spring.introspector.bean.Z@3276732
2021.05.19 at 07:15:56 CST INFO  com.spring.introspector.bean.A 33 printf - y-com.spring.introspector.bean.Y@4052274f
2021.05.19 at 07:58:45 CST INFO  com.spring.introspector.bean.Y 11 <init> - create y
2021.05.19 at 08:22:27 CST INFO  com.spring.introspector.bean.X 11 <init> - create x
2021.05.19 at 08:22:39 CST INFO  com.spring.introspector.bean.X 11 <init> - create x
2021.05.19 at 08:23:31 CST INFO  com.spring.introspector.bean.Y 11 <init> - create y
2021.05.19 at 08:27:11 CST INFO  com.spring.introspector.bean.A 29 setX - x-com.spring.introspector.bean.X@db44aa2
2021.05.19 at 08:27:11 CST INFO  com.spring.introspector.bean.Z 11 <init> - create z
2021.05.19 at 08:38:54 CST INFO  com.spring.introspector.bean.X 11 <init> - create x
2021.05.19 at 08:42:54 CST INFO  com.spring.introspector.bean.Y 11 <init> - create y
2021.05.19 at 08:51:36 CST INFO  com.spring.introspector.bean.X 11 <init> - create x
2021.05.19 at 08:56:02 CST INFO  com.spring.introspector.bean.X 11 <init> - create x
2021.05.19 at 08:56:02 CST INFO  com.spring.introspector.bean.Z 11 <init> - create z
2021.05.19 at 08:56:06 CST INFO  com.spring.introspector.bean.Y 11 <init> - create y
2021.05.19 at 08:56:06 CST INFO  com.spring.introspector.bean.A 31 setX - x-com.spring.introspector.bean.X@72c927f1
2021.05.19 at 08:56:06 CST INFO  com.spring.introspector.bean.A 24 setZ - z-com.spring.introspector.bean.Z@1ac85b0c
2021.05.19 at 08:56:15 CST INFO  com.spring.introspector.bean.X 11 <init> - create x
2021.05.19 at 08:56:15 CST INFO  com.spring.introspector.bean.Z 11 <init> - create z
2021.05.19 at 08:57:05 CST INFO  com.spring.introspector.bean.Y 11 <init> - create y
2021.05.19 at 09:00:31 CST INFO  com.spring.introspector.bean.A 31 setX - x-com.spring.introspector.bean.X@72c927f1
2021.05.19 at 09:00:31 CST INFO  com.spring.introspector.bean.A 24 setZ - z-com.spring.introspector.bean.Z@1ac85b0c
2021.05.19 at 09:01:38 CST INFO  com.spring.introspector.bean.Y 11 <init> - create y
2021.05.19 at 09:01:38 CST INFO  com.spring.introspector.bean.Z 11 <init> - create z
2021.05.19 at 09:01:38 CST INFO  com.spring.introspector.bean.A 24 setZ - z-com.spring.introspector.bean.Z@3574e198
2021.05.19 at 09:01:44 CST INFO  com.spring.introspector.bean.X 11 <init> - create x
2021.05.19 at 09:02:07 CST INFO  com.spring.introspector.bean.Y 11 <init> - create y
2021.05.19 at 09:03:02 CST INFO  com.spring.introspector.bean.Z 11 <init> - create z
2021.05.19 at 09:03:23 CST INFO  com.spring.introspector.bean.X 11 <init> - create x
2021.05.19 at 09:03:23 CST INFO  com.spring.introspector.bean.Z 11 <init> - create z
2021.05.19 at 09:03:55 CST INFO  com.spring.introspector.bean.Y 11 <init> - create y
2021.05.19 at 09:05:23 CST INFO  com.spring.introspector.bean.X 11 <init> - create x
2021.05.19 at 09:05:23 CST INFO  com.spring.introspector.bean.Z 11 <init> - create z
2021.05.19 at 09:05:26 CST INFO  com.spring.introspector.bean.Y 11 <init> - create y
2021.05.24 at 19:18:28 CST INFO  com.spring.earlyBean.bean.B 15 print - a:com.spring.earlyBean.bean.A@1c55f277
2021.05.24 at 19:25:54 CST INFO  com.spring.earlyBean.bean.B 15 print - a:com.spring.earlyBean.bean.A@64df9a61
2021.05.24 at 19:25:54 CST INFO  com.spring.earlyBean.bean.B 15 print - a:com.spring.earlyBean.bean.A@64df9a61
2021.05.24 at 19:26:17 CST INFO  com.spring.earlyBean.bean.B 15 print - a:com.spring.earlyBean.bean.A@702ed190
2021.05.24 at 19:26:17 CST INFO  com.spring.earlyBean.bean.B 15 print - a:com.spring.earlyBean.bean.A@702ed190
2021.05.24 at 19:27:21 CST INFO  com.spring.earlyBean.bean.B 15 print - a:com.spring.earlyBean.bean.A@273c947f
2021.05.24 at 19:27:21 CST INFO  com.spring.earlyBean.bean.B 15 print - a:com.spring.earlyBean.bean.A@273c947f
2021.05.24 at 19:27:52 CST INFO  com.spring.earlyBean.bean.B 15 print - a:com.spring.earlyBean.bean.A@30272916
2021.05.24 at 19:28:17 CST INFO  com.spring.earlyBean.bean.A 16 printf - info
2021.05.24 at 19:28:17 CST INFO  com.spring.earlyBean.aspect.MyAspect 21 ad - aop proxy
2021.05.24 at 19:28:17 CST INFO  com.spring.earlyBean.bean.A 16 printf - info
2021.05.24 at 19:28:17 CST INFO  com.spring.earlyBean.aspect.MyAspect 21 ad - aop proxy
2021.05.24 at 19:29:13 CST INFO  com.spring.earlyBean.bean.A 16 printf - info
2021.05.24 at 19:29:13 CST WARN  org.springframework.context.support.AbstractApplicationContext 583 refresh - Exception encountered during context initialization - cancelling refresh attempt: org.springframework.beans.factory.BeanCurrentlyInCreationException: Error creating bean with name 'a': Bean with name 'a' has been injected into other beans [b] in its raw version as part of a circular reference, but has eventually been wrapped. This means that said other beans do not use the final version of the bean. This is often the result of over-eager type matching - consider using 'getBeanNamesForType' with the 'allowEagerInit' flag turned off, for example.
2021.05.24 at 19:30:33 CST INFO  com.spring.earlyBean.bean.A 16 printf - info
2021.05.24 at 19:30:33 CST WARN  org.springframework.context.support.AbstractApplicationContext 583 refresh - Exception encountered during context initialization - cancelling refresh attempt: org.springframework.beans.factory.BeanCurrentlyInCreationException: Error creating bean with name 'a': Bean with name 'a' has been injected into other beans [b] in its raw version as part of a circular reference, but has eventually been wrapped. This means that said other beans do not use the final version of the bean. This is often the result of over-eager type matching - consider using 'getBeanNamesForType' with the 'allowEagerInit' flag turned off, for example.
2021.05.24 at 19:32:10 CST INFO  com.spring.earlyBean.bean.A 16 printf - info
2021.05.24 at 19:35:37 CST WARN  org.springframework.context.support.AbstractApplicationContext 583 refresh - Exception encountered during context initialization - cancelling refresh attempt: org.springframework.beans.factory.BeanCurrentlyInCreationException: Error creating bean with name 'a': Bean with name 'a' has been injected into other beans [b] in its raw version as part of a circular reference, but has eventually been wrapped. This means that said other beans do not use the final version of the bean. This is often the result of over-eager type matching - consider using 'getBeanNamesForType' with the 'allowEagerInit' flag turned off, for example.
2021.06.11 at 14:43:34 CST INFO  com.spring.earlyBean.bean.A 16 printf - info
2021.06.11 at 14:43:34 CST INFO  com.spring.earlyBean.aspect.MyAspect 21 ad - aop proxy
2021.06.11 at 14:44:03 CST INFO  com.spring.earlyBean.bean.A 16 printf - info
2021.06.11 at 14:44:03 CST INFO  com.spring.earlyBean.aspect.MyAspect 21 ad - aop proxy
2021.06.11 at 15:29:58 CST WARN  org.springframework.context.support.AbstractApplicationContext 583 refresh - Exception encountered during context initialization - cancelling refresh attempt: org.springframework.beans.factory.UnsatisfiedDependencyException: Error creating bean with name 'a': Unsatisfied dependency expressed through field 'b'; nested exception is org.springframework.beans.factory.UnsatisfiedDependencyException: Error creating bean with name 'b': Unsatisfied dependency expressed through field 'a'; nested exception is org.springframework.beans.factory.BeanNotOfRequiredTypeException: Bean named 'a' is expected to be of type 'com.spring.earlyBean.bean.A' but was actually of type 'com.sun.proxy.$Proxy35'
2021.06.11 at 15:30:25 CST WARN  org.springframework.context.support.AbstractApplicationContext 583 refresh - Exception encountered during context initialization - cancelling refresh attempt: org.springframework.beans.factory.UnsatisfiedDependencyException: Error creating bean with name 'a': Unsatisfied dependency expressed through field 'b'; nested exception is org.springframework.beans.factory.UnsatisfiedDependencyException: Error creating bean with name 'b': Unsatisfied dependency expressed through field 'a'; nested exception is org.springframework.beans.factory.BeanNotOfRequiredTypeException: Bean named 'a' is expected to be of type 'com.spring.earlyBean.bean.A' but was actually of type 'com.sun.proxy.$Proxy35'
2021.06.11 at 15:30:45 CST WARN  org.springframework.context.support.AbstractApplicationContext 583 refresh - Exception encountered during context initialization - cancelling refresh attempt: org.springframework.beans.factory.UnsatisfiedDependencyException: Error creating bean with name 'b': Unsatisfied dependency expressed through field 'a'; nested exception is org.springframework.beans.factory.BeanNotOfRequiredTypeException: Bean named 'a' is expected to be of type 'com.spring.earlyBean.bean.A' but was actually of type 'com.sun.proxy.$Proxy34'
2021.06.11 at 15:31:39 CST WARN  org.springframework.context.support.AbstractApplicationContext 583 refresh - Exception encountered during context initialization - cancelling refresh attempt: org.springframework.beans.factory.UnsatisfiedDependencyException: Error creating bean with name 'b': Unsatisfied dependency expressed through field 'a'; nested exception is org.springframework.beans.factory.BeanNotOfRequiredTypeException: Bean named 'a' is expected to be of type 'com.spring.earlyBean.bean.A' but was actually of type 'com.sun.proxy.$Proxy34'
2021.06.11 at 15:37:52 CST INFO  com.spring.earlyBean.bean.A 13 printf - info
2021.06.11 at 15:37:53 CST INFO  com.spring.earlyBean.aspect.MyAspect 21 ad - aop proxy
2021.06.11 at 16:53:43 CST INFO  com.spring.earlyBean.bean.A 13 printf - info
2021.06.11 at 16:53:43 CST INFO  com.spring.earlyBean.aspect.MyAspect 21 ad - aop proxy
2021.06.11 at 17:45:33 CST INFO  com.spring.earlyBean.bean.A 13 printf - info
2021.06.11 at 17:45:33 CST INFO  com.spring.earlyBean.aspect.MyAspect 21 ad - aop proxy
2021.06.11 at 19:49:09 CST INFO  com.spring.earlyBean.bean.A 13 printf - info
2021.06.11 at 19:49:09 CST INFO  com.spring.earlyBean.aspect.MyAspect 21 ad - aop proxy
2021.06.16 at 19:53:02 CST INFO  com.spring.earlyBean.bean.A 13 printf - info
2021.06.16 at 19:53:02 CST INFO  com.spring.earlyBean.aspect.MyAspect 26 ad1 - aop proxy1
2021.06.16 at 19:53:02 CST INFO  com.spring.earlyBean.aspect.MyAspect 21 ad - aop proxy
2021.06.16 at 19:53:38 CST INFO  com.spring.earlyBean.bean.A 13 printf - info
2021.06.16 at 19:53:38 CST INFO  com.spring.earlyBean.aspect.MyAspect 31 ad2 - aop proxy2
2021.06.16 at 19:53:38 CST INFO  com.spring.earlyBean.aspect.MyAspect 26 ad1 - aop proxy1
2021.06.16 at 19:53:38 CST INFO  com.spring.earlyBean.aspect.MyAspect 21 ad - aop proxy
2021.06.16 at 19:53:47 CST INFO  com.spring.earlyBean.bean.A 13 printf - info
2021.06.16 at 19:53:47 CST INFO  com.spring.earlyBean.aspect.MyAspect 31 ad2 - aop proxy2
2021.06.16 at 19:53:47 CST INFO  com.spring.earlyBean.aspect.MyAspect 26 ad1 - aop proxy1
2021.06.16 at 19:53:47 CST INFO  com.spring.earlyBean.aspect.MyAspect 21 ad - aop proxy
2021.06.16 at 19:53:53 CST INFO  com.spring.earlyBean.bean.A 13 printf - info
2021.06.16 at 19:53:53 CST INFO  com.spring.earlyBean.aspect.MyAspect 31 ad2 - aop proxy2
2021.06.16 at 19:53:53 CST INFO  com.spring.earlyBean.aspect.MyAspect 26 ad1 - aop proxy1
2021.06.16 at 19:53:53 CST INFO  com.spring.earlyBean.aspect.MyAspect 21 ad - aop proxy
2021.06.16 at 19:54:06 CST INFO  com.spring.earlyBean.bean.A 13 printf - info
2021.06.16 at 19:54:06 CST INFO  com.spring.earlyBean.aspect.MyAspect 26 ad1 - aop proxy1
2021.06.16 at 19:54:06 CST INFO  com.spring.earlyBean.aspect.MyAspect 21 ad - aop proxy
2021.06.16 at 19:54:13 CST INFO  com.spring.earlyBean.bean.A 13 printf - info
2021.06.16 at 19:54:13 CST INFO  com.spring.earlyBean.aspect.MyAspect 26 ad1 - aop proxy1
2021.06.16 at 19:54:13 CST INFO  com.spring.earlyBean.aspect.MyAspect 21 ad - aop proxy
2021.06.16 at 19:54:31 CST INFO  com.spring.earlyBean.bean.A 13 printf - info
2021.06.16 at 19:54:31 CST INFO  com.spring.earlyBean.aspect.MyAspect 21 ad1 - aop proxy1
2021.06.16 at 19:54:31 CST INFO  com.spring.earlyBean.aspect.MyAspect 25 ad - aop proxy
2021.06.16 at 19:54:39 CST INFO  com.spring.earlyBean.bean.A 13 printf - info
2021.06.16 at 19:54:39 CST INFO  com.spring.earlyBean.aspect.MyAspect 21 ad1 - aop proxy1
2021.06.16 at 19:54:39 CST INFO  com.spring.earlyBean.aspect.MyAspect 25 ad - aop proxy
2021.06.16 at 19:54:51 CST INFO  com.spring.earlyBean.bean.A 13 printf - info
2021.06.16 at 19:54:51 CST INFO  com.spring.earlyBean.aspect.MyAspect 25 ad1 - aop proxy1
2021.06.16 at 19:54:51 CST INFO  com.spring.earlyBean.aspect.MyAspect 21 ad - aop proxy
2021.06.16 at 23:08:15 CST INFO  com.spring.earlyBean.bean.A 13 printf - info
2021.06.16 at 23:10:27 CST INFO  com.spring.earlyBean.bean.A 13 printf - info
2021.06.16 at 23:11:02 CST INFO  com.spring.earlyBean.bean.A 13 printf - info
2021.06.16 at 23:12:04 CST INFO  com.spring.earlyBean.bean.A 13 printf - info
2021.06.16 at 23:12:36 CST INFO  com.spring.earlyBean.bean.A 13 printf - info
2021.06.16 at 23:13:16 CST INFO  com.spring.earlyBean.bean.A 13 printf - info
2021.06.16 at 23:13:16 CST INFO  com.spring.earlyBean.bean.A 13 printf - info
2021.06.16 at 23:13:51 CST INFO  com.spring.earlyBean.bean.A 13 printf - info
2021.06.16 at 23:13:51 CST INFO  com.spring.earlyBean.bean.A 13 printf - info
2021.06.16 at 23:14:17 CST INFO  com.spring.earlyBean.bean.A 13 printf - info
2021.06.16 at 23:15:03 CST INFO  com.spring.earlyBean.aspect.MyAspect 22 recordUsage - Introductions
2021.06.16 at 23:15:03 CST INFO  com.spring.earlyBean.bean.A 13 printf - info
2021.06.16 at 23:15:51 CST INFO  com.spring.earlyBean.bean.A 13 printf - info
2021.06.16 at 23:15:51 CST INFO  com.spring.earlyBean.aspect.MyAspect 24 recordUsage - Introductions
2021.06.16 at 23:15:51 CST INFO  com.spring.earlyBean.bean.A 13 printf - info
2021.06.16 at 23:17:30 CST INFO  com.spring.earlyBean.bean.A 13 printf - info
2021.06.16 at 23:18:01 CST INFO  com.spring.earlyBean.bean.A 13 printf - info
2021.06.16 at 23:18:46 CST WARN  org.springframework.context.support.AbstractApplicationContext 583 refresh - Exception encountered during context initialization - cancelling refresh attempt: org.springframework.beans.factory.BeanCreationException: Error creating bean with name 'config': Initialization of bean failed; nested exception is java.lang.IllegalArgumentException: warning no match for this type name: i [Xlint:invalidAbsoluteTypeName]
2021.06.16 at 23:19:20 CST INFO  com.spring.earlyBean.bean.A 13 printf - info
2021.06.16 at 23:19:45 CST INFO  com.spring.earlyBean.bean.A 13 printf - info
2021.06.16 at 23:20:00 CST INFO  com.spring.earlyBean.bean.A 13 printf - info
2021.06.16 at 23:20:57 CST INFO  com.spring.earlyBean.bean.A 13 printf - info
2021.06.16 at 23:33:04 CST INFO  com.spring.earlyBean.bean.B 17 printf - bp
2021.06.16 at 23:34:12 CST INFO  com.spring.earlyBean.bean.B 13 printf - bp
2021.06.16 at 23:34:24 CST INFO  com.spring.earlyBean.aspect.MyAspect 32 recordUsage - Introductions
2021.06.16 at 23:34:24 CST INFO  com.spring.earlyBean.bean.B 15 printf - bp
2021.06.16 at 23:35:14 CST INFO  com.spring.earlyBean.aspect.MyAspect 32 recordUsage - Introductions
2021.06.16 at 23:35:14 CST INFO  com.spring.earlyBean.bean.B 15 printf - bp
2021.06.16 at 23:42:21 CST INFO  com.spring.earlyBean.aspect.MyAspect 32 recordUsage - Introductions
2021.06.16 at 23:42:21 CST INFO  com.spring.earlyBean.bean.B 15 printf - bp
2021.06.16 at 23:45:00 CST INFO  com.spring.earlyBean.aspect.MyAspect 32 recordUsage - Introductions
2021.06.16 at 23:45:00 CST INFO  com.spring.earlyBean.bean.B 15 printf - bp
2021.06.16 at 23:45:25 CST INFO  com.spring.earlyBean.bean.B 15 printf - bp
2021.06.17 at 01:12:42 CST INFO  com.spring.earlyBean.bean.A 15 printf - info
2021.06.17 at 01:12:42 CST INFO  com.spring.earlyBean.aspect.MyAspect 29 ad - aop proxy
2021.06.17 at 01:13:34 CST INFO  com.spring.earlyBean.bean.A 15 printf - info
2021.06.17 at 01:13:34 CST INFO  com.spring.earlyBean.aspect.MyAspect 29 ad - aop proxy
2021.06.17 at 01:13:54 CST INFO  com.spring.earlyBean.bean.A 15 printf - info
2021.06.17 at 01:13:54 CST INFO  com.spring.earlyBean.aspect.MyAspect 29 ad - aop proxy
2021.06.17 at 01:17:46 CST INFO  com.spring.earlyBean.bean.A 15 printf - info
2021.06.17 at 01:17:46 CST INFO  com.spring.earlyBean.aspect.MyAspect 35 ad - aop proxy
2021.06.17 at 01:18:45 CST INFO  com.spring.earlyBean.bean.A 15 printf - info
2021.06.17 at 01:20:41 CST INFO  com.spring.earlyBean.bean.A 15 printf - info
2021.06.17 at 01:20:41 CST INFO  com.spring.earlyBean.aspect.MyAspect 40 ad - aop proxy
2021.06.17 at 01:21:03 CST INFO  com.spring.earlyBean.bean.A 15 printf - info
2021.06.17 at 01:21:03 CST INFO  com.spring.earlyBean.aspect.MyAspect 40 ad - aop proxy
2021.06.17 at 01:22:25 CST INFO  com.spring.earlyBean.bean.A 15 printf - info
2021.06.17 at 01:28:43 CST WARN  org.springframework.context.support.AbstractApplicationContext 583 refresh - Exception encountered during context initialization - cancelling refresh attempt: org.springframework.beans.factory.BeanCreationException: Error creating bean with name 'config': Initialization of bean failed; nested exception is java.lang.IllegalArgumentException: Pointcut is not well-formed: expecting 'pointcut name' at character position 1
@Within(com.spring.earlyBean.anno.Shadow)
 ^^^^^^

2021.06.17 at 01:29:53 CST INFO  com.spring.earlyBean.bean.A 15 printf - info
2021.06.17 at 01:29:53 CST INFO  com.spring.earlyBean.aspect.MyAspect 45 ad - aop proxy
2021.06.17 at 01:29:53 CST INFO  com.spring.earlyBean.bean.B 14 printf - bbbbb
2021.06.17 at 01:29:53 CST INFO  com.spring.earlyBean.aspect.MyAspect 45 ad - aop proxy
2021.06.17 at 01:30:15 CST INFO  com.spring.earlyBean.bean.A 15 printf - info
2021.06.17 at 01:30:15 CST INFO  com.spring.earlyBean.aspect.MyAspect 45 ad - aop proxy
2021.06.17 at 01:30:15 CST INFO  com.spring.earlyBean.bean.B 14 printf - bbbbb
2021.06.17 at 01:30:15 CST INFO  com.spring.earlyBean.aspect.MyAspect 45 ad - aop proxy
2021.06.17 at 01:30:15 CST INFO  com.spring.earlyBean.bean.Z 12 printf - zzzz
2021.06.17 at 01:36:15 CST INFO  com.spring.earlyBean.bean.C 11 cprint - cprint
2021.06.17 at 01:37:02 CST INFO  com.spring.earlyBean.bean.A 15 printf - info
2021.06.17 at 01:37:02 CST INFO  com.spring.earlyBean.aspect.MyAspect 51 ad - aop proxy
2021.06.17 at 01:37:02 CST INFO  com.spring.earlyBean.bean.B 14 printf - bbbbb
2021.06.17 at 01:37:02 CST INFO  com.spring.earlyBean.aspect.MyAspect 51 ad - aop proxy
2021.06.17 at 01:37:02 CST INFO  com.spring.earlyBean.bean.Z 12 printf - zzzz
2021.06.17 at 01:38:07 CST INFO  com.spring.earlyBean.bean.A 15 printf - info
2021.06.17 at 01:38:07 CST INFO  com.spring.earlyBean.aspect.MyAspect 51 ad - aop proxy
2021.06.17 at 01:38:07 CST INFO  com.spring.earlyBean.bean.B 14 printf - bbbbb
2021.06.17 at 01:38:07 CST INFO  com.spring.earlyBean.aspect.MyAspect 51 ad - aop proxy
2021.06.17 at 01:38:07 CST INFO  com.spring.earlyBean.bean.Z 12 printf - zzzz
2021.06.17 at 01:38:31 CST INFO  com.spring.earlyBean.bean.A 15 printf - info
2021.06.17 at 01:38:31 CST INFO  com.spring.earlyBean.aspect.MyAspect 51 ad - aop proxy
2021.06.17 at 01:38:31 CST INFO  com.spring.earlyBean.bean.B 14 printf - bbbbb
2021.06.17 at 01:38:31 CST INFO  com.spring.earlyBean.aspect.MyAspect 51 ad - aop proxy
2021.06.17 at 01:38:31 CST INFO  com.spring.earlyBean.bean.C 11 cprint - cprint
2021.06.17 at 01:38:31 CST INFO  com.spring.earlyBean.bean.Z 12 printf - zzzz
2021.06.17 at 01:39:00 CST INFO  com.spring.earlyBean.bean.A 15 printf - info
2021.06.17 at 01:39:00 CST INFO  com.spring.earlyBean.aspect.MyAspect 51 ad - aop proxy
2021.06.17 at 01:39:00 CST INFO  com.spring.earlyBean.bean.B 14 printf - bbbbb
2021.06.17 at 01:39:00 CST INFO  com.spring.earlyBean.aspect.MyAspect 51 ad - aop proxy
2021.06.17 at 01:39:00 CST INFO  com.spring.earlyBean.bean.C 11 cprint - cprint
2021.06.17 at 01:39:00 CST INFO  com.spring.earlyBean.bean.Z 12 printf - zzzz
2021.06.17 at 01:39:48 CST INFO  com.spring.earlyBean.bean.A 15 printf - info
2021.06.17 at 01:39:48 CST INFO  com.spring.earlyBean.aspect.MyAspect 51 ad - aop proxy
2021.06.17 at 01:39:48 CST INFO  com.spring.earlyBean.bean.B 14 printf - bbbbb
2021.06.17 at 01:39:48 CST INFO  com.spring.earlyBean.aspect.MyAspect 51 ad - aop proxy
2021.06.17 at 01:39:48 CST INFO  com.spring.earlyBean.bean.C 11 cprint - cprint
2021.06.17 at 01:39:48 CST INFO  com.spring.earlyBean.bean.Z 12 printf - zzzz
2021.06.17 at 01:42:03 CST INFO  com.spring.earlyBean.bean.A 15 printf - info
2021.06.17 at 01:42:03 CST INFO  com.spring.earlyBean.aspect.MyAspect 51 ad - aop proxy
2021.06.17 at 01:42:03 CST INFO  com.spring.earlyBean.bean.B 14 printf - bbbbb
2021.06.17 at 01:42:03 CST INFO  com.spring.earlyBean.aspect.MyAspect 51 ad - aop proxy
2021.06.17 at 01:42:03 CST INFO  com.spring.earlyBean.bean.C 11 cprint - cprint
2021.06.17 at 01:42:03 CST INFO  com.spring.earlyBean.bean.Z 12 printf - zzzz
2021.06.17 at 01:45:47 CST INFO  com.spring.earlyBean.bean.A 15 printf - info
2021.06.17 at 01:45:47 CST INFO  com.spring.earlyBean.aspect.MyAspect 51 ad - aop proxy
2021.06.17 at 01:45:47 CST INFO  com.spring.earlyBean.bean.B 14 printf - bbbbb
2021.06.17 at 01:45:47 CST INFO  com.spring.earlyBean.aspect.MyAspect 51 ad - aop proxy
2021.06.17 at 01:45:47 CST INFO  com.spring.earlyBean.bean.C 12 printf - cccc
2021.06.17 at 01:45:47 CST INFO  com.spring.earlyBean.bean.Z 12 printf - zzzz
2021.06.17 at 01:46:10 CST INFO  com.spring.earlyBean.bean.A 15 printf - info
2021.06.17 at 01:46:10 CST INFO  com.spring.earlyBean.aspect.MyAspect 51 ad - aop proxy
2021.06.17 at 01:46:10 CST INFO  com.spring.earlyBean.bean.B 14 printf - bbbbb
2021.06.17 at 01:46:10 CST INFO  com.spring.earlyBean.aspect.MyAspect 51 ad - aop proxy
2021.06.17 at 01:46:10 CST INFO  com.spring.earlyBean.bean.C 12 printf - cccc
2021.06.17 at 01:46:10 CST INFO  com.spring.earlyBean.bean.Z 12 printf - zzzz
2021.06.17 at 01:55:15 CST INFO  com.spring.earlyBean.bean.A 15 printf - info
2021.06.17 at 01:55:15 CST INFO  com.spring.earlyBean.aspect.MyAspect 51 ad - aop proxy
2021.06.17 at 01:55:15 CST INFO  com.spring.earlyBean.bean.B 14 printf - bbbbb
2021.06.17 at 01:55:15 CST INFO  com.spring.earlyBean.aspect.MyAspect 51 ad - aop proxy
2021.06.17 at 01:55:15 CST INFO  com.spring.earlyBean.bean.C 17 cprintf - cp
2021.06.17 at 01:55:15 CST INFO  com.spring.earlyBean.aspect.MyAspect 51 ad - aop proxy
2021.06.17 at 01:55:15 CST INFO  com.spring.earlyBean.bean.Z 12 printf - zzzz
2021.06.17 at 01:55:52 CST INFO  com.spring.earlyBean.bean.A 15 printf - info
2021.06.17 at 01:55:52 CST INFO  com.spring.earlyBean.aspect.MyAspect 51 ad - aop proxy
2021.06.17 at 01:55:52 CST INFO  com.spring.earlyBean.bean.B 14 printf - bbbbb
2021.06.17 at 01:55:52 CST INFO  com.spring.earlyBean.aspect.MyAspect 51 ad - aop proxy
2021.06.17 at 01:55:52 CST INFO  com.spring.earlyBean.bean.C 17 cprintf - cp
2021.06.17 at 01:55:52 CST INFO  com.spring.earlyBean.aspect.MyAspect 51 ad - aop proxy
2021.06.17 at 01:55:52 CST INFO  com.spring.earlyBean.bean.Z 12 printf - zzzz
2021.06.17 at 01:57:16 CST INFO  com.spring.earlyBean.bean.A 15 printf - info
2021.06.17 at 01:57:16 CST INFO  com.spring.earlyBean.aspect.MyAspect 53 ad - aop proxy
2021.06.17 at 01:57:16 CST INFO  com.spring.earlyBean.bean.B 14 printf - bbbbb
2021.06.17 at 01:57:16 CST INFO  com.spring.earlyBean.aspect.MyAspect 53 ad - aop proxy
2021.06.17 at 01:57:16 CST INFO  com.spring.earlyBean.bean.C 17 cprintf - cp
2021.06.17 at 01:57:16 CST INFO  com.spring.earlyBean.aspect.MyAspect 53 ad - aop proxy
2021.06.17 at 01:57:16 CST INFO  com.spring.earlyBean.bean.Z 12 printf - zzzz
2021.06.17 at 01:57:58 CST INFO  com.spring.earlyBean.bean.A 15 printf - info
2021.06.17 at 01:57:59 CST INFO  com.spring.earlyBean.aspect.MyAspect 53 ad - aop proxy
2021.06.17 at 01:57:59 CST INFO  com.spring.earlyBean.bean.B 14 printf - bbbbb
2021.06.17 at 01:57:59 CST INFO  com.spring.earlyBean.aspect.MyAspect 53 ad - aop proxy
2021.06.17 at 01:57:59 CST INFO  com.spring.earlyBean.bean.C 17 cprintf - cp
2021.06.17 at 01:57:59 CST INFO  com.spring.earlyBean.bean.Z 12 printf - zzzz
2021.06.17 at 01:58:25 CST INFO  com.spring.earlyBean.bean.A 15 printf - info
2021.06.17 at 01:58:25 CST INFO  com.spring.earlyBean.aspect.MyAspect 53 ad - aop proxy
2021.06.17 at 01:58:25 CST INFO  com.spring.earlyBean.bean.B 14 printf - bbbbb
2021.06.17 at 01:58:25 CST INFO  com.spring.earlyBean.aspect.MyAspect 53 ad - aop proxy
2021.06.17 at 01:58:25 CST INFO  com.spring.earlyBean.bean.C 17 cprintf - cp
2021.06.17 at 01:58:25 CST INFO  com.spring.earlyBean.bean.Z 12 printf - zzzz
2021.06.17 at 18:24:57 CST INFO  com.spring.batis.service.MService 16 query - [{password=aa, name=xx, id=1}]
2021.06.18 at 22:00:14 CST INFO  com.spring.earlyBean.bean.A 15 printf - info
2021.06.18 at 22:04:30 CST INFO  com.spring.earlyBean.bean.A 15 printf - info
2021.06.18 at 22:37:26 CST INFO  com.spring.earlyBean.aspect.MyAspect 48 ad - aop proxy
2021.06.24 at 20:35:16 CST WARN  org.springframework.context.support.AbstractApplicationContext 583 refresh - Exception encountered during context initialization - cancelling refresh attempt: org.springframework.beans.factory.BeanDefinitionStoreException: Failed to parse configuration class [com.spring.batis.app.BatisConfig]; nested exception is org.springframework.context.annotation.ConflictingBeanDefinitionException: Annotation-specified bean name 'yy' for bean class [com.spring.batis.util.bean.Y] conflicts with existing, non-compatible bean definition of same name and class [com.spring.batis.service.Y]
