#
# There is insufficient memory for the Java Runtime Environment to continue.
# Native memory allocation (malloc) failed to allocate 309616 bytes for Chunk::new
# Possible reasons:
#   The system is out of physical RAM or swap space
#   The process is running with CompressedOops enabled, and the Java Heap may be blocking the growth of the native heap
# Possible solutions:
#   Reduce memory load on the system
#   Increase physical memory or swap space
#   Check if swap backing store is full
#   Decrease Java heap size (-Xmx/-Xms)
#   Decrease number of Java threads
#   Decrease Java thread stack sizes (-Xss)
#   Set larger code cache with -XX:ReservedCodeCacheSize=
#   JVM is running with Unscaled Compressed Oops mode in which the Java heap is
#     placed in the first 4GB address space. The Java Heap base address is the
#     maximum limit for the native heap growth. Please use -XX:HeapBaseMinAddress
#     to set the Java Heap base and to place the Java Heap above 4GB virtual address.
# This output file may be truncated or incomplete.
#
#  Out of Memory Error (t:/workspace/open/src/hotspot/share/memory/arena.cpp:197), pid=3976, tid=13448
#
# JRE version: Java(TM) SE Runtime Environment (11.0.5+10) (build 11.0.5+10-LTS)
# Java VM: Java HotSpot(TM) 64-Bit Server VM (11.0.5+10-LTS, mixed mode, tiered, compressed oops, g1 gc, windows-amd64)
# No core dump will be written. Minidumps are not enabled by default on client versions of Windows
#

---------------  S U M M A R Y ------------

Command Line: -ea -Didea.test.cyclic.buffer.size=1048576 -javaagent:D:\Program Files\idea2021\lib\idea_rt.jar=59563:D:\Program Files\idea2021\bin -Dfile.encoding=UTF-8 com.intellij.rt.junit.JUnitStarter -ideVersion5 -junit4 com.spring.extension.earlyBean.TestAop,testAopAd

Host: Intel(R) Xeon(R) CPU E5-2640 0 @ 2.50GHz, 12 cores, 7G,  Windows 10 , 64 bit Build 19041 (10.0.19041.207)
Time: Thu Jun 17 01:41:11 2021 中国标准时间 elapsed time: 0 seconds (0d 0h 0m 0s)

---------------  T H R E A D  ---------------

Current thread (0x000002f6f1f6d000):  JavaThread "C2 CompilerThread0" daemon [_thread_in_native, id=13448, stack(0x000000fe72100000,0x000000fe72200000)]


Current CompileTask:
C2:    965  876       4       java.io.File::<init> (113 bytes)

Stack: [0x000000fe72100000,0x000000fe72200000]
Native frames: (J=compiled Java code, j=interpreted, Vv=VM code, C=native code)
V  [jvm.dll+0x63611a]
V  [jvm.dll+0x77426f]
V  [jvm.dll+0x77591a]
V  [jvm.dll+0x775fd3]
V  [jvm.dll+0x25e608]
V  [jvm.dll+0xc1f31]
V  [jvm.dll+0xc24bc]
V  [jvm.dll+0x36dae2]
V  [jvm.dll+0x33ab93]
V  [jvm.dll+0x339f6a]
V  [jvm.dll+0x218485]
V  [jvm.dll+0x21762a]
V  [jvm.dll+0x1941bc]
V  [jvm.dll+0x226684]
V  [jvm.dll+0x224c78]
V  [jvm.dll+0x7396cd]
V  [jvm.dll+0x6351c2]
C  [ucrtbase.dll+0x21542]
C  [KERNEL32.DLL+0x16fd4]
C  [ntdll.dll+0x4cec1]


---------------  P R O C E S S  ---------------

Threads class SMR info:
_java_thread_list=0x000002f6f22eb940, length=13, elements={
0x000002f6d2614000, 0x000002f6f16d2800, 0x000002f6f16dd000, 0x000002f6f1f66000,
0x000002f6f1f67000, 0x000002f6f1f6d000, 0x000002f6f1f72000, 0x000002f6f1f7e800,
0x000002f6f20ec800, 0x000002f6f23c6000, 0x000002f6f2200800, 0x000002f6f222b800,
0x000002f6f22c6800
}

Java Threads: ( => current thread )
  0x000002f6d2614000 JavaThread "main" [_thread_in_Java, id=4956, stack(0x000000fe71600000,0x000000fe71700000)]
  0x000002f6f16d2800 JavaThread "Reference Handler" daemon [_thread_blocked, id=6000, stack(0x000000fe71d00000,0x000000fe71e00000)]
  0x000002f6f16dd000 JavaThread "Finalizer" daemon [_thread_blocked, id=11148, stack(0x000000fe71e00000,0x000000fe71f00000)]
  0x000002f6f1f66000 JavaThread "Signal Dispatcher" daemon [_thread_blocked, id=4824, stack(0x000000fe71f00000,0x000000fe72000000)]
  0x000002f6f1f67000 JavaThread "Attach Listener" daemon [_thread_blocked, id=11860, stack(0x000000fe72000000,0x000000fe72100000)]
=>0x000002f6f1f6d000 JavaThread "C2 CompilerThread0" daemon [_thread_in_native, id=13448, stack(0x000000fe72100000,0x000000fe72200000)]
  0x000002f6f1f72000 JavaThread "C1 CompilerThread0" daemon [_thread_in_native, id=5352, stack(0x000000fe72200000,0x000000fe72300000)]
  0x000002f6f1f7e800 JavaThread "Sweeper thread" daemon [_thread_blocked, id=4980, stack(0x000000fe72300000,0x000000fe72400000)]
  0x000002f6f20ec800 JavaThread "Common-Cleaner" daemon [_thread_blocked, id=11836, stack(0x000000fe72400000,0x000000fe72500000)]
  0x000002f6f23c6000 JavaThread "Monitor Ctrl-Break" daemon [_thread_in_native, id=11308, stack(0x000000fe72500000,0x000000fe72600000)]
  0x000002f6f2200800 JavaThread "Service Thread" daemon [_thread_blocked, id=3184, stack(0x000000fe72600000,0x000000fe72700000)]
  0x000002f6f222b800 JavaThread "C2 CompilerThread1" daemon [_thread_blocked, id=6724, stack(0x000000fe72800000,0x000000fe72900000)]
  0x000002f6f22c6800 JavaThread "C2 CompilerThread2" daemon [_thread_blocked, id=12664, stack(0x000000fe72900000,0x000000fe72a00000)]

Other Threads:
  0x000002f6f1f11800 VMThread "VM Thread" [stack: 0x000000fe71c00000,0x000000fe71d00000] [id=7500]
  0x000002f6f2202000 WatcherThread [stack: 0x000000fe72700000,0x000000fe72800000] [id=9032]
  0x000002f6d262e000 GCTaskThread "GC Thread#0" [stack: 0x000000fe71700000,0x000000fe71800000] [id=10044]
  0x000002f6f24ad800 GCTaskThread "GC Thread#1" [stack: 0x000000fe72a00000,0x000000fe72b00000] [id=6332]
  0x000002f6f2534800 GCTaskThread "GC Thread#2" [stack: 0x000000fe72b00000,0x000000fe72c00000] [id=4272]
  0x000002f6d265e000 ConcurrentGCThread "G1 Main Marker" [stack: 0x000000fe71800000,0x000000fe71900000] [id=11376]
  0x000002f6d265f000 ConcurrentGCThread "G1 Conc#0" [stack: 0x000000fe71900000,0x000000fe71a00000] [id=7292]
  0x000002f6f153c800 ConcurrentGCThread "G1 Refine#0" [stack: 0x000000fe71a00000,0x000000fe71b00000] [id=12352]
  0x000002f6f153d800 ConcurrentGCThread "G1 Young RemSet Sampling" [stack: 0x000000fe71b00000,0x000000fe71c00000] [id=12468]

Threads with active compile tasks:
C2 CompilerThread0 876       4       java.io.File::<init> (113 bytes)
C1 CompilerThread0 898       3       java.lang.StringLatin1::compareTo (14 bytes)

VM state:not at safepoint (normal execution)

VM Mutex/Monitor currently owned by a thread: None

Heap address: 0x0000000081000000, size: 2032 MB, Compressed Oops mode: 32-bit
Narrow klass base: 0x0000000000000000, Narrow klass shift: 3
Compressed class space size: 1073741824 Address: 0x0000000100000000

Heap:
 garbage-first heap   total 131072K, used 17938K [0x0000000081000000, 0x0000000100000000)
  region size 1024K, 17 young (17408K), 3 survivors (3072K)
 Metaspace       used 11698K, capacity 11995K, committed 12032K, reserved 1060864K
  class space    used 1190K, capacity 1270K, committed 1280K, reserved 1048576K
Heap Regions: E=young(eden), S=young(survivor), O=old, HS=humongous(starts), HC=humongous(continues), CS=collection set, F=free, A=archive, TAMS=top-at-mark-start (previous, next)
|   0|0x0000000081000000, 0x0000000081100000, 0x0000000081100000|100%| O|  |TAMS 0x0000000081000000, 0x0000000081000000| Untracked 
|   1|0x0000000081100000, 0x0000000081184800, 0x0000000081200000| 51%| O|  |TAMS 0x0000000081100000, 0x0000000081100000| Untracked 
|   2|0x0000000081200000, 0x0000000081200000, 0x0000000081300000|  0%| F|  |TAMS 0x0000000081200000, 0x0000000081200000| Untracked 
|   3|0x0000000081300000, 0x0000000081300000, 0x0000000081400000|  0%| F|  |TAMS 0x0000000081300000, 0x0000000081300000| Untracked 
|   4|0x0000000081400000, 0x0000000081400000, 0x0000000081500000|  0%| F|  |TAMS 0x0000000081400000, 0x0000000081400000| Untracked 
|   5|0x0000000081500000, 0x0000000081500000, 0x0000000081600000|  0%| F|  |TAMS 0x0000000081500000, 0x0000000081500000| Untracked 
|   6|0x0000000081600000, 0x0000000081600000, 0x0000000081700000|  0%| F|  |TAMS 0x0000000081600000, 0x0000000081600000| Untracked 
|   7|0x0000000081700000, 0x0000000081700000, 0x0000000081800000|  0%| F|  |TAMS 0x0000000081700000, 0x0000000081700000| Untracked 
|   8|0x0000000081800000, 0x0000000081800000, 0x0000000081900000|  0%| F|  |TAMS 0x0000000081800000, 0x0000000081800000| Untracked 
|   9|0x0000000081900000, 0x0000000081900000, 0x0000000081a00000|  0%| F|  |TAMS 0x0000000081900000, 0x0000000081900000| Untracked 
|  10|0x0000000081a00000, 0x0000000081a00000, 0x0000000081b00000|  0%| F|  |TAMS 0x0000000081a00000, 0x0000000081a00000| Untracked 
|  11|0x0000000081b00000, 0x0000000081b00000, 0x0000000081c00000|  0%| F|  |TAMS 0x0000000081b00000, 0x0000000081b00000| Untracked 
|  12|0x0000000081c00000, 0x0000000081c00000, 0x0000000081d00000|  0%| F|  |TAMS 0x0000000081c00000, 0x0000000081c00000| Untracked 
|  13|0x0000000081d00000, 0x0000000081d00000, 0x0000000081e00000|  0%| F|  |TAMS 0x0000000081d00000, 0x0000000081d00000| Untracked 
|  14|0x0000000081e00000, 0x0000000081e00000, 0x0000000081f00000|  0%| F|  |TAMS 0x0000000081e00000, 0x0000000081e00000| Untracked 
|  15|0x0000000081f00000, 0x0000000081f00000, 0x0000000082000000|  0%| F|  |TAMS 0x0000000081f00000, 0x0000000081f00000| Untracked 
|  16|0x0000000082000000, 0x0000000082000000, 0x0000000082100000|  0%| F|  |TAMS 0x0000000082000000, 0x0000000082000000| Untracked 
|  17|0x0000000082100000, 0x0000000082100000, 0x0000000082200000|  0%| F|  |TAMS 0x0000000082100000, 0x0000000082100000| Untracked 
|  18|0x0000000082200000, 0x0000000082200000, 0x0000000082300000|  0%| F|  |TAMS 0x0000000082200000, 0x0000000082200000| Untracked 
|  19|0x0000000082300000, 0x0000000082300000, 0x0000000082400000|  0%| F|  |TAMS 0x0000000082300000, 0x0000000082300000| Untracked 
|  20|0x0000000082400000, 0x0000000082400000, 0x0000000082500000|  0%| F|  |TAMS 0x0000000082400000, 0x0000000082400000| Untracked 
|  21|0x0000000082500000, 0x0000000082500000, 0x0000000082600000|  0%| F|  |TAMS 0x0000000082500000, 0x0000000082500000| Untracked 
|  22|0x0000000082600000, 0x0000000082600000, 0x0000000082700000|  0%| F|  |TAMS 0x0000000082600000, 0x0000000082600000| Untracked 
|  23|0x0000000082700000, 0x0000000082700000, 0x0000000082800000|  0%| F|  |TAMS 0x0000000082700000, 0x0000000082700000| Untracked 
|  24|0x0000000082800000, 0x0000000082800000, 0x0000000082900000|  0%| F|  |TAMS 0x0000000082800000, 0x0000000082800000| Untracked 
|  25|0x0000000082900000, 0x0000000082900000, 0x0000000082a00000|  0%| F|  |TAMS 0x0000000082900000, 0x0000000082900000| Untracked 
|  26|0x0000000082a00000, 0x0000000082a00000, 0x0000000082b00000|  0%| F|  |TAMS 0x0000000082a00000, 0x0000000082a00000| Untracked 
|  27|0x0000000082b00000, 0x0000000082b00000, 0x0000000082c00000|  0%| F|  |TAMS 0x0000000082b00000, 0x0000000082b00000| Untracked 
|  28|0x0000000082c00000, 0x0000000082c00000, 0x0000000082d00000|  0%| F|  |TAMS 0x0000000082c00000, 0x0000000082c00000| Untracked 
|  29|0x0000000082d00000, 0x0000000082d00000, 0x0000000082e00000|  0%| F|  |TAMS 0x0000000082d00000, 0x0000000082d00000| Untracked 
|  30|0x0000000082e00000, 0x0000000082e00000, 0x0000000082f00000|  0%| F|  |TAMS 0x0000000082e00000, 0x0000000082e00000| Untracked 
|  31|0x0000000082f00000, 0x0000000082f00000, 0x0000000083000000|  0%| F|  |TAMS 0x0000000082f00000, 0x0000000082f00000| Untracked 
|  32|0x0000000083000000, 0x0000000083000000, 0x0000000083100000|  0%| F|  |TAMS 0x0000000083000000, 0x0000000083000000| Untracked 
|  33|0x0000000083100000, 0x0000000083100000, 0x0000000083200000|  0%| F|  |TAMS 0x0000000083100000, 0x0000000083100000| Untracked 
|  34|0x0000000083200000, 0x0000000083200000, 0x0000000083300000|  0%| F|  |TAMS 0x0000000083200000, 0x0000000083200000| Untracked 
|  35|0x0000000083300000, 0x0000000083300000, 0x0000000083400000|  0%| F|  |TAMS 0x0000000083300000, 0x0000000083300000| Untracked 
|  36|0x0000000083400000, 0x0000000083400000, 0x0000000083500000|  0%| F|  |TAMS 0x0000000083400000, 0x0000000083400000| Untracked 
|  37|0x0000000083500000, 0x0000000083500000, 0x0000000083600000|  0%| F|  |TAMS 0x0000000083500000, 0x0000000083500000| Untracked 
|  38|0x0000000083600000, 0x0000000083600000, 0x0000000083700000|  0%| F|  |TAMS 0x0000000083600000, 0x0000000083600000| Untracked 
|  39|0x0000000083700000, 0x0000000083700000, 0x0000000083800000|  0%| F|  |TAMS 0x0000000083700000, 0x0000000083700000| Untracked 
|  40|0x0000000083800000, 0x0000000083800000, 0x0000000083900000|  0%| F|  |TAMS 0x0000000083800000, 0x0000000083800000| Untracked 
|  41|0x0000000083900000, 0x0000000083900000, 0x0000000083a00000|  0%| F|  |TAMS 0x0000000083900000, 0x0000000083900000| Untracked 
|  42|0x0000000083a00000, 0x0000000083a00000, 0x0000000083b00000|  0%| F|  |TAMS 0x0000000083a00000, 0x0000000083a00000| Untracked 
|  43|0x0000000083b00000, 0x0000000083b00000, 0x0000000083c00000|  0%| F|  |TAMS 0x0000000083b00000, 0x0000000083b00000| Untracked 
|  44|0x0000000083c00000, 0x0000000083c00000, 0x0000000083d00000|  0%| F|  |TAMS 0x0000000083c00000, 0x0000000083c00000| Untracked 
|  45|0x0000000083d00000, 0x0000000083d00000, 0x0000000083e00000|  0%| F|  |TAMS 0x0000000083d00000, 0x0000000083d00000| Untracked 
|  46|0x0000000083e00000, 0x0000000083e00000, 0x0000000083f00000|  0%| F|  |TAMS 0x0000000083e00000, 0x0000000083e00000| Untracked 
|  47|0x0000000083f00000, 0x0000000083f00000, 0x0000000084000000|  0%| F|  |TAMS 0x0000000083f00000, 0x0000000083f00000| Untracked 
|  48|0x0000000084000000, 0x0000000084000000, 0x0000000084100000|  0%| F|  |TAMS 0x0000000084000000, 0x0000000084000000| Untracked 
|  49|0x0000000084100000, 0x0000000084100000, 0x0000000084200000|  0%| F|  |TAMS 0x0000000084100000, 0x0000000084100000| Untracked 
|  50|0x0000000084200000, 0x0000000084200000, 0x0000000084300000|  0%| F|  |TAMS 0x0000000084200000, 0x0000000084200000| Untracked 
|  51|0x0000000084300000, 0x0000000084300000, 0x0000000084400000|  0%| F|  |TAMS 0x0000000084300000, 0x0000000084300000| Untracked 
|  52|0x0000000084400000, 0x0000000084400000, 0x0000000084500000|  0%| F|  |TAMS 0x0000000084400000, 0x0000000084400000| Untracked 
|  53|0x0000000084500000, 0x0000000084500000, 0x0000000084600000|  0%| F|  |TAMS 0x0000000084500000, 0x0000000084500000| Untracked 
|  54|0x0000000084600000, 0x0000000084600000, 0x0000000084700000|  0%| F|  |TAMS 0x0000000084600000, 0x0000000084600000| Untracked 
|  55|0x0000000084700000, 0x0000000084700000, 0x0000000084800000|  0%| F|  |TAMS 0x0000000084700000, 0x0000000084700000| Untracked 
|  56|0x0000000084800000, 0x0000000084800000, 0x0000000084900000|  0%| F|  |TAMS 0x0000000084800000, 0x0000000084800000| Untracked 
|  57|0x0000000084900000, 0x0000000084900000, 0x0000000084a00000|  0%| F|  |TAMS 0x0000000084900000, 0x0000000084900000| Untracked 
|  58|0x0000000084a00000, 0x0000000084a00000, 0x0000000084b00000|  0%| F|  |TAMS 0x0000000084a00000, 0x0000000084a00000| Untracked 
|  59|0x0000000084b00000, 0x0000000084b00000, 0x0000000084c00000|  0%| F|  |TAMS 0x0000000084b00000, 0x0000000084b00000| Untracked 
|  60|0x0000000084c00000, 0x0000000084c00000, 0x0000000084d00000|  0%| F|  |TAMS 0x0000000084c00000, 0x0000000084c00000| Untracked 
|  61|0x0000000084d00000, 0x0000000084d00000, 0x0000000084e00000|  0%| F|  |TAMS 0x0000000084d00000, 0x0000000084d00000| Untracked 
|  62|0x0000000084e00000, 0x0000000084e00000, 0x0000000084f00000|  0%| F|  |TAMS 0x0000000084e00000, 0x0000000084e00000| Untracked 
|  63|0x0000000084f00000, 0x0000000084f00000, 0x0000000085000000|  0%| F|  |TAMS 0x0000000084f00000, 0x0000000084f00000| Untracked 
|  64|0x0000000085000000, 0x0000000085000000, 0x0000000085100000|  0%| F|  |TAMS 0x0000000085000000, 0x0000000085000000| Untracked 
|  65|0x0000000085100000, 0x0000000085100000, 0x0000000085200000|  0%| F|  |TAMS 0x0000000085100000, 0x0000000085100000| Untracked 
|  66|0x0000000085200000, 0x0000000085200000, 0x0000000085300000|  0%| F|  |TAMS 0x0000000085200000, 0x0000000085200000| Untracked 
|  67|0x0000000085300000, 0x0000000085300000, 0x0000000085400000|  0%| F|  |TAMS 0x0000000085300000, 0x0000000085300000| Untracked 
|  68|0x0000000085400000, 0x0000000085400000, 0x0000000085500000|  0%| F|  |TAMS 0x0000000085400000, 0x0000000085400000| Untracked 
|  69|0x0000000085500000, 0x0000000085500000, 0x0000000085600000|  0%| F|  |TAMS 0x0000000085500000, 0x0000000085500000| Untracked 
|  70|0x0000000085600000, 0x0000000085600000, 0x0000000085700000|  0%| F|  |TAMS 0x0000000085600000, 0x0000000085600000| Untracked 
|  71|0x0000000085700000, 0x0000000085700000, 0x0000000085800000|  0%| F|  |TAMS 0x0000000085700000, 0x0000000085700000| Untracked 
|  72|0x0000000085800000, 0x0000000085800000, 0x0000000085900000|  0%| F|  |TAMS 0x0000000085800000, 0x0000000085800000| Untracked 
|  73|0x0000000085900000, 0x0000000085900000, 0x0000000085a00000|  0%| F|  |TAMS 0x0000000085900000, 0x0000000085900000| Untracked 
|  74|0x0000000085a00000, 0x0000000085a00000, 0x0000000085b00000|  0%| F|  |TAMS 0x0000000085a00000, 0x0000000085a00000| Untracked 
|  75|0x0000000085b00000, 0x0000000085b00000, 0x0000000085c00000|  0%| F|  |TAMS 0x0000000085b00000, 0x0000000085b00000| Untracked 
|  76|0x0000000085c00000, 0x0000000085c00000, 0x0000000085d00000|  0%| F|  |TAMS 0x0000000085c00000, 0x0000000085c00000| Untracked 
|  77|0x0000000085d00000, 0x0000000085d00000, 0x0000000085e00000|  0%| F|  |TAMS 0x0000000085d00000, 0x0000000085d00000| Untracked 
|  78|0x0000000085e00000, 0x0000000085e00000, 0x0000000085f00000|  0%| F|  |TAMS 0x0000000085e00000, 0x0000000085e00000| Untracked 
|  79|0x0000000085f00000, 0x0000000085f00000, 0x0000000086000000|  0%| F|  |TAMS 0x0000000085f00000, 0x0000000085f00000| Untracked 
|  80|0x0000000086000000, 0x0000000086000000, 0x0000000086100000|  0%| F|  |TAMS 0x0000000086000000, 0x0000000086000000| Untracked 
|  81|0x0000000086100000, 0x0000000086100000, 0x0000000086200000|  0%| F|  |TAMS 0x0000000086100000, 0x0000000086100000| Untracked 
|  82|0x0000000086200000, 0x0000000086200000, 0x0000000086300000|  0%| F|  |TAMS 0x0000000086200000, 0x0000000086200000| Untracked 
|  83|0x0000000086300000, 0x0000000086300000, 0x0000000086400000|  0%| F|  |TAMS 0x0000000086300000, 0x0000000086300000| Untracked 
|  84|0x0000000086400000, 0x0000000086400000, 0x0000000086500000|  0%| F|  |TAMS 0x0000000086400000, 0x0000000086400000| Untracked 
|  85|0x0000000086500000, 0x0000000086500000, 0x0000000086600000|  0%| F|  |TAMS 0x0000000086500000, 0x0000000086500000| Untracked 
|  86|0x0000000086600000, 0x0000000086600000, 0x0000000086700000|  0%| F|  |TAMS 0x0000000086600000, 0x0000000086600000| Untracked 
|  87|0x0000000086700000, 0x0000000086700000, 0x0000000086800000|  0%| F|  |TAMS 0x0000000086700000, 0x0000000086700000| Untracked 
|  88|0x0000000086800000, 0x0000000086800000, 0x0000000086900000|  0%| F|  |TAMS 0x0000000086800000, 0x0000000086800000| Untracked 
|  89|0x0000000086900000, 0x0000000086900000, 0x0000000086a00000|  0%| F|  |TAMS 0x0000000086900000, 0x0000000086900000| Untracked 
|  90|0x0000000086a00000, 0x0000000086a00000, 0x0000000086b00000|  0%| F|  |TAMS 0x0000000086a00000, 0x0000000086a00000| Untracked 
|  91|0x0000000086b00000, 0x0000000086b00000, 0x0000000086c00000|  0%| F|  |TAMS 0x0000000086b00000, 0x0000000086b00000| Untracked 
|  92|0x0000000086c00000, 0x0000000086c00000, 0x0000000086d00000|  0%| F|  |TAMS 0x0000000086c00000, 0x0000000086c00000| Untracked 
|  93|0x0000000086d00000, 0x0000000086d00000, 0x0000000086e00000|  0%| F|  |TAMS 0x0000000086d00000, 0x0000000086d00000| Untracked 
|  94|0x0000000086e00000, 0x0000000086e00000, 0x0000000086f00000|  0%| F|  |TAMS 0x0000000086e00000, 0x0000000086e00000| Untracked 
|  95|0x0000000086f00000, 0x0000000086f00000, 0x0000000087000000|  0%| F|  |TAMS 0x0000000086f00000, 0x0000000086f00000| Untracked 
|  96|0x0000000087000000, 0x0000000087000000, 0x0000000087100000|  0%| F|  |TAMS 0x0000000087000000, 0x0000000087000000| Untracked 
|  97|0x0000000087100000, 0x0000000087100000, 0x0000000087200000|  0%| F|  |TAMS 0x0000000087100000, 0x0000000087100000| Untracked 
|  98|0x0000000087200000, 0x0000000087200000, 0x0000000087300000|  0%| F|  |TAMS 0x0000000087200000, 0x0000000087200000| Untracked 
|  99|0x0000000087300000, 0x0000000087300000, 0x0000000087400000|  0%| F|  |TAMS 0x0000000087300000, 0x0000000087300000| Untracked 
| 100|0x0000000087400000, 0x0000000087400000, 0x0000000087500000|  0%| F|  |TAMS 0x0000000087400000, 0x0000000087400000| Untracked 
| 101|0x0000000087500000, 0x0000000087600000, 0x0000000087600000|100%| S|CS|TAMS 0x0000000087500000, 0x0000000087500000| Complete 
| 102|0x0000000087600000, 0x0000000087700000, 0x0000000087700000|100%| S|CS|TAMS 0x0000000087600000, 0x0000000087600000| Complete 
| 103|0x0000000087700000, 0x0000000087800000, 0x0000000087800000|100%| S|CS|TAMS 0x0000000087700000, 0x0000000087700000| Complete 
| 104|0x0000000087800000, 0x0000000087800000, 0x0000000087900000|  0%| F|  |TAMS 0x0000000087800000, 0x0000000087800000| Untracked 
| 105|0x0000000087900000, 0x0000000087900000, 0x0000000087a00000|  0%| F|  |TAMS 0x0000000087900000, 0x0000000087900000| Untracked 
| 106|0x0000000087a00000, 0x0000000087a00000, 0x0000000087b00000|  0%| F|  |TAMS 0x0000000087a00000, 0x0000000087a00000| Untracked 
| 107|0x0000000087b00000, 0x0000000087b00000, 0x0000000087c00000|  0%| F|  |TAMS 0x0000000087b00000, 0x0000000087b00000| Untracked 
| 108|0x0000000087c00000, 0x0000000087c00000, 0x0000000087d00000|  0%| F|  |TAMS 0x0000000087c00000, 0x0000000087c00000| Untracked 
| 109|0x0000000087d00000, 0x0000000087d00000, 0x0000000087e00000|  0%| F|  |TAMS 0x0000000087d00000, 0x0000000087d00000| Untracked 
| 110|0x0000000087e00000, 0x0000000087e00000, 0x0000000087f00000|  0%| F|  |TAMS 0x0000000087e00000, 0x0000000087e00000| Untracked 
| 111|0x0000000087f00000, 0x0000000087f00000, 0x0000000088000000|  0%| F|  |TAMS 0x0000000087f00000, 0x0000000087f00000| Untracked 
| 112|0x0000000088000000, 0x0000000088000000, 0x0000000088100000|  0%| F|  |TAMS 0x0000000088000000, 0x0000000088000000| Untracked 
| 113|0x0000000088100000, 0x0000000088100000, 0x0000000088200000|  0%| F|  |TAMS 0x0000000088100000, 0x0000000088100000| Untracked 
| 114|0x0000000088200000, 0x0000000088283040, 0x0000000088300000| 51%| E|  |TAMS 0x0000000088200000, 0x0000000088200000| Complete 
| 115|0x0000000088300000, 0x0000000088400000, 0x0000000088400000|100%| E|CS|TAMS 0x0000000088300000, 0x0000000088300000| Complete 
| 116|0x0000000088400000, 0x0000000088500000, 0x0000000088500000|100%| E|CS|TAMS 0x0000000088400000, 0x0000000088400000| Complete 
| 117|0x0000000088500000, 0x0000000088600000, 0x0000000088600000|100%| E|CS|TAMS 0x0000000088500000, 0x0000000088500000| Complete 
| 118|0x0000000088600000, 0x0000000088700000, 0x0000000088700000|100%| E|CS|TAMS 0x0000000088600000, 0x0000000088600000| Complete 
| 119|0x0000000088700000, 0x0000000088800000, 0x0000000088800000|100%| E|CS|TAMS 0x0000000088700000, 0x0000000088700000| Complete 
| 120|0x0000000088800000, 0x0000000088900000, 0x0000000088900000|100%| E|CS|TAMS 0x0000000088800000, 0x0000000088800000| Complete 
| 121|0x0000000088900000, 0x0000000088a00000, 0x0000000088a00000|100%| E|CS|TAMS 0x0000000088900000, 0x0000000088900000| Complete 
| 122|0x0000000088a00000, 0x0000000088b00000, 0x0000000088b00000|100%| E|CS|TAMS 0x0000000088a00000, 0x0000000088a00000| Complete 
| 123|0x0000000088b00000, 0x0000000088c00000, 0x0000000088c00000|100%| E|CS|TAMS 0x0000000088b00000, 0x0000000088b00000| Complete 
| 124|0x0000000088c00000, 0x0000000088d00000, 0x0000000088d00000|100%| E|CS|TAMS 0x0000000088c00000, 0x0000000088c00000| Complete 
| 125|0x0000000088d00000, 0x0000000088e00000, 0x0000000088e00000|100%| E|CS|TAMS 0x0000000088d00000, 0x0000000088d00000| Complete 
| 126|0x0000000088e00000, 0x0000000088f00000, 0x0000000088f00000|100%| E|CS|TAMS 0x0000000088e00000, 0x0000000088e00000| Complete 
| 127|0x0000000088f00000, 0x0000000089000000, 0x0000000089000000|100%| E|CS|TAMS 0x0000000088f00000, 0x0000000088f00000| Complete 

Card table byte_map: [0x000002f6ea2d0000,0x000002f6ea6d0000] _byte_map_base: 0x000002f6e9ec8000

Marking Bits (Prev, Next): (CMBitMap*) 0x000002f6d2655698, (CMBitMap*) 0x000002f6d26556d0
 Prev Bits: [0x000002f6eaad0000, 0x000002f6eca90000)
 Next Bits: [0x000002f6eca90000, 0x000002f6eea50000)

Polling page: 0x000002f6d0450000

Metaspace:

Usage:
  Non-class:     10.47 MB capacity,    10.28 MB ( 98%) used,   182.40 KB (  2%) free+waste,    14.63 KB ( <1%) overhead. 
      Class:      1.24 MB capacity,     1.16 MB ( 94%) used,    71.83 KB (  6%) free+waste,     6.44 KB ( <1%) overhead. 
       Both:     11.71 MB capacity,    11.45 MB ( 98%) used,   254.23 KB (  2%) free+waste,    21.06 KB ( <1%) overhead. 

Virtual space:
  Non-class space:       12.00 MB reserved,      10.50 MB ( 88%) committed 
      Class space:        1.00 GB reserved,       1.25 MB ( <1%) committed 
             Both:        1.01 GB reserved,      11.75 MB (  1%) committed 

Chunk freelists:
   Non-Class:  3.38 KB
       Class:  1.25 KB
        Both:  4.63 KB

CodeHeap 'non-profiled nmethods': size=120000Kb used=429Kb max_used=429Kb free=119570Kb
 bounds [0x000002f6e2450000, 0x000002f6e26c0000, 0x000002f6e9980000]
CodeHeap 'profiled nmethods': size=120000Kb used=1647Kb max_used=1647Kb free=118352Kb
 bounds [0x000002f6daf20000, 0x000002f6db190000, 0x000002f6e2450000]
CodeHeap 'non-nmethods': size=5760Kb used=1077Kb max_used=1103Kb free=4682Kb
 bounds [0x000002f6da980000, 0x000002f6dabf0000, 0x000002f6daf20000]
 total_blobs=1576 nmethods=911 adapters=288
 compilation: enabled
              stopped_count=0, restarted_count=0
 full_count=0

Compilation events (10 events):
Event: 0.944 Thread 0x000002f6f1f72000  873       3       java.util.Locale::getLanguage (8 bytes)
Event: 0.944 Thread 0x000002f6f1f72000 nmethod 873 0x000002f6db0a9c90 code [0x000002f6db0a9e40, 0x000002f6db0a9fb8]
Event: 0.944 Thread 0x000002f6f22c6800  874       4       java.io.File::exists (43 bytes)
Event: 0.944 Thread 0x000002f6f222b800  875       4       java.io.WinNTFileSystem::resolve (275 bytes)
Event: 0.950 Thread 0x000002f6f1f6d000 nmethod 777 0x000002f6e24af890 code [0x000002f6e24afd00, 0x000002f6e24b4570]
Event: 0.951 Thread 0x000002f6f1f6d000  876       4       java.io.File::<init> (113 bytes)
Event: 0.951 Thread 0x000002f6f22c6800 nmethod 874 0x000002f6e24b7010 code [0x000002f6e24b71c0, 0x000002f6e24b7548]
Event: 0.955 Thread 0x000002f6f1f72000  877   !   3       java.util.zip.Inflater::reset (64 bytes)
Event: 0.955 Thread 0x000002f6f1f72000 nmethod 877 0x000002f6db0aa090 code [0x000002f6db0aa280, 0x000002f6db0aa700]
Event: 0.962 Thread 0x000002f6f222b800 nmethod 875 0x000002f6e24b7c10 code [0x000002f6e24b7e20, 0x000002f6e24b8ae8]

GC Heap History (2 events):
Event: 0.768 GC heap before
{Heap before GC invocations=0 (full 0):
 garbage-first heap   total 131072K, used 23552K [0x0000000081000000, 0x0000000100000000)
  region size 1024K, 24 young (24576K), 0 survivors (0K)
 Metaspace       used 10566K, capacity 10761K, committed 10880K, reserved 1058816K
  class space    used 1044K, capacity 1112K, committed 1152K, reserved 1048576K
}
Event: 0.772 GC heap after
{Heap after GC invocations=1 (full 0):
 garbage-first heap   total 131072K, used 4626K [0x0000000081000000, 0x0000000100000000)
  region size 1024K, 3 young (3072K), 3 survivors (3072K)
 Metaspace       used 10566K, capacity 10761K, committed 10880K, reserved 1058816K
  class space    used 1044K, capacity 1112K, committed 1152K, reserved 1048576K
}

Deoptimization events (10 events):
Event: 0.324 Thread 0x000002f6d2614000 Uncommon trap: reason=unstable_if action=reinterpret pc=0x000002f6e245f698 method=java.util.HashMap.putVal(ILjava/lang/Object;Ljava/lang/Object;ZZ)Ljava/lang/Object; @ 181 c2
Event: 0.609 Thread 0x000002f6d2614000 Uncommon trap: reason=null_check action=make_not_entrant pc=0x000002f6e2488e60 method=jdk.internal.loader.URLClassPath.getLoader(I)Ljdk/internal/loader/URLClassPath$Loader; @ 36 c2
Event: 0.628 Thread 0x000002f6d2614000 Uncommon trap: reason=unstable_if action=reinterpret pc=0x000002f6e24804d0 method=java.io.WinNTFileSystem.normalize(Ljava/lang/String;)Ljava/lang/String; @ 40 c2
Event: 0.628 Thread 0x000002f6d2614000 Uncommon trap: reason=unstable_if action=reinterpret pc=0x000002f6e2466b00 method=java.io.WinNTFileSystem.isSlash(C)Z @ 9 c2
Event: 0.629 Thread 0x000002f6d2614000 Uncommon trap: reason=bimorphic_or_optimized_type_check action=maybe_recompile pc=0x000002f6e247fc64 method=java.util.HashMap.getNode(ILjava/lang/Object;)Ljava/util/HashMap$Node; @ 126 c2
Event: 0.664 Thread 0x000002f6d2614000 Uncommon trap: reason=bimorphic_or_optimized_type_check action=maybe_recompile pc=0x000002f6e247fc64 method=java.util.HashMap.getNode(ILjava/lang/Object;)Ljava/util/HashMap$Node; @ 126 c2
Event: 0.694 Thread 0x000002f6d2614000 Uncommon trap: reason=bimorphic_or_optimized_type_check action=maybe_recompile pc=0x000002f6e247fbe8 method=java.util.HashMap.getNode(ILjava/lang/Object;)Ljava/util/HashMap$Node; @ 59 c2
Event: 0.708 Thread 0x000002f6d2614000 Uncommon trap: reason=unloaded action=reinterpret pc=0x000002f6e248dc98 method=jdk.internal.loader.URLClassPath$JarLoader.ensureOpen()V @ 26 c2
Event: 0.850 Thread 0x000002f6d2614000 Uncommon trap: reason=bimorphic_or_optimized_type_check action=maybe_recompile pc=0x000002f6e247be10 method=java.util.HashMap.getNode(ILjava/lang/Object;)Ljava/util/HashMap$Node; @ 59 c2
Event: 0.869 Thread 0x000002f6d2614000 Uncommon trap: reason=bimorphic_or_optimized_type_check action=maybe_recompile pc=0x000002f6e247fbe8 method=java.util.HashMap.getNode(ILjava/lang/Object;)Ljava/util/HashMap$Node; @ 59 c2

Classes redefined (0 events):
No events

Internal exceptions (10 events):
Event: 0.271 Thread 0x000002f6d2614000 Exception <a 'java/io/FileNotFoundException'{0x0000000088bc45e8}> (0x0000000088bc45e8) thrown at [t:/workspace/open/src/hotspot/share/prims/jni.cpp, line 615]
Event: 0.285 Thread 0x000002f6d2614000 Exception <a 'java/lang/NoSuchMethodError'{0x0000000088a6d3b8}: java.lang.invoke.DirectMethodHandle$Holder.invokeSpecialIFC(Ljava/lang/Object;Ljava/lang/Object;I)I> (0x0000000088a6d3b8) thrown at [t:/workspace/open/src/hotspot/share/interpreter/linkResolv
Event: 0.609 Thread 0x000002f6d2614000 Implicit null exception at 0x000002f6e2487c2b to 0x000002f6e2488e56
Event: 0.708 Thread 0x000002f6d2614000 Exception <a 'java/security/PrivilegedActionException'{0x0000000087ac1dd0}> (0x0000000087ac1dd0) thrown at [t:/workspace/open/src/hotspot/share/prims/jvm.cpp, line 1296]
Event: 0.708 Thread 0x000002f6d2614000 Exception <a 'java/security/PrivilegedActionException'{0x0000000087ac2348}> (0x0000000087ac2348) thrown at [t:/workspace/open/src/hotspot/share/prims/jvm.cpp, line 1296]
Event: 0.711 Thread 0x000002f6d2614000 Exception <a 'java/security/PrivilegedActionException'{0x0000000087ad1070}> (0x0000000087ad1070) thrown at [t:/workspace/open/src/hotspot/share/prims/jvm.cpp, line 1296]
Event: 0.711 Thread 0x000002f6d2614000 Exception <a 'java/security/PrivilegedActionException'{0x0000000087ad15e8}> (0x0000000087ad15e8) thrown at [t:/workspace/open/src/hotspot/share/prims/jvm.cpp, line 1296]
Event: 0.712 Thread 0x000002f6d2614000 Exception <a 'java/security/PrivilegedActionException'{0x0000000087adcd68}> (0x0000000087adcd68) thrown at [t:/workspace/open/src/hotspot/share/prims/jvm.cpp, line 1296]
Event: 0.712 Thread 0x000002f6d2614000 Exception <a 'java/security/PrivilegedActionException'{0x0000000087add2e0}> (0x0000000087add2e0) thrown at [t:/workspace/open/src/hotspot/share/prims/jvm.cpp, line 1296]
Event: 0.802 Thread 0x000002f6d2614000 Exception <a 'java/lang/NoSuchMethodError'{0x0000000088fdaf70}: java.lang.invoke.DirectMethodHandle$Holder.invokeStaticInit(Ljava/lang/Object;Ljava/lang/Object;Ljava/lang/Object;)Ljava/lang/Object;> (0x0000000088fdaf70) thrown at [t:/workspace/open/src/ho

Events (10 events):
Event: 0.959 loading class org/apache/logging/log4j/core/pattern/ArrayPatternConverter
Event: 0.959 loading class org/apache/logging/log4j/core/pattern/ArrayPatternConverter done
Event: 0.959 loading class org/apache/logging/log4j/core/pattern/ExtendedThrowablePatternConverter
Event: 0.959 loading class org/apache/logging/log4j/core/pattern/ExtendedThrowablePatternConverter done
Event: 0.960 loading class org/apache/logging/log4j/core/pattern/ThrowablePatternConverter
Event: 0.960 loading class org/apache/logging/log4j/core/pattern/ThrowablePatternConverter done
Event: 0.962 loading class org/apache/logging/log4j/core/config/plugins/util/PluginRegistry
Event: 0.962 loading class org/apache/logging/log4j/core/config/plugins/util/PluginRegistry done
Event: 0.964 loading class org/apache/logging/log4j/core/config/plugins/util/ResolverUtil$Test
Event: 0.964 loading class org/apache/logging/log4j/core/config/plugins/util/ResolverUtil$Test done


Dynamic libraries:
0x00007ff6483f0000 - 0x00007ff648437000 	D:\Program Files\jdk11\bin\java.exe
0x00007fff753b0000 - 0x00007fff755a4000 	C:\windows\SYSTEM32\ntdll.dll
0x00007fff73410000 - 0x00007fff734cd000 	C:\windows\System32\KERNEL32.DLL
0x00007fff73140000 - 0x00007fff73407000 	C:\windows\System32\KERNELBASE.dll
0x00007fff74b60000 - 0x00007fff74c0a000 	C:\windows\System32\ADVAPI32.dll
0x00007fff73530000 - 0x00007fff735ce000 	C:\windows\System32\msvcrt.dll
0x00007fff73ec0000 - 0x00007fff73f5b000 	C:\windows\System32\sechost.dll
0x00007fff73720000 - 0x00007fff73843000 	C:\windows\System32\RPCRT4.dll
0x00007fff74e10000 - 0x00007fff74fb0000 	C:\windows\System32\USER32.dll
0x00007fff73060000 - 0x00007fff73082000 	C:\windows\System32\win32u.dll
0x00007fff738c0000 - 0x00007fff738ea000 	C:\windows\System32\GDI32.dll
0x00007fff72da0000 - 0x00007fff72eaa000 	C:\windows\System32\gdi32full.dll
0x00007fff72bf0000 - 0x00007fff72c8d000 	C:\windows\System32\msvcp_win.dll
0x00007fff72af0000 - 0x00007fff72bf0000 	C:\windows\System32\ucrtbase.dll
0x00007fff5bc70000 - 0x00007fff5bf0a000 	C:\windows\WinSxS\amd64_microsoft.windows.common-controls_6595b64144ccf1df_6.0.19041.1_none_b555e41d4684ddec\COMCTL32.dll
0x00007fff6c900000 - 0x00007fff6c90a000 	C:\windows\SYSTEM32\VERSION.dll
0x00007fff73900000 - 0x00007fff73930000 	C:\windows\System32\IMM32.DLL
0x00007fff6e770000 - 0x00007fff6e786000 	D:\Program Files\jdk11\bin\vcruntime140.dll
0x00007fff67d60000 - 0x00007fff67e0a000 	D:\Program Files\jdk11\bin\msvcp140.dll
0x00007fff226c0000 - 0x00007fff231e8000 	D:\Program Files\jdk11\bin\server\jvm.dll
0x00007fff739e0000 - 0x00007fff739e8000 	C:\windows\System32\PSAPI.DLL
0x00007fff67c30000 - 0x00007fff67c39000 	C:\windows\SYSTEM32\WSOCK32.dll
0x00007fff67770000 - 0x00007fff67797000 	C:\windows\SYSTEM32\WINMM.dll
0x00007fff73850000 - 0x00007fff738bb000 	C:\windows\System32\WS2_32.dll
0x00007fff70aa0000 - 0x00007fff70ab3000 	C:\windows\SYSTEM32\kernel.appcore.dll
0x00007fff6e750000 - 0x00007fff6e761000 	D:\Program Files\jdk11\bin\verify.dll
0x00007fff60fe0000 - 0x00007fff611c4000 	C:\windows\SYSTEM32\DBGHELP.DLL
0x00007fff65720000 - 0x00007fff6574c000 	C:\windows\SYSTEM32\dbgcore.DLL
0x00007fff72d20000 - 0x00007fff72d9f000 	C:\windows\System32\bcryptPrimitives.dll
0x00007fff6a230000 - 0x00007fff6a259000 	D:\Program Files\jdk11\bin\java.dll
0x00007fff6e6c0000 - 0x00007fff6e6ef000 	D:\Program Files\jdk11\bin\instrument.dll
0x00007fff6e730000 - 0x00007fff6e746000 	D:\Program Files\jdk11\bin\zip.dll
0x00007fff70460000 - 0x00007fff7046a000 	D:\Program Files\jdk11\bin\jimage.dll
0x00007fff73ff0000 - 0x00007fff74721000 	C:\windows\System32\SHELL32.dll
0x00007fff70ca0000 - 0x00007fff7142a000 	C:\windows\SYSTEM32\windows.storage.dll
0x00007fff75010000 - 0x00007fff75364000 	C:\windows\System32\combase.dll
0x00007fff72570000 - 0x00007fff7259b000 	C:\windows\SYSTEM32\Wldp.dll
0x00007fff73930000 - 0x00007fff739de000 	C:\windows\System32\SHCORE.dll
0x00007fff739f0000 - 0x00007fff73a45000 	C:\windows\System32\shlwapi.dll
0x00007fff72a30000 - 0x00007fff72a4f000 	C:\windows\SYSTEM32\profapi.dll
0x00007fff6e680000 - 0x00007fff6e699000 	D:\Program Files\jdk11\bin\net.dll
0x00007fff6daf0000 - 0x00007fff6dbf2000 	C:\windows\SYSTEM32\WINHTTP.dll
0x00007fff722f0000 - 0x00007fff7235a000 	C:\windows\system32\mswsock.dll
0x00007fff6e1a0000 - 0x00007fff6e1b3000 	D:\Program Files\jdk11\bin\nio.dll
0x00007fff6dc30000 - 0x00007fff6dc4a000 	D:\Program Files\idea2021\bin\breakgen64.dll
0x00007fff6e6f0000 - 0x00007fff6e6f9000 	D:\Program Files\jdk11\bin\management.dll
0x00007fff6e610000 - 0x00007fff6e61c000 	D:\Program Files\jdk11\bin\management_ext.dll

dbghelp: loaded successfully - version: 4.0.5 - missing functions: none
symbol engine: initialized successfully - sym options: 0x614 - pdb path: .;D:\Program Files\jdk11\bin;C:\windows\SYSTEM32;C:\windows\WinSxS\amd64_microsoft.windows.common-controls_6595b64144ccf1df_6.0.19041.1_none_b555e41d4684ddec;D:\Program Files\jdk11\bin\server;D:\Program Files\idea2021\bin

VM Arguments:
jvm_args: -ea -Didea.test.cyclic.buffer.size=1048576 -javaagent:D:\Program Files\idea2021\lib\idea_rt.jar=59563:D:\Program Files\idea2021\bin -Dfile.encoding=UTF-8 
java_command: com.intellij.rt.junit.JUnitStarter -ideVersion5 -junit4 com.spring.extension.earlyBean.TestAop,testAopAd
java_class_path (initial): D:\Program Files\idea2021\lib\idea_rt.jar;D:\Program Files\idea2021\plugins\junit\lib\junit5-rt.jar;D:\Program Files\idea2021\plugins\junit\lib\junit-rt.jar;E:\work\code\spring-framework\spring-shadow\out\test\classes;E:\work\code\spring-framework\spring-core\build\libs\spring-cglib-repack-3.3.0.jar;E:\work\code\spring-framework\spring-core\build\libs\spring-objenesis-repack-3.1.jar;E:\work\code\spring-framework\spring-context\out\production\classes;E:\work\code\spring-framework\spring-context\out\production\resources;E:\work\code\spring-framework\spring-jdbc\out\production\classes;E:\work\code\spring-framework\spring-jdbc\out\production\resources;D:\gradleConfig\caches\modules-2\files-2.1\org.aspectj\aspectjweaver\1.9.6\ee3b73aa16df35179255f17354d9dfd8e7822835\aspectjweaver-1.9.6.jar;D:\gradleConfig\caches\modules-2\files-2.1\javax.inject\javax.inject\1\6975da39a7040257bd51d21a231b76c915872d38\javax.inject-1.jar;D:\gradleConfig\caches\modules-2\files-2.1\javax.annotation\javax.annotation-api\1.3.2\934c04d3cfef185a8008e7bf34331b79730a9d43\javax.annotation-api-1.3.2.jar;D:\gradleConfig\caches\modules-2\files-2.1\ch.qos.logback\logback-classic\1.1.7\9865cf6994f9ff13fce0bf93f2054ef6c65bb462\logback-classic-1.1.7.jar;D:\gradleConfig\caches\modules-2\files-2.1\org.slf4j\slf4j-api\1.7.21\139535a69a4239db087de9bab0bee568bf8e0b70\slf4j-api-1.7.21.jar;D:\gradleConfig\caches\modules-2\files-2.1\ch.qos.logback\logback-core\1.1.7\7873092d39ef741575ca91378a6a21c388363ac8\logback-core-1.1.7.jar;D:\gradleConfig\caches\modules-2\files-2.1\org.projectlombok\lombok\1.18.12\48e4e5d60309ebd833bc528dcf77668eab3cd72c\lombok-1.18.12.jar;D:\gradleConfig\caches\modules-2\files-2.1\mysql\mysql-connector-java\8.0.23\14d64ac509adccaff444513c12646d93e4ed8be8\mysql-connector-java-8.0.23.jar;D:\gradleConfig\caches\modules-2\files-2.1\org.mybatis\mybatis\3.5.5\1c8974cdec88c9259b6fa21147ea4538216e447\mybatis-3.5.5.jar;D:\gradleConfig\caches\modules-2\files-2.1\org.mybat
Launcher Type: SUN_STANDARD

[Global flags]
     intx CICompilerCount                          = 4                                         {product} {ergonomic}
     uint ConcGCThreads                            = 3                                         {product} {ergonomic}
     uint G1ConcRefinementThreads                  = 10                                        {product} {ergonomic}
   size_t G1HeapRegionSize                         = 1048576                                   {product} {ergonomic}
    uintx GCDrainStackTargetSize                   = 64                                        {product} {ergonomic}
   size_t InitialHeapSize                          = 134217728                                 {product} {ergonomic}
   size_t MarkStackSize                            = 4194304                                   {product} {ergonomic}
   size_t MaxHeapSize                              = 2130706432                                {product} {ergonomic}
   size_t MaxNewSize                               = 1278214144                                {product} {ergonomic}
   size_t MinHeapDeltaBytes                        = 1048576                                   {product} {ergonomic}
    uintx NonNMethodCodeHeapSize                   = 5836300                                {pd product} {ergonomic}
    uintx NonProfiledCodeHeapSize                  = 122910970                              {pd product} {ergonomic}
    uintx ProfiledCodeHeapSize                     = 122910970                              {pd product} {ergonomic}
    uintx ReservedCodeCacheSize                    = 251658240                              {pd product} {ergonomic}
     bool SegmentedCodeCache                       = true                                      {product} {ergonomic}
     bool UseCompressedClassPointers               = true                                 {lp64_product} {ergonomic}
     bool UseCompressedOops                        = true                                 {lp64_product} {ergonomic}
     bool UseG1GC                                  = true                                      {product} {ergonomic}
     bool UseLargePagesIndividualAllocation        = false                                  {pd product} {ergonomic}

Logging:
Log output configuration:
 #0: stdout all=warning uptime,level,tags
 #1: stderr all=off uptime,level,tags

Environment Variables:
JAVA_HOME=D:\Program Files\jdk11
PATH=D:\Program Files (x86)\NetSarang\Xshell 6\;C:\windows\system32;C:\windows;C:\windows\System32\Wbem;C:\windows\System32\WindowsPowerShell\v1.0\;C:\windows\System32\OpenSSH\;D:\Program Files\jdk11\bin;d:\Program Files\Git\cmd;C:\Program Files\MySQL\MySQL Shell 8.0\bin\;C:\Users\Administrator\AppData\Local\Microsoft\WindowsApps;
USERNAME=Administrator
OS=Windows_NT
PROCESSOR_IDENTIFIER=Intel64 Family 6 Model 45 Stepping 7, GenuineIntel



---------------  S Y S T E M  ---------------

OS: Windows 10 , 64 bit Build 19041 (10.0.19041.207)

CPU:total 12 (initial active 12) (6 cores per cpu, 2 threads per core) family 6 model 45 stepping 7, cmov, cx8, fxsr, mmx, sse, sse2, sse3, ssse3, sse4.1, sse4.2, popcnt, avx, aes, clmul, ht, tsc, tscinvbit, tscinv

Memory: 4k page, system-wide physical 8123M (2747M free)
TotalPageFile size 14523M (AvailPageFile size 5M)
current process WorkingSet (physical memory assigned to process): 83M, peak: 85M
current process commit charge ("private bytes"): 229M, peak: 231M

vm_info: Java HotSpot(TM) 64-Bit Server VM (11.0.5+10-LTS) for windows-amd64 JRE (11.0.5+10-LTS), built on Oct  6 2019 12:37:14 by "mach5one" with MS VC++ 15.5 (VS2017)

END.
